./bin/trsm_d_csr_x86_64_test --data-file=Matrix/r_200_200_1961.mtx --typeA=D --diagA=U --layout=R --check
thread_num : 1
ict_sparse_d_trsm_plain called
trsm_plain, csr , diag, fill:0 , layout:0, diag:1, index2:1
ict_sparse_d_trsm_plain elasped time : 0.000009[sec]
mkl_sparse_d_trsm elasped time : 0.000024[sec]

Significant numeric error.
inf-norm = 0.9988560000000000

./bin/trsm_d_csr_x86_64_test --data-file=Matrix/r_200_200_1961.mtx --typeA=D --diagA=N --layout=R --check
thread_num : 1
ict_sparse_d_trsm_plain called
trsm_plain, csr , diag, fill:0 , layout:0, diag:0, index2:0
ict_sparse_d_trsm_plain elasped time : 0.000015[sec]
mkl_sparse_d_trsm elasped time : 0.000087[sec]

correct!!!
inf-norm = 0.0000000000000000

./bin/trsm_d_csr_x86_64_test --data-file=Matrix/r_200_200_1961.mtx --typeA=D --diagA=U --layout=C --check
thread_num : 1
ict_sparse_d_trsm_plain called
trsm_plain, csr , diag, fill:0 , layout:1, diag:1, index2:3
ict_sparse_d_trsm_plain elasped time : 0.000008[sec]
mkl_sparse_d_trsm elasped time : 0.000023[sec]

Significant numeric error.
inf-norm = 0.9988560000000000

./bin/trsm_d_csr_x86_64_test --data-file=Matrix/r_200_200_1961.mtx --typeA=D --diagA=N --layout=C --check
thread_num : 1
ict_sparse_d_trsm_plain called
trsm_plain, csr , diag, fill:0 , layout:1, diag:0, index2:2
diagsm_d_csr_n_col_plain called
diagsm_d_csr_n_col_plain called
diagsm_d_csr_n_col_plain called
diagsm_d_csr_n_col_plain called
diagsm_d_csr_n_col_plain called
diagsm_d_csr_n_col_plain called
diagsm_d_csr_n_col_plain called
diagsm_d_csr_n_col_plain called
diagsm_d_csr_n_col_plain called
diagsm_d_csr_n_col_plain called
diagsm_d_csr_n_col_plain called
ict_sparse_d_trsm_plain elasped time : 0.000015[sec]
mkl_sparse_d_trsm elasped time : 0.000069[sec]

correct!!!
inf-norm = 0.0000000000000284

thread_num : 1
ict_sparse_d_trsm_plain called
trsm_plain, csr , triangular, fill:0 , layout:0, diag:0, index4:0
ict_sparse_d_trsm_plain elasped time : 0.000021[sec]
mkl_sparse_d_trsm elasped time : 0.000116[sec]

Significant numeric error.
inf-norm = 0.0000000037252903

thread_num : 1
ict_sparse_d_trsm_plain called
trsm_plain, csr , triangular, fill:0 , layout:0, diag:1, index4:1
ict_sparse_d_trsm_plain elasped time : 0.000014[sec]
mkl_sparse_d_trsm elasped time : 0.000106[sec]

correct!!!
inf-norm = 0.0000000000000018

thread_num : 1
ict_sparse_d_trsm_plain called
trsm_plain, csr , triangular, fill:1 , layout:0, diag:0, index4:2
ict_sparse_d_trsm_plain elasped time : 0.000021[sec]
mkl_sparse_d_trsm elasped time : 0.000106[sec]

Significant numeric error.
inf-norm = 0.0000000001018634

thread_num : 1
ict_sparse_d_trsm_plain called
trsm_plain, csr , triangular, fill:1 , layout:0, diag:1, index4:3
ict_sparse_d_trsm_plain elasped time : 0.000015[sec]
mkl_sparse_d_trsm elasped time : 0.000104[sec]

correct!!!
inf-norm = 0.0000000000000009

thread_num : 1
ict_sparse_d_trsm_plain called
trsm_plain, csr , triangular, fill:0 , layout:1, diag:0, index4:4
ict_sparse_d_trsm_plain elasped time : 0.000021[sec]
mkl_sparse_d_trsm elasped time : 0.000101[sec]

Significant numeric error.
inf-norm = 0.0000000037252903

thread_num : 1
ict_sparse_d_trsm_plain called
trsm_plain, csr , triangular, fill:0 , layout:1, diag:1, index4:5
ict_sparse_d_trsm_plain elasped time : 0.000021[sec]
mkl_sparse_d_trsm elasped time : 0.000116[sec]

correct!!!
inf-norm = 0.0000000000000018

thread_num : 1
ict_sparse_d_trsm_plain called
trsm_plain, csr , triangular, fill:1 , layout:1, diag:0, index4:6
ict_sparse_d_trsm_plain elasped time : 0.000021[sec]
mkl_sparse_d_trsm elasped time : 0.000095[sec]

correct!!!
inf-norm = 0.0000000000873115

thread_num : 1
ict_sparse_d_trsm_plain called
trsm_plain, csr , triangular, fill:1 , layout:1, diag:1, index4:7
ict_sparse_d_trsm_plain elasped time : 0.000016[sec]
mkl_sparse_d_trsm elasped time : 0.000092[sec]

correct!!!
inf-norm = 0.0000000000000009

