./bin/trsm_d_csr_x86_64_test --data-file=Matrix/r_600_600_17563.mtx --typeA=D --diagA=U --layout=R --check
thread_num : 1
ict_sparse_d_trsm_plain called
trsm_plain, csr , diag, fill:0 , layout:0, diag:1, index2:1
ict_sparse_d_trsm_plain elasped time : 0.000009[sec]
mkl_sparse_d_trsm elasped time : 0.000037[sec]

correct!!!
inf-norm = 0.0000000000000000

./bin/trsm_d_csr_x86_64_test --data-file=Matrix/r_600_600_17563.mtx --typeA=D --diagA=N --layout=R --check
thread_num : 1
ict_sparse_d_trsm_plain called
trsm_plain, csr , diag, fill:0 , layout:0, diag:0, index2:0
ict_sparse_d_trsm_plain elasped time : 0.000041[sec]
mkl_sparse_d_trsm elasped time : 0.000170[sec]

correct!!!
inf-norm = 0.0000000000000000

./bin/trsm_d_csr_x86_64_test --data-file=Matrix/r_600_600_17563.mtx --typeA=D --diagA=U --layout=C --check
thread_num : 1
ict_sparse_d_trsm_plain called
trsm_plain, csr , diag, fill:0 , layout:1, diag:1, index2:3
ict_sparse_d_trsm_plain elasped time : 0.000008[sec]
mkl_sparse_d_trsm elasped time : 0.000032[sec]

correct!!!
inf-norm = 0.0000000000000000

./bin/trsm_d_csr_x86_64_test --data-file=Matrix/r_600_600_17563.mtx --typeA=D --diagA=N --layout=C --check
thread_num : 1
ict_sparse_d_trsm_plain called
trsm_plain, csr , diag, fill:0 , layout:1, diag:0, index2:2
diagsm_d_csr_n_col_plain called
diagsm_d_csr_n_col_plain called
diagsm_d_csr_n_col_plain called
diagsm_d_csr_n_col_plain called
diagsm_d_csr_n_col_plain called
diagsm_d_csr_n_col_plain called
diagsm_d_csr_n_col_plain called
diagsm_d_csr_n_col_plain called
diagsm_d_csr_n_col_plain called
diagsm_d_csr_n_col_plain called
diagsm_d_csr_n_col_plain called
ict_sparse_d_trsm_plain elasped time : 0.000038[sec]
mkl_sparse_d_trsm elasped time : 0.000126[sec]

correct!!!
inf-norm = 0.0000000000000142

thread_num : 1
ict_sparse_d_trsm_plain called
trsm_plain, csr , triangular, fill:0 , layout:0, diag:0, index4:0
ict_sparse_d_trsm_plain elasped time : 0.000071[sec]
mkl_sparse_d_trsm elasped time : 0.000223[sec]

Significant numeric error.
inf-norm = 11534336.0000000000000000

thread_num : 1
ict_sparse_d_trsm_plain called
trsm_plain, csr , triangular, fill:0 , layout:0, diag:1, index4:1
ict_sparse_d_trsm_plain elasped time : 0.000042[sec]
mkl_sparse_d_trsm elasped time : 0.000204[sec]

correct!!!
inf-norm = 0.0000000000000853

thread_num : 1
ict_sparse_d_trsm_plain called
trsm_plain, csr , triangular, fill:1 , layout:0, diag:0, index4:2
ict_sparse_d_trsm_plain elasped time : 0.000074[sec]
mkl_sparse_d_trsm elasped time : 0.000191[sec]

Significant numeric error.
inf-norm = 8192.0000000000000000

thread_num : 1
ict_sparse_d_trsm_plain called
trsm_plain, csr , triangular, fill:1 , layout:0, diag:1, index4:3
ict_sparse_d_trsm_plain elasped time : 0.000045[sec]
mkl_sparse_d_trsm elasped time : 0.000270[sec]

correct!!!
inf-norm = 0.0000000000000711

thread_num : 1
ict_sparse_d_trsm_plain called
trsm_plain, csr , triangular, fill:0 , layout:1, diag:0, index4:4
ict_sparse_d_trsm_plain elasped time : 0.000071[sec]
mkl_sparse_d_trsm elasped time : 0.000228[sec]

Significant numeric error.
inf-norm = 11534336.0000000000000000

thread_num : 1
ict_sparse_d_trsm_plain called
trsm_plain, csr , triangular, fill:0 , layout:1, diag:1, index4:5
ict_sparse_d_trsm_plain elasped time : 0.000048[sec]
mkl_sparse_d_trsm elasped time : 0.000210[sec]

correct!!!
inf-norm = 0.0000000000000853

thread_num : 1
ict_sparse_d_trsm_plain called
trsm_plain, csr , triangular, fill:1 , layout:1, diag:0, index4:6
ict_sparse_d_trsm_plain elasped time : 0.000070[sec]
mkl_sparse_d_trsm elasped time : 0.000182[sec]

Significant numeric error.
inf-norm = 8192.0000000000000000

thread_num : 1
ict_sparse_d_trsm_plain called
trsm_plain, csr , triangular, fill:1 , layout:1, diag:1, index4:7
ict_sparse_d_trsm_plain elasped time : 0.000043[sec]
mkl_sparse_d_trsm elasped time : 0.000180[sec]

correct!!!
inf-norm = 0.0000000000000639

