./bin/trsm_z_csr_x86_64_test --data-file=Matrix/r_300_300_4396.mtx --typeA=D --diagA=U --layout=R --check
thread_num : 1
ict_sparse_z_trsm_plain elasped time : 0.000005[sec]
mkl_sparse_z_trsm elasped time : 0.000034[sec]

correct!!!
inf-norm = 0.0000000000000000

./bin/trsm_z_csr_x86_64_test --data-file=Matrix/r_300_300_4396.mtx --typeA=D --diagA=N --layout=R --check
thread_num : 1
ict_sparse_z_trsm_plain elasped time : 0.000894[sec]
mkl_sparse_z_trsm elasped time : 0.001488[sec]

correct!!!
inf-norm = 0.0000000000002274

./bin/trsm_z_csr_x86_64_test --data-file=Matrix/r_300_300_4396.mtx --typeA=D --diagA=U --layout=C --check
thread_num : 1
ict_sparse_z_trsm_plain elasped time : 0.000009[sec]
mkl_sparse_z_trsm elasped time : 0.000035[sec]

correct!!!
inf-norm = 0.0000000000000000

./bin/trsm_z_csr_x86_64_test --data-file=Matrix/r_300_300_4396.mtx --typeA=D --diagA=N --layout=C --check
thread_num : 1
ict_sparse_z_trsm_plain elasped time : 0.001903[sec]
mkl_sparse_z_trsm elasped time : 0.001841[sec]

correct!!!
inf-norm = 0.0000000000004547

thread_num : 1
ict_sparse_z_trsm_plain elasped time : 0.009249[sec]
mkl_sparse_z_trsm elasped time : 0.003628[sec]

Significant numeric error.
inf-norm = 0.0000006556510925

thread_num : 1
ict_sparse_z_trsm_plain elasped time : 0.006886[sec]
mkl_sparse_z_trsm elasped time : 0.003109[sec]

correct!!!
inf-norm = 0.0000000000004263

thread_num : 1
ict_sparse_z_trsm_plain elasped time : 0.005956[sec]
mkl_sparse_z_trsm elasped time : 0.003758[sec]

Significant numeric error.
inf-norm = 0.0000672340393066

thread_num : 1
ict_sparse_z_trsm_plain elasped time : 0.004977[sec]
mkl_sparse_z_trsm elasped time : 0.004304[sec]

correct!!!
inf-norm = 0.0000000000004547

thread_num : 1
ict_sparse_z_trsm_plain elasped time : 0.004561[sec]
mkl_sparse_z_trsm elasped time : 0.004839[sec]

Significant numeric error.
inf-norm = 0.0000005960464478

thread_num : 1
ict_sparse_z_trsm_plain elasped time : 0.004032[sec]
mkl_sparse_z_trsm elasped time : 0.004433[sec]

correct!!!
inf-norm = 0.0000000000004547

thread_num : 1
ict_sparse_z_trsm_plain elasped time : 0.004528[sec]
mkl_sparse_z_trsm elasped time : 0.004849[sec]

Significant numeric error.
inf-norm = 0.0000839233398438

thread_num : 1
ict_sparse_z_trsm_plain elasped time : 0.004026[sec]
mkl_sparse_z_trsm elasped time : 0.004499[sec]

correct!!!
inf-norm = 0.0000000000003411

