./bin/trsm_d_csr_x86_64_test --data-file=Matrix/r_250_250_3045.mtx --typeA=D --diagA=U --layout=R --check
thread_num : 1
ict_sparse_d_trsm_plain called
trsm_plain, csr , diag, fill:0 , layout:0, diag:1, index2:1
ict_sparse_d_trsm_plain elasped time : 0.000006[sec]
mkl_sparse_d_trsm elasped time : 0.000025[sec]

Significant numeric error.
inf-norm = 0.9985770000000000

ict_trsm result is:
 0.000000
0.000000,0.000000,0.000000,0.000000,0.000000,0.000000,0.000000,0.000000,0.000000,0.000000
0.000000,0.000000,0.000000,0.000000,0.000000,0.000000,0.000000,0.000000,0.000000,0.000000
0.000000,0.000000,0.000000,0.000000,0.000000,0.000000,0.000000,0.000000,0.000000,0.000000
0.000000,0.000000,0.000000,0.000000,0.000000,0.000000,0.000000,0.000000,0.000000,0.000000
0.000000,0.000000,0.000000,0.000000,0.000000,0.000000,0.000000,0.000000,0.000000,0.000000
0.000000,0.000000,0.000000,0.000000,0.000000,0.000000,0.000000,0.000000,0.000000,0.000000
0.000000,0.000000,0.000000,0.000000,0.000000,0.000000,0.000000,0.000000,0.000000,0.000000
0.000000,0.000000,0.000000,0.000000,0.000000,0.000000,0.000000,0.000000,0.000000,0.000000
0.000000,0.000000,0.000000,0.000000,0.000000,0.000000,0.000000,0.000000,0.000000,0.000000
0.000000,0.000000,0.000000,0.000000,0.000000,0.000000,0.000000,0.000000,0.000000,0.000000
0.000000,0.000000,0.000000,0.000000,0.000000,0.000000,0.000000,0.000000,0.000000,0.000000
0.000000,0.000000,0.000000,0.000000,0.000000,0.000000,0.000000,0.000000,0.000000,0.000000
0.000000,0.000000,0.000000,0.000000,0.000000,0.000000,0.000000,0.000000,0.000000,0.000000
0.000000,0.000000,0.000000,0.000000,0.000000,0.000000,0.000000,0.000000,0.000000,0.000000
0.000000,0.000000,0.000000,0.000000,0.000000,0.000000,0.000000,0.000000,0.000000,0.000000
0.000000,0.000000,0.000000,0.000000,0.000000,0.000000,0.000000,0.000000,0.000000,0.000000
0.000000,0.000000,0.000000,0.000000,0.000000,0.000000,0.000000,0.000000,0.000000,0.000000
0.000000,0.000000,0.000000,0.000000,0.000000,0.000000,0.000000,0.000000,0.000000,0.000000
0.000000,0.000000,0.000000,0.000000,0.000000,0.000000,0.000000,0.000000,0.000000,0.000000
0.000000,0.000000,0.000000,0.000000,0.000000,0.000000,0.000000,0.000000,0.000000,0.000000
0.000000,0.000000,0.000000,0.000000,0.000000,0.000000,0.000000,0.000000,0.000000,0.000000
0.000000,0.000000,0.000000,0.000000,0.000000,0.000000,0.000000,0.000000,0.000000,0.000000
0.000000,0.000000,0.000000,0.000000,0.000000,0.000000,0.000000,0.000000,0.000000,0.000000
0.000000,0.000000,0.000000,0.000000,0.000000,0.000000,0.000000,0.000000,0.000000,0.000000
0.000000,0.000000,0.000000,0.000000,0.000000,0.000000,0.000000,0.000000,0.000000,
mklt_trsm result is:
 0.000000
0.000000,0.000000,0.000000,0.146940,0.494049,0.320016,0.608279,0.228105,0.471569,0.315182
0.184128,0.957493,0.415705,0.598662,0.847907,0.847937,0.510198,0.837793,0.879258,0.975421
0.536026,0.757350,0.688285,0.949766,0.712165,0.256695,0.589456,0.326180,0.330815,0.773001
0.034091,0.620096,0.919343,0.424547,0.183845,0.570097,0.722234,0.542333,0.696098,0.967759
0.223830,0.158612,0.112435,0.837747,0.004816,0.294874,0.335025,0.920516,0.200318,0.520234
0.300310,0.821257,0.463881,0.926854,0.174592,0.084582,0.450269,0.357514,0.668507,0.468090
0.759570,0.945245,0.819484,0.107631,0.695147,0.105686,0.598986,0.341998,0.952121,0.225506
0.083335,0.246593,0.706885,0.134180,0.174399,0.574938,0.007783,0.144350,0.756911,0.618649
0.037241,0.217633,0.204339,0.734599,0.292056,0.895644,0.756422,0.648287,0.898095,0.840741
0.215601,0.788395,0.765140,0.922860,0.830635,0.269742,0.028104,0.323621,0.916322,0.864007
0.087543,0.462092,0.094065,0.717000,0.961502,0.266362,0.007472,0.300949,0.233547,0.685202
0.893455,0.650742,0.211908,0.948512,0.169408,0.099585,0.302120,0.332138,0.996074,0.259523
0.657806,0.565840,0.276084,0.883172,0.375737,0.737561,0.409465,0.886527,0.267423,0.998577
0.321484,0.445570,0.434241,0.775029,0.121128,0.238242,0.628384,0.040212,0.441501,0.701158
0.809311,0.818713,0.596388,0.862508,0.611089,0.055020,0.652876,0.505265,0.317123,0.975041
0.885495,0.778439,0.568131,0.504670,0.160642,0.065936,0.920980,0.412106,0.620757,0.501392
0.036759,0.324698,0.053612,0.501074,0.439541,0.682585,0.153998,0.666158,0.788073,0.096350
0.028388,0.247799,0.000432,0.016993,0.450919,0.581111,0.236692,0.841923,0.880781,0.326858
0.553317,0.203024,0.899983,0.986199,0.897089,0.191276,0.622850,0.043613,0.224100,0.152361
0.553106,0.369381,0.115745,0.381937,0.286615,0.067982,0.551846,0.618297,0.615474,0.329268
0.638479,0.078915,0.044275,0.722974,0.903994,0.554516,0.983269,0.620915,0.372545,0.460113
0.473469,0.590740,0.709734,0.383216,0.633006,0.350639,0.174811,0.721630,0.350346,0.807277
0.207491,0.884986,0.210221,0.809354,0.337882,0.906946,0.140686,0.681922,0.701002,0.838162
0.459844,0.384729,0.909473,0.308165,0.277302,0.630250,0.621170,0.919131,0.561539,0.060803
0.611673,0.212791,0.974399,0.215402,0.766153,0.544666,0.527002,0.146350,0.091508,
dist is:
 0.000000
0.000000,0.000000,0.000000,-0.146940,-0.494049,-0.320016,-0.608279,-0.228105,-0.471569,-0.315182
-0.184128,-0.957493,-0.415705,-0.598662,-0.847907,-0.847937,-0.510198,-0.837793,-0.879258,-0.975421
-0.536026,-0.757350,-0.688285,-0.949766,-0.712165,-0.256695,-0.589456,-0.326180,-0.330815,-0.773001
-0.034091,-0.620096,-0.919343,-0.424547,-0.183845,-0.570097,-0.722234,-0.542333,-0.696098,-0.967759
-0.223830,-0.158612,-0.112435,-0.837747,-0.004816,-0.294874,-0.335025,-0.920516,-0.200318,-0.520234
-0.300310,-0.821257,-0.463881,-0.926854,-0.174592,-0.084582,-0.450269,-0.357514,-0.668507,-0.468090
-0.759570,-0.945245,-0.819484,-0.107631,-0.695147,-0.105686,-0.598986,-0.341998,-0.952121,-0.225506
-0.083335,-0.246593,-0.706885,-0.134180,-0.174399,-0.574938,-0.007783,-0.144350,-0.756911,-0.618649
-0.037241,-0.217633,-0.204339,-0.734599,-0.292056,-0.895644,-0.756422,-0.648287,-0.898095,-0.840741
-0.215601,-0.788395,-0.765140,-0.922860,-0.830635,-0.269742,-0.028104,-0.323621,-0.916322,-0.864007
-0.087543,-0.462092,-0.094065,-0.717000,-0.961502,-0.266362,-0.007472,-0.300949,-0.233547,-0.685202
-0.893455,-0.650742,-0.211908,-0.948512,-0.169408,-0.099585,-0.302120,-0.332138,-0.996074,-0.259523
-0.657806,-0.565840,-0.276084,-0.883172,-0.375737,-0.737561,-0.409465,-0.886527,-0.267423,-0.998577
-0.321484,-0.445570,-0.434241,-0.775029,-0.121128,-0.238242,-0.628384,-0.040212,-0.441501,-0.701158
-0.809311,-0.818713,-0.596388,-0.862508,-0.611089,-0.055020,-0.652876,-0.505265,-0.317123,-0.975041
-0.885495,-0.778439,-0.568131,-0.504670,-0.160642,-0.065936,-0.920980,-0.412106,-0.620757,-0.501392
-0.036759,-0.324698,-0.053612,-0.501074,-0.439541,-0.682585,-0.153998,-0.666158,-0.788073,-0.096350
-0.028388,-0.247799,-0.000432,-0.016993,-0.450919,-0.581111,-0.236692,-0.841923,-0.880781,-0.326858
-0.553317,-0.203024,-0.899983,-0.986199,-0.897089,-0.191276,-0.622850,-0.043613,-0.224100,-0.152361
-0.553106,-0.369381,-0.115745,-0.381937,-0.286615,-0.067982,-0.551846,-0.618297,-0.615474,-0.329268
-0.638479,-0.078915,-0.044275,-0.722974,-0.903994,-0.554516,-0.983269,-0.620915,-0.372545,-0.460113
-0.473469,-0.590740,-0.709734,-0.383216,-0.633006,-0.350639,-0.174811,-0.721630,-0.350346,-0.807277
-0.207491,-0.884986,-0.210221,-0.809354,-0.337882,-0.906946,-0.140686,-0.681922,-0.701002,-0.838162
-0.459844,-0.384729,-0.909473,-0.308165,-0.277302,-0.630250,-0.621170,-0.919131,-0.561539,-0.060803
-0.611673,-0.212791,-0.974399,-0.215402,-0.766153,-0.544666,-0.527002,-0.146350,-0.091508,
./bin/trsm_d_csr_x86_64_test --data-file=Matrix/r_250_250_3045.mtx --typeA=D --diagA=N --layout=R --check
thread_num : 1
ict_sparse_d_trsm_plain called
trsm_plain, csr , diag, fill:0 , layout:0, diag:0, index2:0
ict_sparse_d_trsm_plain elasped time : 0.000015[sec]
mkl_sparse_d_trsm elasped time : 0.000099[sec]

correct!!!
inf-norm = 0.0000000000000000

ict_trsm result is:
 5.709019
1.386904,2.895857,7.860789,690.380430,0.487085,1.785398,7.555069,27.005125,2.423840,167.625369
1.508972,1.103513,7.911194,2.222738,8.917652,1.668633,2.630699,2.477258,1.405261,0.081468
1.939409,0.451213,3.000514,0.405379,0.828604,0.316078,0.230223,256.693953,0.519201,11.718410
5.554827,2.992392,0.942200,2.523635,2.544429,2.245902,2.208892,0.950541,3.352905,3.117923
2.478915,2.726158,1.784817,0.754538,4.686011,7.899738,3.583529,0.200516,5.955348,2.792145
1.794120,0.675274,1.346589,2.817383,2.038569,0.134700,0.088360,3.183613,0.131369,1.621200
5.175625,6.868498,2.419379,154.008518,1.405673,6.495628,3.432251,1.580058,1.826878,1.177272
0.079625,2.485377,9.472901,1.888719,13.981157,1.637790,7.768076,2.077688,16.496537,2.703002
0.334350,6.339052,22.493648,1.695944,0.857115,1.088917,1.919848,3.127853,1.939529,2.146328
2.272825,15.808558,11.153886,3.970713,21.333621,0.864341,4.836460,2.583790,3.192484,14.206152
0.997481,3.409986,4.380551,0.469151,3.245236,2.450478,0.884567,1.690270,4.035948,80.331350
2.539988,6.768365,2.854467,1.170816,5.024321,1.197638,1.124328,8.349065,11.833382,0.459593
0.270580,1.476199,2.858252,22.939345,2.094909,2.212358,98.253418,6.531930,4.969449,1.016978
1.561433,2.011621,3.598697,0.424724,6.953308,0.369684,6.589601,1.752907,3.617246,0.392156
9.188538,0.160628,2.036573,0.964940,0.492741,2.564624,4.976241,1.835815,2.919213,2.856491
9.250901,0.314393,2.267915,1.494045,0.229915,12.043483,1.298882,1.340696,6.797224,2.473883
5.663409,0.192838,7.075125,4.966901,1.594617,6.974629,3.079548,4.014496,0.244366,3.528460
0.164908,0.012820,12.517210,3.050309,24.946029,2.676854,67.801667,5.911050,1.958262,1.065031
1.460355,817.249639,3.364739,1.570075,0.285585,1.118031,1.707116,47.100867,3.111058,8.987089
3.684225,1.653165,1.885566,0.135966,4.865926,1.804814,2.384303,4.491582,3.953096,8.958635
1.686098,6.070011,2.266634,44.794649,1.447524,0.371661,10.945836,2.544940,0.805072,1.314099
1.330213,1.328130,0.462789,2.182783,0.769535,0.955694,0.782523,0.208684,1.806303,1.950231
1.551885,5.758231,14.492566,1.106387,1.563875,3.258834,0.527403,1.986754,1.427334,2.221852
1.300818,0.944061,11.480172,1.548584,0.008706,0.826483,2.698737,1.864087,0.877106,2.128150
1.094108,1.063565,1.046665,1.631239,0.665999,3.061289,0.145658,5.926414,11.897362,
mklt_trsm result is:
 5.709019
1.386904,2.895857,7.860789,690.380430,0.487085,1.785398,7.555069,27.005125,2.423840,167.625369
1.508972,1.103513,7.911194,2.222738,8.917652,1.668633,2.630699,2.477258,1.405261,0.081468
1.939409,0.451213,3.000514,0.405379,0.828604,0.316078,0.230223,256.693953,0.519201,11.718410
5.554827,2.992392,0.942200,2.523635,2.544429,2.245902,2.208892,0.950541,3.352905,3.117923
2.478915,2.726158,1.784817,0.754538,4.686011,7.899738,3.583529,0.200516,5.955348,2.792145
1.794120,0.675274,1.346589,2.817383,2.038569,0.134700,0.088360,3.183613,0.131369,1.621200
5.175625,6.868498,2.419379,154.008518,1.405673,6.495628,3.432251,1.580058,1.826878,1.177272
0.079625,2.485377,9.472901,1.888719,13.981157,1.637790,7.768076,2.077688,16.496537,2.703002
0.334350,6.339052,22.493648,1.695944,0.857115,1.088917,1.919848,3.127853,1.939529,2.146328
2.272825,15.808558,11.153886,3.970713,21.333621,0.864341,4.836460,2.583790,3.192484,14.206152
0.997481,3.409986,4.380551,0.469151,3.245236,2.450478,0.884567,1.690270,4.035948,80.331350
2.539988,6.768365,2.854467,1.170816,5.024321,1.197638,1.124328,8.349065,11.833382,0.459593
0.270580,1.476199,2.858252,22.939345,2.094909,2.212358,98.253418,6.531930,4.969449,1.016978
1.561433,2.011621,3.598697,0.424724,6.953308,0.369684,6.589601,1.752907,3.617246,0.392156
9.188538,0.160628,2.036573,0.964940,0.492741,2.564624,4.976241,1.835815,2.919213,2.856491
9.250901,0.314393,2.267915,1.494045,0.229915,12.043483,1.298882,1.340696,6.797224,2.473883
5.663409,0.192838,7.075125,4.966901,1.594617,6.974629,3.079548,4.014496,0.244366,3.528460
0.164908,0.012820,12.517210,3.050309,24.946029,2.676854,67.801667,5.911050,1.958262,1.065031
1.460355,817.249639,3.364739,1.570075,0.285585,1.118031,1.707116,47.100867,3.111058,8.987089
3.684225,1.653165,1.885566,0.135966,4.865926,1.804814,2.384303,4.491582,3.953096,8.958635
1.686098,6.070011,2.266634,44.794649,1.447524,0.371661,10.945836,2.544940,0.805072,1.314099
1.330213,1.328130,0.462789,2.182783,0.769535,0.955694,0.782523,0.208684,1.806303,1.950231
1.551885,5.758231,14.492566,1.106387,1.563875,3.258834,0.527403,1.986754,1.427334,2.221852
1.300818,0.944061,11.480172,1.548584,0.008706,0.826483,2.698737,1.864087,0.877106,2.128150
1.094108,1.063565,1.046665,1.631239,0.665999,3.061289,0.145658,5.926414,11.897362,
dist is:
 0.000000
0.000000,0.000000,0.000000,0.000000,0.000000,0.000000,0.000000,0.000000,0.000000,0.000000
0.000000,0.000000,0.000000,0.000000,0.000000,0.000000,0.000000,0.000000,0.000000,0.000000
0.000000,0.000000,0.000000,0.000000,0.000000,0.000000,0.000000,0.000000,0.000000,0.000000
0.000000,0.000000,0.000000,0.000000,0.000000,0.000000,0.000000,0.000000,0.000000,0.000000
0.000000,0.000000,0.000000,0.000000,0.000000,0.000000,0.000000,0.000000,0.000000,0.000000
0.000000,0.000000,0.000000,0.000000,0.000000,0.000000,0.000000,0.000000,0.000000,0.000000
0.000000,0.000000,0.000000,0.000000,0.000000,0.000000,0.000000,0.000000,0.000000,0.000000
0.000000,0.000000,0.000000,0.000000,0.000000,0.000000,0.000000,0.000000,0.000000,0.000000
0.000000,0.000000,0.000000,0.000000,0.000000,0.000000,0.000000,0.000000,0.000000,0.000000
0.000000,0.000000,0.000000,0.000000,0.000000,0.000000,0.000000,0.000000,0.000000,0.000000
0.000000,0.000000,0.000000,0.000000,0.000000,0.000000,0.000000,0.000000,0.000000,0.000000
0.000000,0.000000,0.000000,0.000000,0.000000,0.000000,0.000000,0.000000,0.000000,0.000000
0.000000,0.000000,0.000000,0.000000,0.000000,0.000000,0.000000,0.000000,0.000000,0.000000
0.000000,0.000000,0.000000,0.000000,0.000000,0.000000,0.000000,0.000000,0.000000,0.000000
0.000000,0.000000,0.000000,0.000000,0.000000,0.000000,0.000000,0.000000,0.000000,0.000000
0.000000,0.000000,0.000000,0.000000,0.000000,0.000000,0.000000,0.000000,0.000000,0.000000
0.000000,0.000000,0.000000,0.000000,0.000000,0.000000,0.000000,0.000000,0.000000,0.000000
0.000000,0.000000,0.000000,0.000000,0.000000,0.000000,0.000000,0.000000,0.000000,0.000000
0.000000,0.000000,0.000000,0.000000,0.000000,0.000000,0.000000,0.000000,0.000000,0.000000
0.000000,0.000000,0.000000,0.000000,0.000000,0.000000,0.000000,0.000000,0.000000,0.000000
0.000000,0.000000,0.000000,0.000000,0.000000,0.000000,0.000000,0.000000,0.000000,0.000000
0.000000,0.000000,0.000000,0.000000,0.000000,0.000000,0.000000,0.000000,0.000000,0.000000
0.000000,0.000000,0.000000,0.000000,0.000000,0.000000,0.000000,0.000000,0.000000,0.000000
0.000000,0.000000,0.000000,0.000000,0.000000,0.000000,0.000000,0.000000,0.000000,0.000000
0.000000,0.000000,0.000000,0.000000,0.000000,0.000000,0.000000,0.000000,0.000000,
./bin/trsm_d_csr_x86_64_test --data-file=Matrix/r_250_250_3045.mtx --typeA=D --diagA=U --layout=C --check
thread_num : 1
ict_sparse_d_trsm_plain called
trsm_plain, csr , diag, fill:0 , layout:1, diag:1, index2:3
ict_sparse_d_trsm_plain elasped time : 0.000006[sec]
mkl_sparse_d_trsm elasped time : 0.000025[sec]

Significant numeric error.
inf-norm = 0.9985770000000000

ict_trsm result is:
 0.000000
0.000000,0.000000,0.000000,0.000000,0.000000,0.000000,0.000000,0.000000,0.000000,0.000000
0.000000,0.000000,0.000000,0.000000,0.000000,0.000000,0.000000,0.000000,0.000000,0.000000
0.000000,0.000000,0.000000,0.000000,0.000000,0.000000,0.000000,0.000000,0.000000,0.000000
0.000000,0.000000,0.000000,0.000000,0.000000,0.000000,0.000000,0.000000,0.000000,0.000000
0.000000,0.000000,0.000000,0.000000,0.000000,0.000000,0.000000,0.000000,0.000000,0.000000
0.000000,0.000000,0.000000,0.000000,0.000000,0.000000,0.000000,0.000000,0.000000,0.000000
0.000000,0.000000,0.000000,0.000000,0.000000,0.000000,0.000000,0.000000,0.000000,0.000000
0.000000,0.000000,0.000000,0.000000,0.000000,0.000000,0.000000,0.000000,0.000000,0.000000
0.000000,0.000000,0.000000,0.000000,0.000000,0.000000,0.000000,0.000000,0.000000,0.000000
0.000000,0.000000,0.000000,0.000000,0.000000,0.000000,0.000000,0.000000,0.000000,0.000000
0.000000,0.000000,0.000000,0.000000,0.000000,0.000000,0.000000,0.000000,0.000000,0.000000
0.000000,0.000000,0.000000,0.000000,0.000000,0.000000,0.000000,0.000000,0.000000,0.000000
0.000000,0.000000,0.000000,0.000000,0.000000,0.000000,0.000000,0.000000,0.000000,0.000000
0.000000,0.000000,0.000000,0.000000,0.000000,0.000000,0.000000,0.000000,0.000000,0.000000
0.000000,0.000000,0.000000,0.000000,0.000000,0.000000,0.000000,0.000000,0.000000,0.000000
0.000000,0.000000,0.000000,0.000000,0.000000,0.000000,0.000000,0.000000,0.000000,0.000000
0.000000,0.000000,0.000000,0.000000,0.000000,0.000000,0.000000,0.000000,0.000000,0.000000
0.000000,0.000000,0.000000,0.000000,0.000000,0.000000,0.000000,0.000000,0.000000,0.000000
0.000000,0.000000,0.000000,0.000000,0.000000,0.000000,0.000000,0.000000,0.000000,0.000000
0.000000,0.000000,0.000000,0.000000,0.000000,0.000000,0.000000,0.000000,0.000000,0.000000
0.000000,0.000000,0.000000,0.000000,0.000000,0.000000,0.000000,0.000000,0.000000,0.000000
0.000000,0.000000,0.000000,0.000000,0.000000,0.000000,0.000000,0.000000,0.000000,0.000000
0.000000,0.000000,0.000000,0.000000,0.000000,0.000000,0.000000,0.000000,0.000000,0.000000
0.000000,0.000000,0.000000,0.000000,0.000000,0.000000,0.000000,0.000000,0.000000,0.000000
0.000000,0.000000,0.000000,0.000000,0.000000,0.000000,0.000000,0.000000,0.000000,
mklt_trsm result is:
 0.000000
0.000000,0.000000,0.000000,0.146940,0.494049,0.320016,0.608279,0.228105,0.471569,0.315182
0.184128,0.957493,0.415705,0.598662,0.847907,0.847937,0.510198,0.837793,0.879258,0.975421
0.536026,0.757350,0.688285,0.949766,0.712165,0.256695,0.589456,0.326180,0.330815,0.773001
0.034091,0.620096,0.919343,0.424547,0.183845,0.570097,0.722234,0.542333,0.696098,0.967759
0.223830,0.158612,0.112435,0.837747,0.004816,0.294874,0.335025,0.920516,0.200318,0.520234
0.300310,0.821257,0.463881,0.926854,0.174592,0.084582,0.450269,0.357514,0.668507,0.468090
0.759570,0.945245,0.819484,0.107631,0.695147,0.105686,0.598986,0.341998,0.952121,0.225506
0.083335,0.246593,0.706885,0.134180,0.174399,0.574938,0.007783,0.144350,0.756911,0.618649
0.037241,0.217633,0.204339,0.734599,0.292056,0.895644,0.756422,0.648287,0.898095,0.840741
0.215601,0.788395,0.765140,0.922860,0.830635,0.269742,0.028104,0.323621,0.916322,0.864007
0.087543,0.462092,0.094065,0.717000,0.961502,0.266362,0.007472,0.300949,0.233547,0.685202
0.893455,0.650742,0.211908,0.948512,0.169408,0.099585,0.302120,0.332138,0.996074,0.259523
0.657806,0.565840,0.276084,0.883172,0.375737,0.737561,0.409465,0.886527,0.267423,0.998577
0.321484,0.445570,0.434241,0.775029,0.121128,0.238242,0.628384,0.040212,0.441501,0.701158
0.809311,0.818713,0.596388,0.862508,0.611089,0.055020,0.652876,0.505265,0.317123,0.975041
0.885495,0.778439,0.568131,0.504670,0.160642,0.065936,0.920980,0.412106,0.620757,0.501392
0.036759,0.324698,0.053612,0.501074,0.439541,0.682585,0.153998,0.666158,0.788073,0.096350
0.028388,0.247799,0.000432,0.016993,0.450919,0.581111,0.236692,0.841923,0.880781,0.326858
0.553317,0.203024,0.899983,0.986199,0.897089,0.191276,0.622850,0.043613,0.224100,0.152361
0.553106,0.369381,0.115745,0.381937,0.286615,0.067982,0.551846,0.618297,0.615474,0.329268
0.638479,0.078915,0.044275,0.722974,0.903994,0.554516,0.983269,0.620915,0.372545,0.460113
0.473469,0.590740,0.709734,0.383216,0.633006,0.350639,0.174811,0.721630,0.350346,0.807277
0.207491,0.884986,0.210221,0.809354,0.337882,0.906946,0.140686,0.681922,0.701002,0.838162
0.459844,0.384729,0.909473,0.308165,0.277302,0.630250,0.621170,0.919131,0.561539,0.060803
0.611673,0.212791,0.974399,0.215402,0.766153,0.544666,0.527002,0.146350,0.091508,
dist is:
 0.000000
0.000000,0.000000,0.000000,-0.146940,-0.494049,-0.320016,-0.608279,-0.228105,-0.471569,-0.315182
-0.184128,-0.957493,-0.415705,-0.598662,-0.847907,-0.847937,-0.510198,-0.837793,-0.879258,-0.975421
-0.536026,-0.757350,-0.688285,-0.949766,-0.712165,-0.256695,-0.589456,-0.326180,-0.330815,-0.773001
-0.034091,-0.620096,-0.919343,-0.424547,-0.183845,-0.570097,-0.722234,-0.542333,-0.696098,-0.967759
-0.223830,-0.158612,-0.112435,-0.837747,-0.004816,-0.294874,-0.335025,-0.920516,-0.200318,-0.520234
-0.300310,-0.821257,-0.463881,-0.926854,-0.174592,-0.084582,-0.450269,-0.357514,-0.668507,-0.468090
-0.759570,-0.945245,-0.819484,-0.107631,-0.695147,-0.105686,-0.598986,-0.341998,-0.952121,-0.225506
-0.083335,-0.246593,-0.706885,-0.134180,-0.174399,-0.574938,-0.007783,-0.144350,-0.756911,-0.618649
-0.037241,-0.217633,-0.204339,-0.734599,-0.292056,-0.895644,-0.756422,-0.648287,-0.898095,-0.840741
-0.215601,-0.788395,-0.765140,-0.922860,-0.830635,-0.269742,-0.028104,-0.323621,-0.916322,-0.864007
-0.087543,-0.462092,-0.094065,-0.717000,-0.961502,-0.266362,-0.007472,-0.300949,-0.233547,-0.685202
-0.893455,-0.650742,-0.211908,-0.948512,-0.169408,-0.099585,-0.302120,-0.332138,-0.996074,-0.259523
-0.657806,-0.565840,-0.276084,-0.883172,-0.375737,-0.737561,-0.409465,-0.886527,-0.267423,-0.998577
-0.321484,-0.445570,-0.434241,-0.775029,-0.121128,-0.238242,-0.628384,-0.040212,-0.441501,-0.701158
-0.809311,-0.818713,-0.596388,-0.862508,-0.611089,-0.055020,-0.652876,-0.505265,-0.317123,-0.975041
-0.885495,-0.778439,-0.568131,-0.504670,-0.160642,-0.065936,-0.920980,-0.412106,-0.620757,-0.501392
-0.036759,-0.324698,-0.053612,-0.501074,-0.439541,-0.682585,-0.153998,-0.666158,-0.788073,-0.096350
-0.028388,-0.247799,-0.000432,-0.016993,-0.450919,-0.581111,-0.236692,-0.841923,-0.880781,-0.326858
-0.553317,-0.203024,-0.899983,-0.986199,-0.897089,-0.191276,-0.622850,-0.043613,-0.224100,-0.152361
-0.553106,-0.369381,-0.115745,-0.381937,-0.286615,-0.067982,-0.551846,-0.618297,-0.615474,-0.329268
-0.638479,-0.078915,-0.044275,-0.722974,-0.903994,-0.554516,-0.983269,-0.620915,-0.372545,-0.460113
-0.473469,-0.590740,-0.709734,-0.383216,-0.633006,-0.350639,-0.174811,-0.721630,-0.350346,-0.807277
-0.207491,-0.884986,-0.210221,-0.809354,-0.337882,-0.906946,-0.140686,-0.681922,-0.701002,-0.838162
-0.459844,-0.384729,-0.909473,-0.308165,-0.277302,-0.630250,-0.621170,-0.919131,-0.561539,-0.060803
-0.611673,-0.212791,-0.974399,-0.215402,-0.766153,-0.544666,-0.527002,-0.146350,-0.091508,
./bin/trsm_d_csr_x86_64_test --data-file=Matrix/r_250_250_3045.mtx --typeA=D --diagA=N --layout=C --check
thread_num : 1
ict_sparse_d_trsm_plain called
trsm_plain, csr , diag, fill:0 , layout:1, diag:0, index2:2
diagsm_d_csr_n_col_plain called
diagsm_d_csr_n_col_plain called
diagsm_d_csr_n_col_plain called
diagsm_d_csr_n_col_plain called
diagsm_d_csr_n_col_plain called
diagsm_d_csr_n_col_plain called
diagsm_d_csr_n_col_plain called
diagsm_d_csr_n_col_plain called
diagsm_d_csr_n_col_plain called
diagsm_d_csr_n_col_plain called
diagsm_d_csr_n_col_plain called
ict_sparse_d_trsm_plain elasped time : 0.000017[sec]
mkl_sparse_d_trsm elasped time : 0.000095[sec]

correct!!!
inf-norm = 0.0000000000000284

ict_trsm result is:
 5.709019
1.386904,2.895857,7.860789,690.380430,0.487085,1.785398,7.555069,27.005125,2.423840,167.625369
1.508972,1.103513,7.911194,2.222738,8.917652,1.668633,2.630699,2.477258,1.405261,0.081468
1.939409,0.451213,3.000514,0.405379,0.828604,0.316078,0.230223,256.693953,0.519201,11.718410
5.554827,2.992392,0.942200,2.523635,2.544429,2.245902,2.208892,0.950541,3.352905,3.117923
2.478915,2.726158,1.784817,0.754538,4.686011,7.899738,3.583529,0.200516,5.955348,2.792145
1.794120,0.675274,1.346589,2.817383,2.038569,0.134700,0.088360,3.183613,0.131369,1.621200
5.175625,6.868498,2.419379,154.008518,1.405673,6.495628,3.432251,1.580058,1.826878,1.177272
0.079625,2.485377,9.472901,1.888719,13.981157,1.637790,7.768076,2.077688,16.496537,2.703002
0.334350,6.339052,22.493648,1.695944,0.857115,1.088917,1.919848,3.127853,1.939529,2.146328
2.272825,15.808558,11.153886,3.970713,21.333621,0.864341,4.836460,2.583790,3.192484,14.206152
0.997481,3.409986,4.380551,0.469151,3.245236,2.450478,0.884567,1.690270,4.035948,80.331350
2.539988,6.768365,2.854467,1.170816,5.024321,1.197638,1.124328,8.349065,11.833382,0.459593
0.270580,1.476199,2.858252,22.939345,2.094909,2.212358,98.253418,6.531930,4.969449,1.016978
1.561433,2.011621,3.598697,0.424724,6.953308,0.369684,6.589601,1.752907,3.617246,0.392156
9.188538,0.160628,2.036573,0.964940,0.492741,2.564624,4.976241,1.835815,2.919213,2.856491
9.250901,0.314393,2.267915,1.494045,0.229915,12.043483,1.298882,1.340696,6.797224,2.473883
5.663409,0.192838,7.075125,4.966901,1.594617,6.974629,3.079548,4.014496,0.244366,3.528460
0.164908,0.012820,12.517210,3.050309,24.946029,2.676854,67.801667,5.911050,1.958262,1.065031
1.460355,817.249639,3.364739,1.570075,0.285585,1.118031,1.707116,47.100867,3.111058,8.987089
3.684225,1.653165,1.885566,0.135966,4.865926,1.804814,2.384303,4.491582,3.953096,8.958635
1.686098,6.070011,2.266634,44.794649,1.447524,0.371661,10.945836,2.544940,0.805072,1.314099
1.330213,1.328130,0.462789,2.182783,0.769535,0.955694,0.782523,0.208684,1.806303,1.950231
1.551885,5.758231,14.492566,1.106387,1.563875,3.258834,0.527403,1.986754,1.427334,2.221852
1.300818,0.944061,11.480172,1.548584,0.008706,0.826483,2.698737,1.864087,0.877106,2.128150
1.094108,1.063565,1.046665,1.631239,0.665999,3.061289,0.145658,5.926414,11.897362,
mklt_trsm result is:
 5.709019
1.386904,2.895857,7.860789,690.380430,0.487085,1.785398,7.555069,27.005125,2.423840,167.625369
1.508972,1.103513,7.911194,2.222738,8.917652,1.668633,2.630699,2.477258,1.405261,0.081468
1.939409,0.451213,3.000514,0.405379,0.828604,0.316078,0.230223,256.693953,0.519201,11.718410
5.554827,2.992392,0.942200,2.523635,2.544429,2.245902,2.208892,0.950541,3.352905,3.117923
2.478915,2.726158,1.784817,0.754538,4.686011,7.899738,3.583529,0.200516,5.955348,2.792145
1.794120,0.675274,1.346589,2.817383,2.038569,0.134700,0.088360,3.183613,0.131369,1.621200
5.175625,6.868498,2.419379,154.008518,1.405673,6.495628,3.432251,1.580058,1.826878,1.177272
0.079625,2.485377,9.472901,1.888719,13.981157,1.637790,7.768076,2.077688,16.496537,2.703002
0.334350,6.339052,22.493648,1.695944,0.857115,1.088917,1.919848,3.127853,1.939529,2.146328
2.272825,15.808558,11.153886,3.970713,21.333621,0.864341,4.836460,2.583790,3.192484,14.206152
0.997481,3.409986,4.380551,0.469151,3.245236,2.450478,0.884567,1.690270,4.035948,80.331350
2.539988,6.768365,2.854467,1.170816,5.024321,1.197638,1.124328,8.349065,11.833382,0.459593
0.270580,1.476199,2.858252,22.939345,2.094909,2.212358,98.253418,6.531930,4.969449,1.016978
1.561433,2.011621,3.598697,0.424724,6.953308,0.369684,6.589601,1.752907,3.617246,0.392156
9.188538,0.160628,2.036573,0.964940,0.492741,2.564624,4.976241,1.835815,2.919213,2.856491
9.250901,0.314393,2.267915,1.494045,0.229915,12.043483,1.298882,1.340696,6.797224,2.473883
5.663409,0.192838,7.075125,4.966901,1.594617,6.974629,3.079548,4.014496,0.244366,3.528460
0.164908,0.012820,12.517210,3.050309,24.946029,2.676854,67.801667,5.911050,1.958262,1.065031
1.460355,817.249639,3.364739,1.570075,0.285585,1.118031,1.707116,47.100867,3.111058,8.987089
3.684225,1.653165,1.885566,0.135966,4.865926,1.804814,2.384303,4.491582,3.953096,8.958635
1.686098,6.070011,2.266634,44.794649,1.447524,0.371661,10.945836,2.544940,0.805072,1.314099
1.330213,1.328130,0.462789,2.182783,0.769535,0.955694,0.782523,0.208684,1.806303,1.950231
1.551885,5.758231,14.492566,1.106387,1.563875,3.258834,0.527403,1.986754,1.427334,2.221852
1.300818,0.944061,11.480172,1.548584,0.008706,0.826483,2.698737,1.864087,0.877106,2.128150
1.094108,1.063565,1.046665,1.631239,0.665999,3.061289,0.145658,5.926414,11.897362,
dist is:
 0.000000
0.000000,0.000000,-0.000000,0.000000,0.000000,-0.000000,0.000000,0.000000,0.000000,0.000000
0.000000,0.000000,-0.000000,0.000000,0.000000,0.000000,0.000000,-0.000000,0.000000,0.000000
0.000000,0.000000,0.000000,0.000000,0.000000,0.000000,-0.000000,0.000000,0.000000,0.000000
0.000000,-0.000000,0.000000,0.000000,0.000000,0.000000,0.000000,0.000000,0.000000,-0.000000
0.000000,0.000000,0.000000,0.000000,0.000000,0.000000,0.000000,0.000000,0.000000,0.000000
-0.000000,0.000000,-0.000000,0.000000,0.000000,0.000000,0.000000,0.000000,0.000000,0.000000
-0.000000,0.000000,0.000000,0.000000,0.000000,0.000000,-0.000000,0.000000,-0.000000,0.000000
0.000000,-0.000000,0.000000,0.000000,0.000000,0.000000,0.000000,0.000000,-0.000000,0.000000
0.000000,0.000000,0.000000,0.000000,0.000000,0.000000,0.000000,0.000000,0.000000,0.000000
0.000000,-0.000000,0.000000,0.000000,0.000000,0.000000,0.000000,0.000000,0.000000,0.000000
0.000000,0.000000,0.000000,0.000000,-0.000000,0.000000,0.000000,-0.000000,0.000000,0.000000
-0.000000,0.000000,-0.000000,0.000000,0.000000,0.000000,0.000000,-0.000000,0.000000,0.000000
0.000000,-0.000000,0.000000,0.000000,0.000000,0.000000,0.000000,-0.000000,0.000000,0.000000
0.000000,0.000000,0.000000,0.000000,0.000000,0.000000,0.000000,0.000000,0.000000,0.000000
0.000000,0.000000,0.000000,0.000000,-0.000000,-0.000000,0.000000,0.000000,0.000000,0.000000
0.000000,0.000000,0.000000,0.000000,0.000000,0.000000,0.000000,0.000000,-0.000000,0.000000
0.000000,0.000000,0.000000,0.000000,0.000000,0.000000,0.000000,0.000000,0.000000,0.000000
0.000000,0.000000,0.000000,0.000000,0.000000,-0.000000,0.000000,-0.000000,0.000000,-0.000000
0.000000,0.000000,0.000000,0.000000,0.000000,0.000000,0.000000,0.000000,0.000000,0.000000
-0.000000,0.000000,-0.000000,0.000000,-0.000000,-0.000000,0.000000,0.000000,0.000000,0.000000
0.000000,0.000000,0.000000,-0.000000,0.000000,0.000000,-0.000000,0.000000,0.000000,0.000000
0.000000,-0.000000,-0.000000,0.000000,0.000000,0.000000,0.000000,0.000000,0.000000,0.000000
0.000000,0.000000,0.000000,0.000000,0.000000,0.000000,0.000000,0.000000,0.000000,-0.000000
0.000000,0.000000,0.000000,-0.000000,0.000000,0.000000,0.000000,0.000000,0.000000,0.000000
0.000000,0.000000,0.000000,0.000000,0.000000,0.000000,0.000000,0.000000,0.000000,
thread_num : 1
ict_sparse_d_trsm_plain called
trsm_plain, csr , triangular, fill:0 , layout:0, diag:0, index4:0
ict_sparse_d_trsm_plain elasped time : 0.000023[sec]
mkl_sparse_d_trsm elasped time : 0.000140[sec]

Significant numeric error.
inf-norm = 0.0156250000000000

ict_trsm result is:
 5.709019
1.386904,2.895857,-5.408685,690.380430,-718.796898,-1.193154,7.555069,22703.523841,2.423840,167.625369
0.800601,-1.814866,7.911194,2.222738,-505.837164,1.668633,4.565350,2.477258,-0.207166,-15.268836
-42.439839,260.436206,-0.035943,0.405379,0.828604,0.167842,-1.869660,-165.036972,-6.014075,11.718410
3.673017,2.992392,1.630278,-889.548473,1132.996088,-6.366829,-11624.320701,0.950541,-4.107090,98.417660
515.710193,2.581149,41.845002,16.264008,-97.266704,-10.864132,-640.100915,5.782413,-33.401815,-43.021874
1.794120,-70.744185,-8852.376524,157.692083,-34477.901293,6.640471,0.136883,-95.809760,-10.261836,30313.841985
-18834.729854,32307.370068,-285.812106,-26665.842623,658.071850,-9.305941,34852.048540,9.967791,1138.416183,8.222865
13.813870,9144.362419,-123883.314669,220.262551,381.723463,76156.415355,-17.840724,-141.872733,-914303.000290,8439.083330
122.189740,-142.123933,7498153.913559,-2082.447256,27.165022,-24485.306298,1.919848,-3378.523638,-11705.145339,-187.905956
24996.563552,-48666.784489,657695.443634,-4607642.476872,-16627.455639,30.487883,30.336996,920.260034,-15916.919450,35625.684245
-45402.719521,131.587145,22.347989,-855795.045900,-68712.696179,144430.454269,-18159.710469,15673.047735,1219.216260,-335573837.576201
12503855.267180,1557213.707970,-75862.844503,-37029795.176978,-400738.688701,-4742.959436,-13923.985097,-404770.318658,21908.230385,-137824.847126
6231.438948,-363.703068,23202.284902,3514665617.027931,99844.895282,39808.738617,-57523554.627656,1995916.442872,1440942574.741982,9633.525223
6817.477036,12872.277669,-7374911638.605434,-972647.344420,-5912340.391207,1253125.042208,-1056.642728,213065145.279095,-17731.043947,861537.050346
30039.762363,-562148.870960,781412.600814,152484.915687,1524.443230,32015308.681546,-355128.942230,-61292.896290,228337.771263,-19963370.016726
174102.613701,-5270967.799345,17702244.045853,-2859889365.135993,3562616.115326,1866611274.471850,11396253.811166,56526.007366,-4157080585.774039,4609.599189
-195325.715754,429134.481224,3304058484.187340,-322257475.042941,-6970054667.160543,-4292042982.835173,-85897.673252,-53527.851355,-17219.141721,333029.883164
2578082.693824,-73787.218637,4213310768.888913,23035806.634223,551404548.089687,738596720.804261,298160833691.262512,167496.156030,-2629572724.206953,46390.948735
72025.288311,-807894225441.070435,12475052793.126385,28380.992575,-13657217.919575,-2104855901.972997,-25295426.475554,314849386948.207336,875071036671.456543,-452293138.555112
-29087427287.056881,6427030133.768102,2633009216.201913,-759589322936.825684,42647189.340264,-172229607.056356,1383356.477145,23525743.623270,1171038.177859,-24035171074.099716
-298992682373.929199,-816833.127805,4958282749.552800,-17368667244889.982422,793109145.029897,22243202197.850857,52512937.420722,232278004742.379242,-698670590.428804,57606286.161137
-69933074263.653625,-21762086952.642017,10676742541.484966,-12936628335.264967,-5935839399.303959,-28327625.181342,6923256176.342224,-21311286.398319,-174620368176.055786,124159538858.521530
59593697762.255669,31498597.112250,-39699282685.099213,46677719.711845,538743746991.312622,-34582515744.788376,-63138206509.544014,2356718860.369916,-559543093.982104,-230122765898.177429
4324843873.583143,22980556316212.328125,13372891024.950819,499645632325.000549,22468159517288.570312,-448786281.370563,9559696850.628021,-1179964044.898724,68499704757.122398,-432374714329.989380
114123673703.643539,770779818574.854736,147149503874.481903,-101410284439.628036,-667983993.441164,-45292579993.797943,17321813248312.074219,-55151592649.025642,-10656264847.545795,
mklt_trsm result is:
 5.709019
1.386904,2.895857,-5.408685,690.380430,-718.796898,-1.193154,7.555069,22703.523841,2.423840,167.625369
0.800601,-1.814866,7.911194,2.222738,-505.837164,1.668633,4.565350,2.477258,-0.207166,-15.268836
-42.439839,260.436206,-0.035943,0.405379,0.828604,0.167842,-1.869660,-165.036972,-6.014075,11.718410
3.673017,2.992392,1.630278,-889.548473,1132.996088,-6.366829,-11624.320701,0.950541,-4.107090,98.417660
515.710193,2.581149,41.845002,16.264008,-97.266704,-10.864132,-640.100915,5.782413,-33.401815,-43.021874
1.794120,-70.744185,-8852.376524,157.692083,-34477.901293,6.640471,0.136883,-95.809760,-10.261836,30313.841985
-18834.729854,32307.370068,-285.812106,-26665.842623,658.071850,-9.305941,34852.048540,9.967791,1138.416183,8.222865
13.813870,9144.362419,-123883.314669,220.262551,381.723463,76156.415355,-17.840724,-141.872733,-914303.000290,8439.083330
122.189740,-142.123933,7498153.913559,-2082.447256,27.165022,-24485.306298,1.919848,-3378.523638,-11705.145339,-187.905956
24996.563552,-48666.784489,657695.443634,-4607642.476872,-16627.455639,30.487883,30.336996,920.260034,-15916.919450,35625.684245
-45402.719521,131.587145,22.347989,-855795.045900,-68712.696179,144430.454269,-18159.710469,15673.047735,1219.216260,-335573837.576201
12503855.267180,1557213.707970,-75862.844503,-37029795.176978,-400738.688701,-4742.959436,-13923.985097,-404770.318658,21908.230385,-137824.847126
6231.438948,-363.703068,23202.284902,3514665617.027933,99844.895282,39808.738617,-57523554.627656,1995916.442872,1440942574.741982,9633.525223
6817.477036,12872.277669,-7374911638.605439,-972647.344420,-5912340.391207,1253125.042208,-1056.642728,213065145.279095,-17731.043947,861537.050346
30039.762363,-562148.870960,781412.600814,152484.915687,1524.443230,32015308.681546,-355128.942230,-61292.896290,228337.771263,-19963370.016726
174102.613701,-5270967.799345,17702244.045853,-2859889365.135994,3562616.115326,1866611274.471851,11396253.811166,56526.007366,-4157080585.774041,4609.599189
-195325.715754,429134.481224,3304058484.187342,-322257475.042941,-6970054667.160548,-4292042982.835176,-85897.673252,-53527.851355,-17219.141721,333029.883164
2578082.693824,-73787.218637,4213310768.888915,23035806.634223,551404548.089687,738596720.804261,298160833691.262756,167496.156030,-2629572724.206954,46390.948735
72025.288311,-807894225441.070801,12475052793.126392,28380.992575,-13657217.919575,-2104855901.972998,-25295426.475554,314849386948.207520,875071036671.456909,-452293138.555111
-29087427287.056908,6427030133.768106,2633009216.201914,-759589322936.826050,42647189.340264,-172229607.056356,1383356.477145,23525743.623270,1171038.177859,-24035171074.099731
-298992682373.929443,-816833.127805,4958282749.552804,-17368667244889.992188,793109145.029898,22243202197.850876,52512937.420722,232278004742.379364,-698670590.428804,57606286.161137
-69933074263.653671,-21762086952.642033,10676742541.484974,-12936628335.264975,-5935839399.303963,-28327625.181342,6923256176.342228,-21311286.398319,-174620368176.055878,124159538858.521637
59593697762.255699,31498597.112250,-39699282685.099251,46677719.711845,538743746991.312744,-34582515744.788406,-63138206509.544052,2356718860.369917,-559543093.982104,-230122765898.177582
4324843873.583146,22980556316212.339844,13372891024.950829,499645632325.000916,22468159517288.585938,-448786281.370563,9559696850.628025,-1179964044.898724,68499704757.122444,-432374714329.989624
114123673703.643616,770779818574.855103,147149503874.481995,-101410284439.628098,-667983993.441164,-45292579993.797966,17321813248312.083984,-55151592649.025688,-10656264847.545801,
dist is:
 0.000000
0.000000,0.000000,-0.000000,0.000000,0.000000,0.000000,0.000000,0.000000,0.000000,0.000000
-0.000000,0.000000,-0.000000,0.000000,0.000000,0.000000,0.000000,-0.000000,-0.000000,0.000000
-0.000000,-0.000000,0.000000,0.000000,0.000000,0.000000,0.000000,-0.000000,0.000000,0.000000
0.000000,-0.000000,-0.000000,0.000000,0.000000,-0.000000,0.000000,0.000000,0.000000,0.000000
0.000000,0.000000,0.000000,0.000000,0.000000,0.000000,-0.000000,0.000000,-0.000000,-0.000000
-0.000000,-0.000000,0.000000,0.000000,0.000000,0.000000,0.000000,0.000000,0.000000,0.000000
0.000000,0.000000,-0.000000,-0.000000,0.000000,-0.000000,-0.000000,0.000000,0.000000,0.000000
-0.000000,-0.000000,0.000000,0.000000,0.000000,0.000000,-0.000000,-0.000000,0.000000,0.000000
0.000000,-0.000000,-0.000000,-0.000000,0.000000,-0.000000,0.000000,0.000000,0.000000,-0.000000
-0.000000,0.000000,0.000000,0.000000,-0.000000,-0.000000,0.000000,0.000000,0.000000,0.000000
0.000000,0.000000,0.000000,-0.000000,0.000000,-0.000000,0.000000,-0.000000,0.000000,0.000000
-0.000000,0.000000,0.000000,0.000000,0.000000,0.000000,0.000000,0.000000,-0.000000,0.000000
0.000000,-0.000000,0.000000,-0.000002,-0.000000,0.000000,-0.000000,-0.000000,-0.000000,0.000000
0.000000,0.000000,0.000005,-0.000000,0.000000,0.000000,-0.000000,0.000000,0.000000,0.000000
0.000000,0.000000,0.000000,0.000000,0.000000,0.000000,0.000000,0.000000,0.000000,0.000000
-0.000000,0.000000,-0.000000,0.000001,-0.000000,-0.000001,-0.000000,-0.000000,0.000002,0.000000
0.000000,-0.000000,-0.000002,0.000000,0.000005,0.000003,0.000000,0.000000,-0.000000,0.000000
-0.000000,0.000000,-0.000002,0.000000,0.000000,-0.000000,-0.000244,0.000000,0.000002,-0.000000
0.000000,0.000366,-0.000008,-0.000000,0.000000,0.000001,0.000000,-0.000183,-0.000366,-0.000000
0.000027,-0.000004,-0.000001,0.000366,-0.000000,0.000000,0.000000,-0.000000,-0.000000,0.000015
0.000244,0.000000,-0.000004,0.009766,-0.000001,-0.000019,0.000000,-0.000122,-0.000000,0.000000
0.000046,0.000015,-0.000008,0.000008,0.000004,-0.000000,-0.000004,0.000000,0.000092,-0.000107
-0.000031,-0.000000,0.000038,0.000000,-0.000122,0.000031,0.000038,-0.000001,0.000000,0.000153
-0.000003,-0.011719,-0.000010,-0.000366,-0.015625,-0.000000,-0.000004,0.000001,-0.000046,0.000244
-0.000076,-0.000366,-0.000092,0.000061,0.000000,0.000023,-0.009766,0.000046,0.000006,
thread_num : 1
ict_sparse_d_trsm_plain called
trsm_plain, csr , triangular, fill:0 , layout:0, diag:1, index4:1
ict_sparse_d_trsm_plain elasped time : 0.000016[sec]
mkl_sparse_d_trsm elasped time : 0.000151[sec]

correct!!!
inf-norm = 0.0000000000000018

ict_trsm result is:
 1.680375
0.788766,1.566198,0.803457,1.823295,-1.145795,0.034331,1.536459,1.299174,1.107940,0.954794
0.938411,0.082335,1.026802,1.904459,0.821201,1.271423,1.386731,0.283205,0.349377,-1.216643
0.387367,-0.747420,0.368180,0.313358,0.801889,0.165476,-1.124595,1.031737,-0.510574,1.025865
1.510884,1.225280,0.572448,0.084719,0.292265,0.217286,-0.304330,0.585034,-0.439150,0.415894
1.022266,0.774252,1.417772,1.494681,-1.472863,-0.462107,0.919521,0.448965,-0.489289,0.829358
0.172112,1.135489,0.616734,1.148346,0.050529,-0.725878,-0.185221,0.795120,-0.779087,-0.717225
-0.002846,1.729747,-0.222616,0.085531,0.220621,0.949961,1.789986,0.542150,0.760202,0.031545
0.514180,0.559852,0.558662,1.222697,0.406537,-1.538060,2.009350,0.513781,2.361456,0.585522
0.371940,0.081887,-1.644121,0.569500,0.214458,-0.915043,1.786745,-2.581953,-0.929806,-0.398311
0.232768,-0.245190,1.031237,1.404220,-0.507259,1.259693,0.386693,-0.100541,0.052331,2.141743
-0.397344,-0.985911,0.128418,-2.812824,1.043429,1.320481,-1.064097,0.970099,-1.154014,1.679887
-0.720441,-0.832047,-0.801816,0.797834,-1.752704,-0.260741,-0.726954,0.316864,-0.862561,1.607884
-0.860350,-0.508344,-0.259981,-0.955490,0.107992,1.497298,1.876681,2.649154,-1.622531,0.646792
1.061773,-1.201237,0.208202,-2.369292,1.652078,1.523524,0.061565,-0.980567,0.675203,0.618831
1.593768,-0.112729,2.006043,0.504759,-0.955785,1.915525,-0.251497,-0.246016,0.750584,3.749430
2.120449,-1.520799,0.671826,1.370512,2.282240,-1.761500,-0.533548,-1.574296,0.549482,-0.823177
1.371587,0.846884,-1.224624,1.643198,2.071563,-0.866288,-2.781562,3.730466,-1.310811,-0.807325
-0.060052,-0.172580,0.353408,-2.466723,1.789519,0.376529,2.052475,0.965776,0.970578,0.539963
-1.647268,2.581563,4.124046,1.196607,-0.241598,1.301321,2.521315,2.103887,-0.535193,-2.799290
3.282424,-3.605553,-0.474062,-3.374745,-1.195087,1.806491,0.083359,2.444296,-0.127547,0.746047
-0.177275,0.864660,1.243151,2.448004,-5.937976,-2.217553,1.458738,-0.580459,2.030490,-2.144838
-0.698927,-1.487549,0.532988,-0.640735,-1.474192,-0.789805,1.603914,1.564651,-3.226377,-3.138033
3.131993,0.761226,-3.653224,-4.306308,2.415921,2.547930,-0.217146,-3.896294,0.474839,-1.468975
-2.763229,-5.385805,-0.100358,5.073140,-5.466067,-3.632131,-0.378313,4.044971,-4.296357,-1.826843
-3.223669,4.171683,0.750815,3.793348,-1.630234,-3.831505,-1.579576,0.784333,0.457482,
mklt_trsm result is:
 1.680375
0.788766,1.566198,0.803457,1.823295,-1.145795,0.034331,1.536459,1.299174,1.107940,0.954794
0.938411,0.082335,1.026802,1.904459,0.821201,1.271423,1.386731,0.283205,0.349377,-1.216643
0.387367,-0.747420,0.368180,0.313358,0.801889,0.165476,-1.124595,1.031737,-0.510574,1.025865
1.510884,1.225280,0.572448,0.084719,0.292265,0.217286,-0.304330,0.585034,-0.439150,0.415894
1.022266,0.774252,1.417772,1.494681,-1.472863,-0.462107,0.919521,0.448965,-0.489289,0.829358
0.172112,1.135489,0.616734,1.148346,0.050529,-0.725878,-0.185221,0.795120,-0.779087,-0.717225
-0.002846,1.729747,-0.222616,0.085531,0.220621,0.949961,1.789986,0.542150,0.760202,0.031545
0.514180,0.559852,0.558662,1.222697,0.406537,-1.538060,2.009350,0.513781,2.361456,0.585522
0.371940,0.081887,-1.644121,0.569500,0.214458,-0.915043,1.786745,-2.581953,-0.929806,-0.398311
0.232768,-0.245190,1.031237,1.404220,-0.507259,1.259693,0.386693,-0.100541,0.052331,2.141743
-0.397344,-0.985911,0.128418,-2.812824,1.043429,1.320481,-1.064097,0.970099,-1.154014,1.679887
-0.720441,-0.832047,-0.801816,0.797834,-1.752704,-0.260741,-0.726954,0.316864,-0.862561,1.607884
-0.860350,-0.508344,-0.259981,-0.955490,0.107992,1.497298,1.876681,2.649154,-1.622531,0.646792
1.061773,-1.201237,0.208202,-2.369292,1.652078,1.523524,0.061565,-0.980567,0.675203,0.618831
1.593768,-0.112729,2.006043,0.504759,-0.955785,1.915525,-0.251497,-0.246016,0.750584,3.749430
2.120449,-1.520799,0.671826,1.370512,2.282240,-1.761500,-0.533548,-1.574296,0.549482,-0.823177
1.371587,0.846884,-1.224624,1.643198,2.071563,-0.866288,-2.781562,3.730466,-1.310811,-0.807325
-0.060052,-0.172580,0.353408,-2.466723,1.789519,0.376529,2.052475,0.965776,0.970578,0.539963
-1.647268,2.581563,4.124046,1.196607,-0.241598,1.301321,2.521315,2.103887,-0.535193,-2.799290
3.282424,-3.605553,-0.474062,-3.374745,-1.195087,1.806491,0.083359,2.444296,-0.127547,0.746047
-0.177275,0.864660,1.243151,2.448004,-5.937976,-2.217553,1.458738,-0.580459,2.030490,-2.144838
-0.698927,-1.487549,0.532988,-0.640735,-1.474192,-0.789805,1.603914,1.564651,-3.226377,-3.138033
3.131993,0.761226,-3.653224,-4.306308,2.415921,2.547930,-0.217146,-3.896294,0.474839,-1.468975
-2.763229,-5.385805,-0.100358,5.073140,-5.466067,-3.632131,-0.378313,4.044971,-4.296357,-1.826843
-3.223669,4.171683,0.750815,3.793348,-1.630234,-3.831505,-1.579576,0.784333,0.457482,
dist is:
 0.000000
0.000000,0.000000,0.000000,0.000000,0.000000,0.000000,0.000000,0.000000,0.000000,0.000000
0.000000,0.000000,0.000000,0.000000,0.000000,0.000000,0.000000,0.000000,0.000000,0.000000
0.000000,0.000000,0.000000,0.000000,0.000000,0.000000,0.000000,0.000000,0.000000,0.000000
0.000000,0.000000,0.000000,0.000000,-0.000000,0.000000,0.000000,0.000000,0.000000,0.000000
-0.000000,0.000000,0.000000,0.000000,0.000000,0.000000,0.000000,0.000000,0.000000,0.000000
0.000000,0.000000,0.000000,0.000000,0.000000,0.000000,0.000000,0.000000,0.000000,-0.000000
0.000000,0.000000,-0.000000,0.000000,0.000000,0.000000,0.000000,0.000000,-0.000000,0.000000
0.000000,0.000000,0.000000,0.000000,0.000000,0.000000,-0.000000,0.000000,0.000000,0.000000
-0.000000,0.000000,0.000000,0.000000,0.000000,0.000000,0.000000,0.000000,0.000000,0.000000
-0.000000,0.000000,0.000000,0.000000,0.000000,0.000000,0.000000,0.000000,0.000000,0.000000
0.000000,0.000000,0.000000,0.000000,-0.000000,0.000000,-0.000000,-0.000000,0.000000,-0.000000
0.000000,0.000000,0.000000,0.000000,0.000000,0.000000,0.000000,0.000000,0.000000,0.000000
0.000000,0.000000,0.000000,0.000000,0.000000,-0.000000,0.000000,0.000000,0.000000,0.000000
0.000000,-0.000000,-0.000000,0.000000,0.000000,-0.000000,0.000000,0.000000,-0.000000,-0.000000
0.000000,0.000000,-0.000000,0.000000,-0.000000,0.000000,0.000000,0.000000,0.000000,0.000000
0.000000,0.000000,-0.000000,-0.000000,0.000000,-0.000000,0.000000,0.000000,-0.000000,0.000000
0.000000,-0.000000,0.000000,-0.000000,0.000000,0.000000,0.000000,-0.000000,0.000000,0.000000
-0.000000,0.000000,-0.000000,0.000000,0.000000,-0.000000,0.000000,0.000000,-0.000000,-0.000000
0.000000,-0.000000,0.000000,0.000000,-0.000000,-0.000000,0.000000,-0.000000,0.000000,0.000000
0.000000,0.000000,0.000000,0.000000,0.000000,0.000000,-0.000000,-0.000000,0.000000,0.000000
-0.000000,-0.000000,0.000000,-0.000000,0.000000,-0.000000,0.000000,0.000000,0.000000,-0.000000
-0.000000,0.000000,0.000000,0.000000,0.000000,0.000000,0.000000,0.000000,0.000000,0.000000
0.000000,-0.000000,0.000000,0.000000,0.000000,-0.000000,-0.000000,0.000000,-0.000000,0.000000
-0.000000,0.000000,-0.000000,0.000000,-0.000000,-0.000000,-0.000000,0.000000,0.000000,0.000000
0.000000,-0.000000,0.000000,-0.000000,0.000000,0.000000,0.000000,-0.000000,0.000000,
thread_num : 1
ict_sparse_d_trsm_plain called
trsm_plain, csr , triangular, fill:1 , layout:0, diag:0, index4:2
ict_sparse_d_trsm_plain elasped time : 0.000023[sec]
mkl_sparse_d_trsm elasped time : 0.000140[sec]

Significant numeric error.
inf-norm = 0.0000133514404297

ict_trsm result is:
 21820092.518909
105603514.532623,1176237.998926,-205087823.149162,-1568394728.831418,-320.685483,-9546766.426199,12455700582.994265,-15050849.880974,8326688813.400678,-3822185065.490797
161956.825381,15255.532777,87913232.750235,-272329029.882866,-35224267.641927,377838.606126,-111181.713398,416845599.262104,20824.067828,-2274539.284274
-14117103.583084,2558010.690851,-126089.287439,114143.732127,-35414.994652,43436892.203379,-1725668.332128,-1678634.221700,-3635687.011155,-76437908.608812
11109.584760,-5721984.093540,2486249.990735,149917.135837,3314201.105292,2359121.934058,96712.760837,-68463.677971,-411835.102743,-226101.448385
14755.532639,9226924.300106,17174295.270542,12329.648011,-3624924.197205,-20506.642075,2424784.967881,130116.345163,3265154.412488,10469.568585
-621604.792428,-2736976.317739,1128.899922,-6017.079131,14.684446,6270.986926,403349.570226,-365735.578474,14204773.258362,182390.443256
-44494.692610,-1253534.430847,-1232145.105782,270656344.741650,-862361.843653,-15339441.293318,-4964733.119295,-1051149.729524,-88000.558842,6100.096028
2964.047978,44738.585536,-580682.824700,2477219.101795,1719.318042,124977.462401,30096.208717,-45380.470042,-88981.122669,-54746.150682
-2150073.505930,100.292555,-6690044.907158,5670.446096,-7148.872955,111400.333154,2263997.417081,6143.080634,-21081.409539,727518.525591
6360.630407,278509.297308,-2925.075049,-146.051986,8497.463535,94.122152,-2246926.029294,-4971.289822,-8647.538655,-51784.149063
-7458.792814,-1627.243765,0.510809,362.833957,-223.243535,46.269830,-1449.268071,-3838.129681,-212.383196,777398.761958
944.009578,-22674.612888,-65.034259,110.788122,6469.107618,-1682.012322,3100.145408,233.965093,-32.052191,3948.179240
6416.317758,-1112.246573,81.278663,-320.474785,-6.528771,11.491582,-1608.920239,6.531930,4.020471,-55.268746
-57.288491,-3000.503142,29936.253799,-255.560546,9137.061471,23.776252,2084.931241,27.618453,-4111.891101,-43.709743
-3596.112894,-47.394483,7.487869,-310.063167,-19.535117,-59.360105,1949.249287,7.321590,-2475.843861,-0.237639
-5503.786895,145.960661,1813.871206,59.561658,173.210560,-160.935545,105.365968,-6.198228,13.857515,5.289937
1180.830521,192.164529,4.542007,23.185469,-7.960218,-34.347678,-186.873217,18.417646,-32.896866,-1.790522
-0.900539,10.554943,36.051376,17.657380,-68.197528,47.845030,-1182.516463,22.024404,-98.302424,2.395652
0.909594,-94.324267,-0.632419,5.746521,-1.718024,-2.669968,-8.637021,-267.354746,-1.529304,141.730712
14.493744,-8.497655,0.542161,0.277122,34.394177,8.965407,9.471068,2.807029,-12.392179,8.958635
-15.403359,-0.175010,-18.524057,37.498276,1.447524,-0.673479,12.906001,4.547061,41.346736,-0.217771
1.330213,-9.371852,-4.558139,0.704543,-12.930320,-1.677461,0.112778,-0.331530,0.601571,-4.377047
0.476561,-3.370927,14.391830,1.106387,1.387341,3.146325,0.527403,1.582906,1.427334,2.221852
-2.015072,0.944061,-5.985048,1.548584,-0.553483,0.826483,2.698737,1.864087,0.877106,2.128150
1.094108,1.063565,1.046665,1.631239,0.665999,3.061289,0.145658,5.926414,11.897362,
mklt_trsm result is:
 21820092.518909
105603514.532623,1176237.998926,-205087823.149162,-1568394728.831418,-320.685483,-9546766.426199,12455700582.994251,-15050849.880974,8326688813.400670,-3822185065.490793
161956.825381,15255.532777,87913232.750234,-272329029.882866,-35224267.641927,377838.606126,-111181.713398,416845599.262104,20824.067828,-2274539.284274
-14117103.583084,2558010.690851,-126089.287439,114143.732127,-35414.994652,43436892.203379,-1725668.332128,-1678634.221700,-3635687.011155,-76437908.608812
11109.584760,-5721984.093540,2486249.990735,149917.135837,3314201.105292,2359121.934058,96712.760837,-68463.677971,-411835.102743,-226101.448385
14755.532639,9226924.300106,17174295.270542,12329.648011,-3624924.197205,-20506.642075,2424784.967881,130116.345163,3265154.412488,10469.568585
-621604.792428,-2736976.317739,1128.899922,-6017.079131,14.684446,6270.986926,403349.570226,-365735.578474,14204773.258362,182390.443256
-44494.692610,-1253534.430847,-1232145.105782,270656344.741650,-862361.843653,-15339441.293318,-4964733.119295,-1051149.729524,-88000.558842,6100.096028
2964.047978,44738.585536,-580682.824700,2477219.101795,1719.318042,124977.462401,30096.208717,-45380.470042,-88981.122669,-54746.150682
-2150073.505930,100.292555,-6690044.907158,5670.446096,-7148.872955,111400.333154,2263997.417081,6143.080634,-21081.409539,727518.525591
6360.630407,278509.297308,-2925.075049,-146.051986,8497.463535,94.122152,-2246926.029294,-4971.289822,-8647.538655,-51784.149063
-7458.792814,-1627.243765,0.510809,362.833957,-223.243535,46.269830,-1449.268071,-3838.129681,-212.383196,777398.761958
944.009578,-22674.612888,-65.034259,110.788122,6469.107618,-1682.012322,3100.145408,233.965093,-32.052191,3948.179240
6416.317758,-1112.246573,81.278663,-320.474785,-6.528771,11.491582,-1608.920239,6.531930,4.020471,-55.268746
-57.288491,-3000.503142,29936.253799,-255.560546,9137.061471,23.776252,2084.931241,27.618453,-4111.891101,-43.709743
-3596.112894,-47.394483,7.487869,-310.063167,-19.535117,-59.360105,1949.249287,7.321590,-2475.843861,-0.237639
-5503.786895,145.960661,1813.871206,59.561658,173.210560,-160.935545,105.365968,-6.198228,13.857515,5.289937
1180.830521,192.164529,4.542007,23.185469,-7.960218,-34.347678,-186.873217,18.417646,-32.896866,-1.790522
-0.900539,10.554943,36.051376,17.657380,-68.197528,47.845030,-1182.516463,22.024404,-98.302424,2.395652
0.909594,-94.324267,-0.632419,5.746521,-1.718024,-2.669968,-8.637021,-267.354746,-1.529304,141.730712
14.493744,-8.497655,0.542161,0.277122,34.394177,8.965407,9.471068,2.807029,-12.392179,8.958635
-15.403359,-0.175010,-18.524057,37.498276,1.447524,-0.673479,12.906001,4.547061,41.346736,-0.217771
1.330213,-9.371852,-4.558139,0.704543,-12.930320,-1.677461,0.112778,-0.331530,0.601571,-4.377047
0.476561,-3.370927,14.391830,1.106387,1.387341,3.146325,0.527403,1.582906,1.427334,2.221852
-2.015072,0.944061,-5.985048,1.548584,-0.553483,0.826483,2.698737,1.864087,0.877106,2.128150
1.094108,1.063565,1.046665,1.631239,0.665999,3.061289,0.145658,5.926414,11.897362,
dist is:
 0.000000
0.000000,0.000000,-0.000000,-0.000001,-0.000000,-0.000000,0.000013,0.000000,0.000008,-0.000004
-0.000000,0.000000,0.000000,-0.000000,-0.000000,0.000000,-0.000000,0.000000,0.000000,-0.000000
-0.000000,0.000000,-0.000000,0.000000,-0.000000,0.000000,-0.000000,0.000000,-0.000000,-0.000000
0.000000,-0.000000,0.000000,0.000000,0.000000,0.000000,-0.000000,0.000000,0.000000,-0.000000
0.000000,0.000000,0.000000,-0.000000,-0.000000,0.000000,0.000000,0.000000,0.000000,0.000000
-0.000000,-0.000000,0.000000,-0.000000,-0.000000,0.000000,-0.000000,-0.000000,0.000000,0.000000
-0.000000,-0.000000,-0.000000,0.000000,-0.000000,-0.000000,-0.000000,-0.000000,-0.000000,0.000000
0.000000,0.000000,-0.000000,0.000000,0.000000,0.000000,0.000000,0.000000,0.000000,-0.000000
-0.000000,0.000000,-0.000000,0.000000,-0.000000,0.000000,0.000000,0.000000,0.000000,0.000000
0.000000,0.000000,-0.000000,0.000000,0.000000,-0.000000,-0.000000,-0.000000,-0.000000,-0.000000
-0.000000,-0.000000,0.000000,0.000000,-0.000000,-0.000000,-0.000000,-0.000000,0.000000,0.000000
0.000000,-0.000000,0.000000,0.000000,0.000000,-0.000000,0.000000,0.000000,0.000000,0.000000
0.000000,0.000000,-0.000000,0.000000,-0.000000,0.000000,-0.000000,-0.000000,0.000000,0.000000
0.000000,-0.000000,-0.000000,0.000000,0.000000,-0.000000,0.000000,0.000000,0.000000,0.000000
-0.000000,-0.000000,0.000000,-0.000000,0.000000,0.000000,-0.000000,-0.000000,-0.000000,-0.000000
-0.000000,0.000000,0.000000,-0.000000,0.000000,0.000000,0.000000,0.000000,0.000000,0.000000
0.000000,0.000000,0.000000,-0.000000,0.000000,0.000000,0.000000,0.000000,0.000000,0.000000
0.000000,0.000000,0.000000,-0.000000,0.000000,-0.000000,0.000000,-0.000000,0.000000,0.000000
0.000000,0.000000,0.000000,-0.000000,0.000000,-0.000000,0.000000,0.000000,0.000000,-0.000000
-0.000000,0.000000,0.000000,-0.000000,-0.000000,-0.000000,0.000000,0.000000,0.000000,0.000000
0.000000,0.000000,0.000000,-0.000000,0.000000,-0.000000,0.000000,0.000000,0.000000,0.000000
0.000000,0.000000,0.000000,0.000000,0.000000,-0.000000,0.000000,0.000000,0.000000,-0.000000
0.000000,0.000000,0.000000,0.000000,0.000000,0.000000,0.000000,0.000000,0.000000,-0.000000
0.000000,0.000000,0.000000,-0.000000,-0.000000,0.000000,0.000000,0.000000,0.000000,0.000000
0.000000,0.000000,0.000000,0.000000,0.000000,0.000000,0.000000,0.000000,0.000000,
thread_num : 1
ict_sparse_d_trsm_plain called
trsm_plain, csr , triangular, fill:1 , layout:0, diag:1, index4:3
ict_sparse_d_trsm_plain elasped time : 0.000016[sec]
mkl_sparse_d_trsm elasped time : 0.000141[sec]

correct!!!
inf-norm = 0.0000000000000018

ict_trsm result is:
 0.897769
6.325805,0.359661,0.719141,5.303076,-1.521258,-4.205601,-5.312750,0.842938,-1.211708,3.955585
-2.764913,-1.419465,1.858250,0.961136,-1.444844,-0.281006,-6.463180,2.156786,-0.317498,-3.326247
-4.904143,3.046815,2.692658,-2.008966,-0.396395,-1.696044,-1.597157,0.877814,2.196852,-0.094108
4.073651,-6.432020,1.855106,3.459049,0.818278,3.197074,-5.185809,1.023959,3.324500,-0.627953
2.317248,0.969059,2.006184,-2.470648,2.356712,0.810208,-3.398411,-2.240499,-0.173691,3.105287
2.158772,-3.286095,0.833227,-4.626846,-0.185966,0.994845,-7.448394,0.951290,-1.071614,-2.247300
-1.885456,-0.039904,1.892012,0.245600,-3.013189,-1.295425,1.504823,1.647424,-0.486651,0.864408
-1.484486,1.076514,-4.511742,-1.130345,0.029507,6.068372,-2.546433,0.302918,-3.938873,2.491264
-3.043826,-0.000924,2.290108,-0.710424,1.774837,-3.084927,0.240983,-1.142786,2.412056,0.384262
-2.085336,2.287557,2.228780,-1.503637,0.467037,1.821246,-0.125439,-0.762078,1.868033,1.816954
2.337838,2.980994,0.476186,-1.046475,0.847010,-1.514245,1.921506,-0.284132,0.443374,1.943316
1.147148,0.216305,-1.200954,-0.937933,0.218438,2.353641,0.169586,1.312605,1.595156,1.557825
1.782678,1.383109,-3.224010,-1.083083,1.810704,0.210627,-1.462409,1.499542,0.662234,-1.582836
2.289631,-2.760999,-1.543522,-0.102129,-3.059389,0.159414,1.020009,-0.836640,1.759095,-0.517119
-1.730020,-1.619257,1.465344,-3.883291,-0.146791,1.111544,-0.979373,1.228713,0.769135,-0.190213
-1.399385,3.230829,0.801432,0.423990,-1.787238,-0.801036,-2.243493,-1.231919,1.505268,1.766745
1.313602,-0.633421,0.178058,2.527387,-1.472850,0.192694,0.229495,2.033231,-0.632025,0.627947
0.071834,-0.481801,0.326395,0.360337,-0.176041,0.561329,-0.248885,1.480126,0.232020,1.144487
0.727694,0.240600,-0.975525,1.134069,-0.338018,-1.268484,-0.078947,-0.841804,0.402856,0.175303
1.291276,-0.656868,0.513764,1.679430,0.268360,0.992624,1.664532,1.279790,-0.367972,1.958868
1.013873,0.147017,1.063605,1.217896,0.994517,-0.081546,1.779435,2.652823,-0.075228,0.322785
0.496088,-0.140495,-3.134442,0.968926,-1.322678,-1.049310,-0.039643,-0.199644,0.763068,-0.819720
0.659278,-0.426270,1.930692,0.560084,1.039250,1.397081,0.226561,0.782969,1.185080,1.888636
-0.032071,0.672702,1.335030,0.869027,-0.222326,0.689886,1.196963,1.666487,0.467783,1.350952
0.965901,0.963872,0.609911,1.424175,0.365112,1.243646,0.081729,0.827967,1.391968,
mklt_trsm result is:
 0.897769
6.325805,0.359661,0.719141,5.303076,-1.521258,-4.205601,-5.312750,0.842938,-1.211708,3.955585
-2.764913,-1.419465,1.858250,0.961136,-1.444844,-0.281006,-6.463180,2.156786,-0.317498,-3.326247
-4.904143,3.046815,2.692658,-2.008966,-0.396395,-1.696044,-1.597157,0.877814,2.196852,-0.094108
4.073651,-6.432020,1.855106,3.459049,0.818278,3.197074,-5.185809,1.023959,3.324500,-0.627953
2.317248,0.969059,2.006184,-2.470648,2.356712,0.810208,-3.398411,-2.240499,-0.173691,3.105287
2.158772,-3.286095,0.833227,-4.626846,-0.185966,0.994845,-7.448394,0.951290,-1.071614,-2.247300
-1.885456,-0.039904,1.892012,0.245600,-3.013189,-1.295425,1.504823,1.647424,-0.486651,0.864408
-1.484486,1.076514,-4.511742,-1.130345,0.029507,6.068372,-2.546433,0.302918,-3.938873,2.491264
-3.043826,-0.000924,2.290108,-0.710424,1.774837,-3.084927,0.240983,-1.142786,2.412056,0.384262
-2.085336,2.287557,2.228780,-1.503637,0.467037,1.821246,-0.125439,-0.762078,1.868033,1.816954
2.337838,2.980994,0.476186,-1.046475,0.847010,-1.514245,1.921506,-0.284132,0.443374,1.943316
1.147148,0.216305,-1.200954,-0.937933,0.218438,2.353641,0.169586,1.312605,1.595156,1.557825
1.782678,1.383109,-3.224010,-1.083083,1.810704,0.210627,-1.462409,1.499542,0.662234,-1.582836
2.289631,-2.760999,-1.543522,-0.102129,-3.059389,0.159414,1.020009,-0.836640,1.759095,-0.517119
-1.730020,-1.619257,1.465344,-3.883291,-0.146791,1.111544,-0.979373,1.228713,0.769135,-0.190213
-1.399385,3.230829,0.801432,0.423990,-1.787238,-0.801036,-2.243493,-1.231919,1.505268,1.766745
1.313602,-0.633421,0.178058,2.527387,-1.472850,0.192694,0.229495,2.033231,-0.632025,0.627947
0.071834,-0.481801,0.326395,0.360337,-0.176041,0.561329,-0.248885,1.480126,0.232020,1.144487
0.727694,0.240600,-0.975525,1.134069,-0.338018,-1.268484,-0.078947,-0.841804,0.402856,0.175303
1.291276,-0.656868,0.513764,1.679430,0.268360,0.992624,1.664532,1.279790,-0.367972,1.958868
1.013873,0.147017,1.063605,1.217896,0.994517,-0.081546,1.779435,2.652823,-0.075228,0.322785
0.496088,-0.140495,-3.134442,0.968926,-1.322678,-1.049310,-0.039643,-0.199644,0.763068,-0.819720
0.659278,-0.426270,1.930692,0.560084,1.039250,1.397081,0.226561,0.782969,1.185080,1.888636
-0.032071,0.672702,1.335030,0.869027,-0.222326,0.689886,1.196963,1.666487,0.467783,1.350952
0.965901,0.963872,0.609911,1.424175,0.365112,1.243646,0.081729,0.827967,1.391968,
dist is:
 0.000000
0.000000,0.000000,-0.000000,0.000000,0.000000,0.000000,0.000000,-0.000000,-0.000000,-0.000000
0.000000,0.000000,0.000000,0.000000,0.000000,0.000000,0.000000,0.000000,0.000000,0.000000
0.000000,-0.000000,0.000000,-0.000000,0.000000,0.000000,-0.000000,0.000000,0.000000,-0.000000
0.000000,0.000000,0.000000,-0.000000,0.000000,0.000000,-0.000000,-0.000000,-0.000000,-0.000000
0.000000,0.000000,0.000000,0.000000,0.000000,-0.000000,0.000000,0.000000,0.000000,0.000000
-0.000000,0.000000,0.000000,0.000000,0.000000,0.000000,0.000000,0.000000,0.000000,0.000000
0.000000,0.000000,-0.000000,-0.000000,0.000000,0.000000,-0.000000,0.000000,0.000000,0.000000
0.000000,-0.000000,0.000000,0.000000,-0.000000,-0.000000,0.000000,0.000000,0.000000,-0.000000
0.000000,0.000000,0.000000,0.000000,-0.000000,0.000000,0.000000,0.000000,0.000000,0.000000
0.000000,0.000000,-0.000000,0.000000,0.000000,0.000000,-0.000000,0.000000,0.000000,-0.000000
-0.000000,-0.000000,0.000000,0.000000,0.000000,0.000000,-0.000000,0.000000,0.000000,0.000000
0.000000,0.000000,0.000000,-0.000000,0.000000,0.000000,0.000000,0.000000,0.000000,0.000000
0.000000,0.000000,0.000000,0.000000,0.000000,0.000000,0.000000,0.000000,0.000000,0.000000
0.000000,0.000000,0.000000,0.000000,0.000000,0.000000,0.000000,0.000000,0.000000,0.000000
0.000000,0.000000,0.000000,0.000000,0.000000,0.000000,0.000000,0.000000,0.000000,0.000000
0.000000,-0.000000,0.000000,0.000000,0.000000,0.000000,0.000000,0.000000,0.000000,0.000000
0.000000,0.000000,0.000000,0.000000,0.000000,0.000000,0.000000,0.000000,0.000000,0.000000
0.000000,0.000000,0.000000,0.000000,0.000000,0.000000,0.000000,0.000000,0.000000,0.000000
0.000000,0.000000,0.000000,0.000000,0.000000,0.000000,0.000000,0.000000,0.000000,0.000000
0.000000,0.000000,0.000000,0.000000,0.000000,0.000000,0.000000,0.000000,0.000000,0.000000
0.000000,0.000000,0.000000,0.000000,0.000000,0.000000,0.000000,0.000000,0.000000,0.000000
0.000000,0.000000,0.000000,0.000000,0.000000,0.000000,0.000000,0.000000,0.000000,0.000000
0.000000,0.000000,0.000000,0.000000,0.000000,0.000000,0.000000,0.000000,0.000000,0.000000
0.000000,0.000000,0.000000,0.000000,0.000000,0.000000,0.000000,0.000000,0.000000,0.000000
0.000000,0.000000,0.000000,0.000000,0.000000,0.000000,0.000000,0.000000,0.000000,
thread_num : 1
ict_sparse_d_trsm_plain called
trsm_plain, csr , triangular, fill:0 , layout:1, diag:0, index4:4
ict_sparse_d_trsm_plain elasped time : 0.000024[sec]
mkl_sparse_d_trsm elasped time : 0.000120[sec]

Significant numeric error.
inf-norm = 0.0156250000000000

ict_trsm result is:
 5.709019
1.386904,2.895857,-5.408685,690.380430,-718.796898,-1.193154,7.555069,22703.523841,2.423840,167.625369
0.800601,-1.814866,7.911194,2.222738,-505.837164,1.668633,4.565350,2.477258,-0.207166,-15.268836
-42.439839,260.436206,-0.035943,0.405379,0.828604,0.167842,-1.869660,-165.036972,-6.014075,11.718410
3.673017,2.992392,1.630278,-889.548473,1132.996088,-6.366829,-11624.320701,0.950541,-4.107090,98.417660
515.710193,2.581149,41.845002,16.264008,-97.266704,-10.864132,-640.100915,5.782413,-33.401815,-43.021874
1.794120,-70.744185,-8852.376524,157.692083,-34477.901293,6.640471,0.136883,-95.809760,-10.261836,30313.841985
-18834.729854,32307.370068,-285.812106,-26665.842623,658.071850,-9.305941,34852.048540,9.967791,1138.416183,8.222865
13.813870,9144.362419,-123883.314669,220.262551,381.723463,76156.415355,-17.840724,-141.872733,-914303.000290,8439.083330
122.189740,-142.123933,7498153.913559,-2082.447256,27.165022,-24485.306298,1.919848,-3378.523638,-11705.145339,-187.905956
24996.563552,-48666.784489,657695.443634,-4607642.476872,-16627.455639,30.487883,30.336996,920.260034,-15916.919450,35625.684245
-45402.719521,131.587145,22.347989,-855795.045900,-68712.696179,144430.454269,-18159.710469,15673.047735,1219.216260,-335573837.576201
12503855.267180,1557213.707970,-75862.844503,-37029795.176978,-400738.688701,-4742.959436,-13923.985097,-404770.318658,21908.230385,-137824.847126
6231.438948,-363.703068,23202.284902,3514665617.027931,99844.895282,39808.738617,-57523554.627656,1995916.442872,1440942574.741982,9633.525223
6817.477036,12872.277669,-7374911638.605434,-972647.344420,-5912340.391207,1253125.042208,-1056.642728,213065145.279095,-17731.043947,861537.050346
30039.762363,-562148.870960,781412.600814,152484.915687,1524.443230,32015308.681546,-355128.942230,-61292.896290,228337.771263,-19963370.016726
174102.613701,-5270967.799345,17702244.045853,-2859889365.135993,3562616.115326,1866611274.471850,11396253.811166,56526.007366,-4157080585.774039,4609.599189
-195325.715754,429134.481224,3304058484.187340,-322257475.042941,-6970054667.160543,-4292042982.835173,-85897.673252,-53527.851355,-17219.141721,333029.883164
2578082.693824,-73787.218637,4213310768.888913,23035806.634223,551404548.089687,738596720.804261,298160833691.262512,167496.156030,-2629572724.206953,46390.948735
72025.288311,-807894225441.070435,12475052793.126385,28380.992575,-13657217.919575,-2104855901.972997,-25295426.475554,314849386948.207336,875071036671.456543,-452293138.555112
-29087427287.056881,6427030133.768102,2633009216.201913,-759589322936.825684,42647189.340264,-172229607.056356,1383356.477145,23525743.623270,1171038.177859,-24035171074.099716
-298992682373.929199,-816833.127805,4958282749.552800,-17368667244889.982422,793109145.029897,22243202197.850857,52512937.420722,232278004742.379242,-698670590.428804,57606286.161137
-69933074263.653625,-21762086952.642017,10676742541.484966,-12936628335.264967,-5935839399.303959,-28327625.181342,6923256176.342224,-21311286.398319,-174620368176.055786,124159538858.521530
59593697762.255669,31498597.112250,-39699282685.099213,46677719.711845,538743746991.312622,-34582515744.788376,-63138206509.544014,2356718860.369916,-559543093.982104,-230122765898.177429
4324843873.583143,22980556316212.328125,13372891024.950819,499645632325.000549,22468159517288.570312,-448786281.370563,9559696850.628021,-1179964044.898724,68499704757.122398,-432374714329.989380
114123673703.643539,770779818574.854736,147149503874.481903,-101410284439.628036,-667983993.441164,-45292579993.797943,17321813248312.074219,-55151592649.025642,-10656264847.545795,
mklt_trsm result is:
 5.709019
1.386904,2.895857,-5.408685,690.380430,-718.796898,-1.193154,7.555069,22703.523841,2.423840,167.625369
0.800601,-1.814866,7.911194,2.222738,-505.837164,1.668633,4.565350,2.477258,-0.207166,-15.268836
-42.439839,260.436206,-0.035943,0.405379,0.828604,0.167842,-1.869660,-165.036972,-6.014075,11.718410
3.673017,2.992392,1.630278,-889.548473,1132.996088,-6.366829,-11624.320701,0.950541,-4.107090,98.417660
515.710193,2.581149,41.845002,16.264008,-97.266704,-10.864132,-640.100915,5.782413,-33.401815,-43.021874
1.794120,-70.744185,-8852.376524,157.692083,-34477.901293,6.640471,0.136883,-95.809760,-10.261836,30313.841985
-18834.729854,32307.370068,-285.812106,-26665.842623,658.071850,-9.305941,34852.048540,9.967791,1138.416183,8.222865
13.813870,9144.362419,-123883.314669,220.262551,381.723463,76156.415355,-17.840724,-141.872733,-914303.000290,8439.083330
122.189740,-142.123933,7498153.913559,-2082.447256,27.165022,-24485.306298,1.919848,-3378.523638,-11705.145339,-187.905956
24996.563552,-48666.784489,657695.443634,-4607642.476872,-16627.455639,30.487883,30.336996,920.260034,-15916.919450,35625.684245
-45402.719521,131.587145,22.347989,-855795.045900,-68712.696179,144430.454269,-18159.710469,15673.047735,1219.216260,-335573837.576201
12503855.267180,1557213.707970,-75862.844503,-37029795.176978,-400738.688701,-4742.959436,-13923.985097,-404770.318658,21908.230385,-137824.847126
6231.438948,-363.703068,23202.284902,3514665617.027933,99844.895282,39808.738617,-57523554.627656,1995916.442872,1440942574.741982,9633.525223
6817.477036,12872.277669,-7374911638.605439,-972647.344420,-5912340.391207,1253125.042208,-1056.642728,213065145.279095,-17731.043947,861537.050346
30039.762363,-562148.870960,781412.600814,152484.915687,1524.443230,32015308.681546,-355128.942230,-61292.896290,228337.771263,-19963370.016726
174102.613701,-5270967.799345,17702244.045853,-2859889365.135994,3562616.115326,1866611274.471851,11396253.811166,56526.007366,-4157080585.774041,4609.599189
-195325.715754,429134.481224,3304058484.187342,-322257475.042941,-6970054667.160548,-4292042982.835176,-85897.673252,-53527.851355,-17219.141721,333029.883164
2578082.693824,-73787.218637,4213310768.888915,23035806.634223,551404548.089687,738596720.804261,298160833691.262756,167496.156030,-2629572724.206954,46390.948735
72025.288311,-807894225441.070801,12475052793.126392,28380.992575,-13657217.919575,-2104855901.972998,-25295426.475554,314849386948.207520,875071036671.456909,-452293138.555111
-29087427287.056908,6427030133.768106,2633009216.201914,-759589322936.826050,42647189.340264,-172229607.056356,1383356.477145,23525743.623270,1171038.177859,-24035171074.099731
-298992682373.929443,-816833.127805,4958282749.552804,-17368667244889.992188,793109145.029898,22243202197.850876,52512937.420722,232278004742.379364,-698670590.428804,57606286.161137
-69933074263.653671,-21762086952.642033,10676742541.484974,-12936628335.264975,-5935839399.303963,-28327625.181342,6923256176.342228,-21311286.398319,-174620368176.055878,124159538858.521637
59593697762.255699,31498597.112250,-39699282685.099251,46677719.711845,538743746991.312744,-34582515744.788406,-63138206509.544052,2356718860.369917,-559543093.982104,-230122765898.177582
4324843873.583146,22980556316212.339844,13372891024.950829,499645632325.000916,22468159517288.585938,-448786281.370563,9559696850.628025,-1179964044.898724,68499704757.122444,-432374714329.989624
114123673703.643616,770779818574.855103,147149503874.481995,-101410284439.628098,-667983993.441164,-45292579993.797966,17321813248312.083984,-55151592649.025688,-10656264847.545801,
dist is:
 0.000000
0.000000,0.000000,-0.000000,0.000000,0.000000,0.000000,0.000000,0.000000,0.000000,0.000000
-0.000000,0.000000,-0.000000,0.000000,0.000000,0.000000,0.000000,-0.000000,-0.000000,0.000000
-0.000000,-0.000000,0.000000,0.000000,0.000000,0.000000,0.000000,-0.000000,0.000000,0.000000
0.000000,-0.000000,-0.000000,0.000000,0.000000,-0.000000,0.000000,0.000000,0.000000,0.000000
0.000000,0.000000,0.000000,0.000000,0.000000,0.000000,-0.000000,0.000000,-0.000000,-0.000000
-0.000000,-0.000000,0.000000,0.000000,0.000000,0.000000,0.000000,0.000000,0.000000,0.000000
0.000000,0.000000,-0.000000,-0.000000,0.000000,-0.000000,-0.000000,0.000000,0.000000,0.000000
-0.000000,-0.000000,0.000000,0.000000,0.000000,0.000000,-0.000000,-0.000000,0.000000,0.000000
0.000000,-0.000000,-0.000000,-0.000000,0.000000,-0.000000,0.000000,0.000000,0.000000,-0.000000
-0.000000,0.000000,0.000000,0.000000,-0.000000,-0.000000,0.000000,0.000000,0.000000,0.000000
0.000000,0.000000,0.000000,-0.000000,0.000000,-0.000000,0.000000,-0.000000,0.000000,0.000000
-0.000000,0.000000,0.000000,0.000000,0.000000,0.000000,0.000000,0.000000,-0.000000,0.000000
0.000000,-0.000000,0.000000,-0.000002,-0.000000,0.000000,-0.000000,-0.000000,-0.000000,0.000000
0.000000,0.000000,0.000005,-0.000000,0.000000,0.000000,-0.000000,0.000000,0.000000,0.000000
0.000000,0.000000,0.000000,0.000000,0.000000,0.000000,0.000000,0.000000,0.000000,0.000000
-0.000000,0.000000,-0.000000,0.000001,-0.000000,-0.000001,-0.000000,-0.000000,0.000002,0.000000
0.000000,-0.000000,-0.000002,0.000000,0.000005,0.000003,0.000000,0.000000,-0.000000,0.000000
-0.000000,0.000000,-0.000002,0.000000,0.000000,-0.000000,-0.000244,0.000000,0.000002,-0.000000
0.000000,0.000366,-0.000008,-0.000000,0.000000,0.000001,0.000000,-0.000183,-0.000366,-0.000000
0.000027,-0.000004,-0.000001,0.000366,-0.000000,0.000000,0.000000,-0.000000,-0.000000,0.000015
0.000244,0.000000,-0.000004,0.009766,-0.000001,-0.000019,0.000000,-0.000122,-0.000000,0.000000
0.000046,0.000015,-0.000008,0.000008,0.000004,-0.000000,-0.000004,0.000000,0.000092,-0.000107
-0.000031,-0.000000,0.000038,0.000000,-0.000122,0.000031,0.000038,-0.000001,0.000000,0.000153
-0.000003,-0.011719,-0.000010,-0.000366,-0.015625,-0.000000,-0.000004,0.000001,-0.000046,0.000244
-0.000076,-0.000366,-0.000092,0.000061,0.000000,0.000023,-0.009766,0.000046,0.000006,
thread_num : 1
ict_sparse_d_trsm_plain called
trsm_plain, csr , triangular, fill:0 , layout:1, diag:1, index4:5
ict_sparse_d_trsm_plain elasped time : 0.000015[sec]
mkl_sparse_d_trsm elasped time : 0.000112[sec]

correct!!!
inf-norm = 0.0000000000000018

ict_trsm result is:
 1.680375
0.788766,1.566198,0.803457,1.823295,-1.145795,0.034331,1.536459,1.299174,1.107940,0.954794
0.938411,0.082335,1.026802,1.904459,0.821201,1.271423,1.386731,0.283205,0.349377,-1.216643
0.387367,-0.747420,0.368180,0.313358,0.801889,0.165476,-1.124595,1.031737,-0.510574,1.025865
1.510884,1.225280,0.572448,0.084719,0.292265,0.217286,-0.304330,0.585034,-0.439150,0.415894
1.022266,0.774252,1.417772,1.494681,-1.472863,-0.462107,0.919521,0.448965,-0.489289,0.829358
0.172112,1.135489,0.616734,1.148346,0.050529,-0.725878,-0.185221,0.795120,-0.779087,-0.717225
-0.002846,1.729747,-0.222616,0.085531,0.220621,0.949961,1.789986,0.542150,0.760202,0.031545
0.514180,0.559852,0.558662,1.222697,0.406537,-1.538060,2.009350,0.513781,2.361456,0.585522
0.371940,0.081887,-1.644121,0.569500,0.214458,-0.915043,1.786745,-2.581953,-0.929806,-0.398311
0.232768,-0.245190,1.031237,1.404220,-0.507259,1.259693,0.386693,-0.100541,0.052331,2.141743
-0.397344,-0.985911,0.128418,-2.812824,1.043429,1.320481,-1.064097,0.970099,-1.154014,1.679887
-0.720441,-0.832047,-0.801816,0.797834,-1.752704,-0.260741,-0.726954,0.316864,-0.862561,1.607884
-0.860350,-0.508344,-0.259981,-0.955490,0.107992,1.497298,1.876681,2.649154,-1.622531,0.646792
1.061773,-1.201237,0.208202,-2.369292,1.652078,1.523524,0.061565,-0.980567,0.675203,0.618831
1.593768,-0.112729,2.006043,0.504759,-0.955785,1.915525,-0.251497,-0.246016,0.750584,3.749430
2.120449,-1.520799,0.671826,1.370512,2.282240,-1.761500,-0.533548,-1.574296,0.549482,-0.823177
1.371587,0.846884,-1.224624,1.643198,2.071563,-0.866288,-2.781562,3.730466,-1.310811,-0.807325
-0.060052,-0.172580,0.353408,-2.466723,1.789519,0.376529,2.052475,0.965776,0.970578,0.539963
-1.647268,2.581563,4.124046,1.196607,-0.241598,1.301321,2.521315,2.103887,-0.535193,-2.799290
3.282424,-3.605553,-0.474062,-3.374745,-1.195087,1.806491,0.083359,2.444296,-0.127547,0.746047
-0.177275,0.864660,1.243151,2.448004,-5.937976,-2.217553,1.458738,-0.580459,2.030490,-2.144838
-0.698927,-1.487549,0.532988,-0.640735,-1.474192,-0.789805,1.603914,1.564651,-3.226377,-3.138033
3.131993,0.761226,-3.653224,-4.306308,2.415921,2.547930,-0.217146,-3.896294,0.474839,-1.468975
-2.763229,-5.385805,-0.100358,5.073140,-5.466067,-3.632131,-0.378313,4.044971,-4.296357,-1.826843
-3.223669,4.171683,0.750815,3.793348,-1.630234,-3.831505,-1.579576,0.784333,0.457482,
mklt_trsm result is:
 1.680375
0.788766,1.566198,0.803457,1.823295,-1.145795,0.034331,1.536459,1.299174,1.107940,0.954794
0.938411,0.082335,1.026802,1.904459,0.821201,1.271423,1.386731,0.283205,0.349377,-1.216643
0.387367,-0.747420,0.368180,0.313358,0.801889,0.165476,-1.124595,1.031737,-0.510574,1.025865
1.510884,1.225280,0.572448,0.084719,0.292265,0.217286,-0.304330,0.585034,-0.439150,0.415894
1.022266,0.774252,1.417772,1.494681,-1.472863,-0.462107,0.919521,0.448965,-0.489289,0.829358
0.172112,1.135489,0.616734,1.148346,0.050529,-0.725878,-0.185221,0.795120,-0.779087,-0.717225
-0.002846,1.729747,-0.222616,0.085531,0.220621,0.949961,1.789986,0.542150,0.760202,0.031545
0.514180,0.559852,0.558662,1.222697,0.406537,-1.538060,2.009350,0.513781,2.361456,0.585522
0.371940,0.081887,-1.644121,0.569500,0.214458,-0.915043,1.786745,-2.581953,-0.929806,-0.398311
0.232768,-0.245190,1.031237,1.404220,-0.507259,1.259693,0.386693,-0.100541,0.052331,2.141743
-0.397344,-0.985911,0.128418,-2.812824,1.043429,1.320481,-1.064097,0.970099,-1.154014,1.679887
-0.720441,-0.832047,-0.801816,0.797834,-1.752704,-0.260741,-0.726954,0.316864,-0.862561,1.607884
-0.860350,-0.508344,-0.259981,-0.955490,0.107992,1.497298,1.876681,2.649154,-1.622531,0.646792
1.061773,-1.201237,0.208202,-2.369292,1.652078,1.523524,0.061565,-0.980567,0.675203,0.618831
1.593768,-0.112729,2.006043,0.504759,-0.955785,1.915525,-0.251497,-0.246016,0.750584,3.749430
2.120449,-1.520799,0.671826,1.370512,2.282240,-1.761500,-0.533548,-1.574296,0.549482,-0.823177
1.371587,0.846884,-1.224624,1.643198,2.071563,-0.866288,-2.781562,3.730466,-1.310811,-0.807325
-0.060052,-0.172580,0.353408,-2.466723,1.789519,0.376529,2.052475,0.965776,0.970578,0.539963
-1.647268,2.581563,4.124046,1.196607,-0.241598,1.301321,2.521315,2.103887,-0.535193,-2.799290
3.282424,-3.605553,-0.474062,-3.374745,-1.195087,1.806491,0.083359,2.444296,-0.127547,0.746047
-0.177275,0.864660,1.243151,2.448004,-5.937976,-2.217553,1.458738,-0.580459,2.030490,-2.144838
-0.698927,-1.487549,0.532988,-0.640735,-1.474192,-0.789805,1.603914,1.564651,-3.226377,-3.138033
3.131993,0.761226,-3.653224,-4.306308,2.415921,2.547930,-0.217146,-3.896294,0.474839,-1.468975
-2.763229,-5.385805,-0.100358,5.073140,-5.466067,-3.632131,-0.378313,4.044971,-4.296357,-1.826843
-3.223669,4.171683,0.750815,3.793348,-1.630234,-3.831505,-1.579576,0.784333,0.457482,
dist is:
 0.000000
0.000000,0.000000,0.000000,0.000000,0.000000,0.000000,0.000000,0.000000,0.000000,0.000000
0.000000,0.000000,0.000000,0.000000,0.000000,0.000000,0.000000,0.000000,0.000000,0.000000
0.000000,0.000000,0.000000,0.000000,0.000000,0.000000,0.000000,0.000000,0.000000,0.000000
0.000000,0.000000,0.000000,0.000000,-0.000000,0.000000,0.000000,0.000000,0.000000,0.000000
-0.000000,0.000000,0.000000,0.000000,0.000000,0.000000,0.000000,0.000000,0.000000,0.000000
0.000000,0.000000,0.000000,0.000000,0.000000,0.000000,0.000000,0.000000,0.000000,-0.000000
0.000000,0.000000,-0.000000,0.000000,0.000000,0.000000,0.000000,0.000000,-0.000000,0.000000
0.000000,0.000000,0.000000,0.000000,0.000000,0.000000,-0.000000,0.000000,0.000000,0.000000
-0.000000,0.000000,0.000000,0.000000,0.000000,0.000000,0.000000,0.000000,0.000000,0.000000
-0.000000,0.000000,0.000000,0.000000,0.000000,0.000000,0.000000,0.000000,0.000000,0.000000
0.000000,0.000000,0.000000,0.000000,-0.000000,0.000000,-0.000000,-0.000000,0.000000,-0.000000
0.000000,0.000000,0.000000,0.000000,0.000000,0.000000,0.000000,0.000000,0.000000,0.000000
0.000000,0.000000,0.000000,0.000000,0.000000,-0.000000,0.000000,0.000000,0.000000,0.000000
0.000000,-0.000000,-0.000000,0.000000,0.000000,-0.000000,0.000000,0.000000,-0.000000,-0.000000
0.000000,0.000000,-0.000000,0.000000,-0.000000,0.000000,0.000000,0.000000,0.000000,0.000000
0.000000,0.000000,-0.000000,-0.000000,0.000000,-0.000000,0.000000,0.000000,-0.000000,0.000000
0.000000,-0.000000,0.000000,-0.000000,0.000000,0.000000,0.000000,-0.000000,0.000000,0.000000
-0.000000,0.000000,-0.000000,0.000000,0.000000,-0.000000,0.000000,0.000000,-0.000000,-0.000000
0.000000,-0.000000,0.000000,0.000000,-0.000000,-0.000000,0.000000,-0.000000,0.000000,0.000000
0.000000,0.000000,0.000000,0.000000,0.000000,0.000000,-0.000000,-0.000000,0.000000,0.000000
-0.000000,-0.000000,0.000000,-0.000000,0.000000,-0.000000,0.000000,0.000000,0.000000,-0.000000
-0.000000,0.000000,0.000000,0.000000,0.000000,0.000000,0.000000,0.000000,0.000000,0.000000
0.000000,-0.000000,0.000000,0.000000,0.000000,-0.000000,-0.000000,0.000000,-0.000000,0.000000
-0.000000,0.000000,-0.000000,0.000000,-0.000000,-0.000000,-0.000000,0.000000,0.000000,0.000000
0.000000,-0.000000,0.000000,-0.000000,0.000000,0.000000,0.000000,-0.000000,0.000000,
thread_num : 1
ict_sparse_d_trsm_plain called
trsm_plain, csr , triangular, fill:1 , layout:1, diag:0, index4:6
ict_sparse_d_trsm_plain elasped time : 0.000043[sec]
mkl_sparse_d_trsm elasped time : 0.000112[sec]

Significant numeric error.
inf-norm = 0.0000095367431641

ict_trsm result is:
 21820092.518909
105603514.532623,1176237.998926,-205087823.149162,-1568394728.831418,-320.685483,-9546766.426199,12455700582.994265,-15050849.880974,8326688813.400678,-3822185065.490797
161956.825381,15255.532777,87913232.750235,-272329029.882866,-35224267.641927,377838.606126,-111181.713398,416845599.262104,20824.067828,-2274539.284274
-14117103.583084,2558010.690851,-126089.287439,114143.732127,-35414.994652,43436892.203379,-1725668.332128,-1678634.221700,-3635687.011155,-76437908.608812
11109.584760,-5721984.093540,2486249.990735,149917.135837,3314201.105292,2359121.934058,96712.760837,-68463.677971,-411835.102743,-226101.448385
14755.532639,9226924.300106,17174295.270542,12329.648011,-3624924.197205,-20506.642075,2424784.967881,130116.345163,3265154.412488,10469.568585
-621604.792428,-2736976.317739,1128.899922,-6017.079131,14.684446,6270.986926,403349.570226,-365735.578474,14204773.258362,182390.443256
-44494.692610,-1253534.430847,-1232145.105782,270656344.741650,-862361.843653,-15339441.293318,-4964733.119295,-1051149.729524,-88000.558842,6100.096028
2964.047978,44738.585536,-580682.824700,2477219.101795,1719.318042,124977.462401,30096.208717,-45380.470042,-88981.122669,-54746.150682
-2150073.505930,100.292555,-6690044.907158,5670.446096,-7148.872955,111400.333154,2263997.417081,6143.080634,-21081.409539,727518.525591
6360.630407,278509.297308,-2925.075049,-146.051986,8497.463535,94.122152,-2246926.029294,-4971.289822,-8647.538655,-51784.149063
-7458.792814,-1627.243765,0.510809,362.833957,-223.243535,46.269830,-1449.268071,-3838.129681,-212.383196,777398.761958
944.009578,-22674.612888,-65.034259,110.788122,6469.107618,-1682.012322,3100.145408,233.965093,-32.052191,3948.179240
6416.317758,-1112.246573,81.278663,-320.474785,-6.528771,11.491582,-1608.920239,6.531930,4.020471,-55.268746
-57.288491,-3000.503142,29936.253799,-255.560546,9137.061471,23.776252,2084.931241,27.618453,-4111.891101,-43.709743
-3596.112894,-47.394483,7.487869,-310.063167,-19.535117,-59.360105,1949.249287,7.321590,-2475.843861,-0.237639
-5503.786895,145.960661,1813.871206,59.561658,173.210560,-160.935545,105.365968,-6.198228,13.857515,5.289937
1180.830521,192.164529,4.542007,23.185469,-7.960218,-34.347678,-186.873217,18.417646,-32.896866,-1.790522
-0.900539,10.554943,36.051376,17.657380,-68.197528,47.845030,-1182.516463,22.024404,-98.302424,2.395652
0.909594,-94.324267,-0.632419,5.746521,-1.718024,-2.669968,-8.637021,-267.354746,-1.529304,141.730712
14.493744,-8.497655,0.542161,0.277122,34.394177,8.965407,9.471068,2.807029,-12.392179,8.958635
-15.403359,-0.175010,-18.524057,37.498276,1.447524,-0.673479,12.906001,4.547061,41.346736,-0.217771
1.330213,-9.371852,-4.558139,0.704543,-12.930320,-1.677461,0.112778,-0.331530,0.601571,-4.377047
0.476561,-3.370927,14.391830,1.106387,1.387341,3.146325,0.527403,1.582906,1.427334,2.221852
-2.015072,0.944061,-5.985048,1.548584,-0.553483,0.826483,2.698737,1.864087,0.877106,2.128150
1.094108,1.063565,1.046665,1.631239,0.665999,3.061289,0.145658,5.926414,11.897362,
mklt_trsm result is:
 21820092.518909
105603514.532623,1176237.998926,-205087823.149162,-1568394728.831418,-320.685483,-9546766.426199,12455700582.994255,-15050849.880974,8326688813.400672,-3822185065.490795
161956.825381,15255.532777,87913232.750234,-272329029.882866,-35224267.641927,377838.606126,-111181.713398,416845599.262104,20824.067828,-2274539.284274
-14117103.583084,2558010.690851,-126089.287439,114143.732127,-35414.994652,43436892.203379,-1725668.332128,-1678634.221700,-3635687.011155,-76437908.608812
11109.584760,-5721984.093540,2486249.990735,149917.135837,3314201.105292,2359121.934058,96712.760837,-68463.677971,-411835.102743,-226101.448385
14755.532639,9226924.300106,17174295.270542,12329.648011,-3624924.197205,-20506.642075,2424784.967881,130116.345163,3265154.412488,10469.568585
-621604.792428,-2736976.317739,1128.899922,-6017.079131,14.684446,6270.986926,403349.570226,-365735.578474,14204773.258362,182390.443256
-44494.692610,-1253534.430847,-1232145.105782,270656344.741650,-862361.843653,-15339441.293318,-4964733.119295,-1051149.729524,-88000.558842,6100.096028
2964.047978,44738.585536,-580682.824700,2477219.101795,1719.318042,124977.462401,30096.208717,-45380.470042,-88981.122669,-54746.150682
-2150073.505930,100.292555,-6690044.907158,5670.446096,-7148.872955,111400.333154,2263997.417081,6143.080634,-21081.409539,727518.525591
6360.630407,278509.297308,-2925.075049,-146.051986,8497.463535,94.122152,-2246926.029294,-4971.289822,-8647.538655,-51784.149063
-7458.792814,-1627.243765,0.510809,362.833957,-223.243535,46.269830,-1449.268071,-3838.129681,-212.383196,777398.761958
944.009578,-22674.612888,-65.034259,110.788122,6469.107618,-1682.012322,3100.145408,233.965093,-32.052191,3948.179240
6416.317758,-1112.246573,81.278663,-320.474785,-6.528771,11.491582,-1608.920239,6.531930,4.020471,-55.268746
-57.288491,-3000.503142,29936.253799,-255.560546,9137.061471,23.776252,2084.931241,27.618453,-4111.891101,-43.709743
-3596.112894,-47.394483,7.487869,-310.063167,-19.535117,-59.360105,1949.249287,7.321590,-2475.843861,-0.237639
-5503.786895,145.960661,1813.871206,59.561658,173.210560,-160.935545,105.365968,-6.198228,13.857515,5.289937
1180.830521,192.164529,4.542007,23.185469,-7.960218,-34.347678,-186.873217,18.417646,-32.896866,-1.790522
-0.900539,10.554943,36.051376,17.657380,-68.197528,47.845030,-1182.516463,22.024404,-98.302424,2.395652
0.909594,-94.324267,-0.632419,5.746521,-1.718024,-2.669968,-8.637021,-267.354746,-1.529304,141.730712
14.493744,-8.497655,0.542161,0.277122,34.394177,8.965407,9.471068,2.807029,-12.392179,8.958635
-15.403359,-0.175010,-18.524057,37.498276,1.447524,-0.673479,12.906001,4.547061,41.346736,-0.217771
1.330213,-9.371852,-4.558139,0.704543,-12.930320,-1.677461,0.112778,-0.331530,0.601571,-4.377047
0.476561,-3.370927,14.391830,1.106387,1.387341,3.146325,0.527403,1.582906,1.427334,2.221852
-2.015072,0.944061,-5.985048,1.548584,-0.553483,0.826483,2.698737,1.864087,0.877106,2.128150
1.094108,1.063565,1.046665,1.631239,0.665999,3.061289,0.145658,5.926414,11.897362,
dist is:
 0.000000
0.000000,0.000000,-0.000000,-0.000001,-0.000000,-0.000000,0.000010,0.000000,0.000006,-0.000002
0.000000,0.000000,0.000000,-0.000000,0.000000,0.000000,-0.000000,0.000000,0.000000,0.000000
-0.000000,0.000000,-0.000000,0.000000,-0.000000,0.000000,-0.000000,0.000000,-0.000000,-0.000000
0.000000,-0.000000,0.000000,0.000000,0.000000,0.000000,-0.000000,0.000000,0.000000,-0.000000
0.000000,0.000000,0.000000,-0.000000,-0.000000,0.000000,0.000000,0.000000,0.000000,0.000000
0.000000,-0.000000,0.000000,-0.000000,-0.000000,0.000000,-0.000000,-0.000000,0.000000,0.000000
-0.000000,-0.000000,-0.000000,0.000000,-0.000000,-0.000000,-0.000000,-0.000000,-0.000000,0.000000
0.000000,0.000000,-0.000000,0.000000,0.000000,0.000000,-0.000000,0.000000,0.000000,-0.000000
-0.000000,0.000000,-0.000000,0.000000,-0.000000,0.000000,0.000000,0.000000,0.000000,0.000000
0.000000,0.000000,-0.000000,0.000000,0.000000,-0.000000,-0.000000,-0.000000,0.000000,-0.000000
0.000000,-0.000000,0.000000,0.000000,-0.000000,-0.000000,-0.000000,-0.000000,0.000000,0.000000
0.000000,-0.000000,0.000000,0.000000,0.000000,-0.000000,0.000000,0.000000,0.000000,0.000000
0.000000,0.000000,-0.000000,0.000000,-0.000000,0.000000,-0.000000,-0.000000,0.000000,0.000000
0.000000,-0.000000,-0.000000,0.000000,0.000000,0.000000,0.000000,-0.000000,0.000000,0.000000
-0.000000,-0.000000,0.000000,-0.000000,0.000000,0.000000,-0.000000,-0.000000,-0.000000,-0.000000
-0.000000,0.000000,0.000000,-0.000000,0.000000,0.000000,0.000000,0.000000,0.000000,0.000000
0.000000,0.000000,0.000000,-0.000000,0.000000,0.000000,0.000000,0.000000,0.000000,0.000000
0.000000,0.000000,0.000000,-0.000000,0.000000,-0.000000,0.000000,-0.000000,0.000000,0.000000
0.000000,0.000000,-0.000000,-0.000000,0.000000,-0.000000,0.000000,0.000000,0.000000,-0.000000
-0.000000,0.000000,0.000000,-0.000000,-0.000000,-0.000000,0.000000,0.000000,0.000000,0.000000
0.000000,0.000000,0.000000,-0.000000,0.000000,-0.000000,0.000000,0.000000,0.000000,0.000000
0.000000,0.000000,0.000000,0.000000,0.000000,-0.000000,0.000000,0.000000,0.000000,-0.000000
0.000000,0.000000,0.000000,0.000000,0.000000,0.000000,0.000000,0.000000,0.000000,-0.000000
0.000000,0.000000,0.000000,-0.000000,-0.000000,0.000000,0.000000,0.000000,0.000000,0.000000
0.000000,0.000000,0.000000,0.000000,0.000000,0.000000,0.000000,0.000000,0.000000,
thread_num : 1
ict_sparse_d_trsm_plain called
trsm_plain, csr , triangular, fill:1 , layout:1, diag:1, index4:7
ict_sparse_d_trsm_plain elasped time : 0.000025[sec]
mkl_sparse_d_trsm elasped time : 0.000113[sec]

correct!!!
inf-norm = 0.0000000000000022

ict_trsm result is:
 0.897769
6.325805,0.359661,0.719141,5.303076,-1.521258,-4.205601,-5.312750,0.842938,-1.211708,3.955585
-2.764913,-1.419465,1.858250,0.961136,-1.444844,-0.281006,-6.463180,2.156786,-0.317498,-3.326247
-4.904143,3.046815,2.692658,-2.008966,-0.396395,-1.696044,-1.597157,0.877814,2.196852,-0.094108
4.073651,-6.432020,1.855106,3.459049,0.818278,3.197074,-5.185809,1.023959,3.324500,-0.627953
2.317248,0.969059,2.006184,-2.470648,2.356712,0.810208,-3.398411,-2.240499,-0.173691,3.105287
2.158772,-3.286095,0.833227,-4.626846,-0.185966,0.994845,-7.448394,0.951290,-1.071614,-2.247300
-1.885456,-0.039904,1.892012,0.245600,-3.013189,-1.295425,1.504823,1.647424,-0.486651,0.864408
-1.484486,1.076514,-4.511742,-1.130345,0.029507,6.068372,-2.546433,0.302918,-3.938873,2.491264
-3.043826,-0.000924,2.290108,-0.710424,1.774837,-3.084927,0.240983,-1.142786,2.412056,0.384262
-2.085336,2.287557,2.228780,-1.503637,0.467037,1.821246,-0.125439,-0.762078,1.868033,1.816954
2.337838,2.980994,0.476186,-1.046475,0.847010,-1.514245,1.921506,-0.284132,0.443374,1.943316
1.147148,0.216305,-1.200954,-0.937933,0.218438,2.353641,0.169586,1.312605,1.595156,1.557825
1.782678,1.383109,-3.224010,-1.083083,1.810704,0.210627,-1.462409,1.499542,0.662234,-1.582836
2.289631,-2.760999,-1.543522,-0.102129,-3.059389,0.159414,1.020009,-0.836640,1.759095,-0.517119
-1.730020,-1.619257,1.465344,-3.883291,-0.146791,1.111544,-0.979373,1.228713,0.769135,-0.190213
-1.399385,3.230829,0.801432,0.423990,-1.787238,-0.801036,-2.243493,-1.231919,1.505268,1.766745
1.313602,-0.633421,0.178058,2.527387,-1.472850,0.192694,0.229495,2.033231,-0.632025,0.627947
0.071834,-0.481801,0.326395,0.360337,-0.176041,0.561329,-0.248885,1.480126,0.232020,1.144487
0.727694,0.240600,-0.975525,1.134069,-0.338018,-1.268484,-0.078947,-0.841804,0.402856,0.175303
1.291276,-0.656868,0.513764,1.679430,0.268360,0.992624,1.664532,1.279790,-0.367972,1.958868
1.013873,0.147017,1.063605,1.217896,0.994517,-0.081546,1.779435,2.652823,-0.075228,0.322785
0.496088,-0.140495,-3.134442,0.968926,-1.322678,-1.049310,-0.039643,-0.199644,0.763068,-0.819720
0.659278,-0.426270,1.930692,0.560084,1.039250,1.397081,0.226561,0.782969,1.185080,1.888636
-0.032071,0.672702,1.335030,0.869027,-0.222326,0.689886,1.196963,1.666487,0.467783,1.350952
0.965901,0.963872,0.609911,1.424175,0.365112,1.243646,0.081729,0.827967,1.391968,
mklt_trsm result is:
 0.897769
6.325805,0.359661,0.719141,5.303076,-1.521258,-4.205601,-5.312750,0.842938,-1.211708,3.955585
-2.764913,-1.419465,1.858250,0.961136,-1.444844,-0.281006,-6.463180,2.156786,-0.317498,-3.326247
-4.904143,3.046815,2.692658,-2.008966,-0.396395,-1.696044,-1.597157,0.877814,2.196852,-0.094108
4.073651,-6.432020,1.855106,3.459049,0.818278,3.197074,-5.185809,1.023959,3.324500,-0.627953
2.317248,0.969059,2.006184,-2.470648,2.356712,0.810208,-3.398411,-2.240499,-0.173691,3.105287
2.158772,-3.286095,0.833227,-4.626846,-0.185966,0.994845,-7.448394,0.951290,-1.071614,-2.247300
-1.885456,-0.039904,1.892012,0.245600,-3.013189,-1.295425,1.504823,1.647424,-0.486651,0.864408
-1.484486,1.076514,-4.511742,-1.130345,0.029507,6.068372,-2.546433,0.302918,-3.938873,2.491264
-3.043826,-0.000924,2.290108,-0.710424,1.774837,-3.084927,0.240983,-1.142786,2.412056,0.384262
-2.085336,2.287557,2.228780,-1.503637,0.467037,1.821246,-0.125439,-0.762078,1.868033,1.816954
2.337838,2.980994,0.476186,-1.046475,0.847010,-1.514245,1.921506,-0.284132,0.443374,1.943316
1.147148,0.216305,-1.200954,-0.937933,0.218438,2.353641,0.169586,1.312605,1.595156,1.557825
1.782678,1.383109,-3.224010,-1.083083,1.810704,0.210627,-1.462409,1.499542,0.662234,-1.582836
2.289631,-2.760999,-1.543522,-0.102129,-3.059389,0.159414,1.020009,-0.836640,1.759095,-0.517119
-1.730020,-1.619257,1.465344,-3.883291,-0.146791,1.111544,-0.979373,1.228713,0.769135,-0.190213
-1.399385,3.230829,0.801432,0.423990,-1.787238,-0.801036,-2.243493,-1.231919,1.505268,1.766745
1.313602,-0.633421,0.178058,2.527387,-1.472850,0.192694,0.229495,2.033231,-0.632025,0.627947
0.071834,-0.481801,0.326395,0.360337,-0.176041,0.561329,-0.248885,1.480126,0.232020,1.144487
0.727694,0.240600,-0.975525,1.134069,-0.338018,-1.268484,-0.078947,-0.841804,0.402856,0.175303
1.291276,-0.656868,0.513764,1.679430,0.268360,0.992624,1.664532,1.279790,-0.367972,1.958868
1.013873,0.147017,1.063605,1.217896,0.994517,-0.081546,1.779435,2.652823,-0.075228,0.322785
0.496088,-0.140495,-3.134442,0.968926,-1.322678,-1.049310,-0.039643,-0.199644,0.763068,-0.819720
0.659278,-0.426270,1.930692,0.560084,1.039250,1.397081,0.226561,0.782969,1.185080,1.888636
-0.032071,0.672702,1.335030,0.869027,-0.222326,0.689886,1.196963,1.666487,0.467783,1.350952
0.965901,0.963872,0.609911,1.424175,0.365112,1.243646,0.081729,0.827967,1.391968,
dist is:
 -0.000000
0.000000,-0.000000,-0.000000,0.000000,0.000000,0.000000,-0.000000,-0.000000,-0.000000,0.000000
0.000000,0.000000,0.000000,0.000000,0.000000,-0.000000,0.000000,0.000000,0.000000,0.000000
0.000000,-0.000000,0.000000,-0.000000,-0.000000,0.000000,-0.000000,-0.000000,0.000000,-0.000000
0.000000,0.000000,-0.000000,-0.000000,-0.000000,0.000000,-0.000000,-0.000000,-0.000000,-0.000000
0.000000,-0.000000,0.000000,0.000000,-0.000000,-0.000000,0.000000,0.000000,0.000000,0.000000
-0.000000,0.000000,0.000000,0.000000,-0.000000,0.000000,0.000000,-0.000000,0.000000,0.000000
0.000000,0.000000,0.000000,-0.000000,0.000000,0.000000,-0.000000,0.000000,0.000000,-0.000000
0.000000,-0.000000,0.000000,0.000000,-0.000000,-0.000000,0.000000,0.000000,-0.000000,-0.000000
0.000000,0.000000,0.000000,0.000000,-0.000000,0.000000,0.000000,0.000000,0.000000,0.000000
0.000000,0.000000,-0.000000,0.000000,0.000000,0.000000,-0.000000,0.000000,0.000000,-0.000000
-0.000000,0.000000,0.000000,0.000000,0.000000,0.000000,-0.000000,0.000000,0.000000,-0.000000
0.000000,0.000000,0.000000,-0.000000,0.000000,0.000000,-0.000000,0.000000,0.000000,0.000000
-0.000000,0.000000,0.000000,0.000000,0.000000,0.000000,0.000000,0.000000,0.000000,0.000000
0.000000,-0.000000,0.000000,0.000000,0.000000,0.000000,0.000000,0.000000,0.000000,0.000000
0.000000,-0.000000,0.000000,0.000000,0.000000,0.000000,0.000000,0.000000,0.000000,0.000000
0.000000,-0.000000,0.000000,0.000000,0.000000,-0.000000,0.000000,0.000000,0.000000,0.000000
0.000000,0.000000,0.000000,0.000000,-0.000000,0.000000,0.000000,0.000000,-0.000000,0.000000
0.000000,0.000000,0.000000,0.000000,0.000000,0.000000,0.000000,0.000000,0.000000,0.000000
0.000000,0.000000,0.000000,0.000000,0.000000,0.000000,0.000000,0.000000,0.000000,0.000000
0.000000,0.000000,0.000000,-0.000000,0.000000,0.000000,0.000000,0.000000,0.000000,0.000000
0.000000,0.000000,0.000000,0.000000,0.000000,0.000000,0.000000,0.000000,0.000000,0.000000
0.000000,0.000000,0.000000,0.000000,0.000000,0.000000,0.000000,0.000000,0.000000,0.000000
0.000000,0.000000,0.000000,0.000000,0.000000,0.000000,0.000000,0.000000,0.000000,0.000000
0.000000,0.000000,0.000000,0.000000,0.000000,0.000000,0.000000,0.000000,0.000000,0.000000
0.000000,0.000000,0.000000,0.000000,0.000000,0.000000,0.000000,0.000000,0.000000,
