./bin/trsm_s_csr_x86_64_test --data-file=Matrix/r_300_300_4396.mtx --typeA=D --diagA=U --layout=R --check
thread_num : 1
ict_sparse_s_trsm_plain elasped time : 0.000005[sec]
mkl_sparse_s_trsm elasped time : 0.000018[sec]

correct!!!
inf-norm = 0.0000000000000000

./bin/trsm_s_csr_x86_64_test --data-file=Matrix/r_300_300_4396.mtx --typeA=D --diagA=N --layout=R --check
thread_num : 1
ict_sparse_s_trsm_plain elasped time : 0.000198[sec]
mkl_sparse_s_trsm elasped time : 0.000269[sec]

correct!!!
inf-norm = 0.0000000000000000

./bin/trsm_s_csr_x86_64_test --data-file=Matrix/r_300_300_4396.mtx --typeA=D --diagA=U --layout=C --check
thread_num : 1
ict_sparse_s_trsm_plain elasped time : 0.000005[sec]
mkl_sparse_s_trsm elasped time : 0.000017[sec]

correct!!!
inf-norm = 0.0000000000000000

./bin/trsm_s_csr_x86_64_test --data-file=Matrix/r_300_300_4396.mtx --typeA=D --diagA=N --layout=C --check
thread_num : 1
ict_sparse_s_trsm_plain elasped time : 0.000211[sec]
mkl_sparse_s_trsm elasped time : 0.000333[sec]

correct!!!
inf-norm = 0.0000038146972656

thread_num : 1
ict_sparse_s_trsm_plain elasped time : 0.002669[sec]
mkl_sparse_s_trsm elasped time : 0.000822[sec]

Significant numeric error.
inf-norm = 224.0000000000000000

thread_num : 1
ict_sparse_s_trsm_plain elasped time : 0.002137[sec]
mkl_sparse_s_trsm elasped time : 0.000813[sec]

correct!!!
inf-norm = 0.0000114440917969

thread_num : 1
ict_sparse_s_trsm_plain elasped time : 0.002296[sec]
mkl_sparse_s_trsm elasped time : 0.001289[sec]

Significant numeric error.
inf-norm = 36864.0000000000000000

thread_num : 1
ict_sparse_s_trsm_plain elasped time : 0.002359[sec]
mkl_sparse_s_trsm elasped time : 0.001297[sec]

correct!!!
inf-norm = 0.0000114440917969

thread_num : 1
ict_sparse_s_trsm_plain elasped time : 0.002083[sec]
mkl_sparse_s_trsm elasped time : 0.001271[sec]

Significant numeric error.
inf-norm = 256.0000000000000000

thread_num : 1
ict_sparse_s_trsm_plain elasped time : 0.001798[sec]
mkl_sparse_s_trsm elasped time : 0.001245[sec]

correct!!!
inf-norm = 0.0000114440917969

thread_num : 1
ict_sparse_s_trsm_plain elasped time : 0.001954[sec]
mkl_sparse_s_trsm elasped time : 0.001529[sec]

Significant numeric error.
inf-norm = 32768.0000000000000000

thread_num : 1
ict_sparse_s_trsm_plain elasped time : 0.001912[sec]
mkl_sparse_s_trsm elasped time : 0.001597[sec]

correct!!!
inf-norm = 0.0000114440917969

