./bin/trsm_d_csr_x86_64_test --data-file=Matrix/r_100_100_482.mtx --typeA=D --diagA=U --layout=R --check
thread_num : 1
ict_sparse_d_trsm_plain called
trsm_plain, csr , diag, fill:0 , layout:0, diag:1, index2:1
ict_sparse_d_trsm_plain elasped time : 0.000007[sec]
mkl_sparse_d_trsm elasped time : 0.000028[sec]

correct!!!
inf-norm = 0.0000000000000000

ict_trsm result is:
 0.000000
0.000000,0.000000,0.000000,0.000000,0.000000,0.000000,0.000000,0.000000,0.000000,0.000000
0.000000,0.000000,0.000000,0.000000,0.000000,0.000000,0.000000,0.000000,0.000000,0.000000
0.000000,0.000000,0.000000,0.000000,0.000000,0.000000,0.000000,0.000000,0.000000,0.000000
0.000000,0.000000,0.000000,0.000000,0.000000,0.000000,0.000000,0.000000,0.000000,0.000000
0.000000,0.000000,0.000000,0.000000,0.000000,0.000000,0.000000,0.000000,0.000000,0.000000
0.000000,0.000000,0.000000,0.000000,0.000000,0.000000,0.000000,0.000000,0.000000,0.000000
0.000000,0.000000,0.000000,0.000000,0.000000,0.000000,0.000000,0.000000,0.000000,0.000000
0.000000,0.000000,0.000000,0.000000,0.000000,0.000000,0.000000,0.000000,0.000000,0.000000
0.000000,0.000000,0.000000,0.000000,0.000000,0.000000,0.000000,0.000000,0.000000,0.000000
0.000000,0.000000,0.000000,0.000000,0.000000,0.000000,0.000000,0.000000,0.000000,
mklt_trsm result is:
 0.000000
0.000000,0.000000,0.000000,0.000000,0.000000,0.000000,0.000000,0.000000,0.000000,0.000000
0.000000,0.000000,0.000000,0.000000,0.000000,0.000000,0.000000,0.000000,0.000000,0.000000
0.000000,0.000000,0.000000,0.000000,0.000000,0.000000,0.000000,0.000000,0.000000,0.000000
0.000000,0.000000,0.000000,0.000000,0.000000,0.000000,0.000000,0.000000,0.000000,0.000000
0.000000,0.000000,0.000000,0.000000,0.000000,0.000000,0.000000,0.000000,0.000000,0.000000
0.000000,0.000000,0.000000,0.000000,0.000000,0.000000,0.000000,0.000000,0.000000,0.000000
0.000000,0.000000,0.000000,0.000000,0.000000,0.000000,0.000000,0.000000,0.000000,0.000000
0.000000,0.000000,0.000000,0.000000,0.000000,0.000000,0.000000,0.000000,0.000000,0.000000
0.000000,0.000000,0.000000,0.000000,0.000000,0.000000,0.000000,0.000000,0.000000,0.000000
0.000000,0.000000,0.000000,0.000000,0.000000,0.000000,0.000000,0.000000,0.000000,
dist is:
 0.000000
0.000000,0.000000,0.000000,0.000000,0.000000,0.000000,0.000000,0.000000,0.000000,0.000000
0.000000,0.000000,0.000000,0.000000,0.000000,0.000000,0.000000,0.000000,0.000000,0.000000
0.000000,0.000000,0.000000,0.000000,0.000000,0.000000,0.000000,0.000000,0.000000,0.000000
0.000000,0.000000,0.000000,0.000000,0.000000,0.000000,0.000000,0.000000,0.000000,0.000000
0.000000,0.000000,0.000000,0.000000,0.000000,0.000000,0.000000,0.000000,0.000000,0.000000
0.000000,0.000000,0.000000,0.000000,0.000000,0.000000,0.000000,0.000000,0.000000,0.000000
0.000000,0.000000,0.000000,0.000000,0.000000,0.000000,0.000000,0.000000,0.000000,0.000000
0.000000,0.000000,0.000000,0.000000,0.000000,0.000000,0.000000,0.000000,0.000000,0.000000
0.000000,0.000000,0.000000,0.000000,0.000000,0.000000,0.000000,0.000000,0.000000,0.000000
0.000000,0.000000,0.000000,0.000000,0.000000,0.000000,0.000000,0.000000,0.000000,
./bin/trsm_d_csr_x86_64_test --data-file=Matrix/r_100_100_482.mtx --typeA=D --diagA=N --layout=R --check
thread_num : 1
ict_sparse_d_trsm_plain called
trsm_plain, csr , diag, fill:0 , layout:0, diag:0, index2:0
ict_sparse_d_trsm_plain elasped time : 0.000009[sec]
mkl_sparse_d_trsm elasped time : 0.000087[sec]

correct!!!
inf-norm = 0.0000000000000000

ict_trsm result is:
 5.843300
4.436827,1.698025,3.437241,3.918418,1.488948,0.787942,2.402782,0.629889,1.277572,1.014498
1.796918,2.054580,1.334075,4.587202,1.848218,1.279516,2.064300,0.370121,5.171656,0.036504
3.910811,1.419904,3.674792,1.852743,1.296487,0.736310,0.375211,2.303208,0.677978,1.317640
10.827744,1.491290,0.844686,2.058031,3.654371,1.021611,4.135456,0.631521,1.818676,3.119797
1.774944,1.460134,2.573800,0.889235,0.731715,2.361046,2.913452,0.211916,4.225062,1.215313
0.312121,0.670211,22.516234,1.800090,0.939496,0.189458,0.117217,2.836596,0.231613,0.483578
19.168476,2.578356,2.108554,0.664835,3.379765,7.978968,1.978568,1.297783,65.344597,1.723902
0.615959,0.985700,11.298052,2.269396,2.745533,4.430627,2.927648,8.201334,0.900130,1.442204
15.311270,2.603499,3.336803,20.578007,2.019268,1.694680,2.357152,1.047687,2.316184,6.316470
1.799259,1.893686,640.564212,1.905224,3.722630,2.474093,2.933586,5.166038,16.274623,
mklt_trsm result is:
 5.843300
4.436827,1.698025,3.437241,3.918418,1.488948,0.787942,2.402782,0.629889,1.277572,1.014498
1.796918,2.054580,1.334075,4.587202,1.848218,1.279516,2.064300,0.370121,5.171656,0.036504
3.910811,1.419904,3.674792,1.852743,1.296487,0.736310,0.375211,2.303208,0.677978,1.317640
10.827744,1.491290,0.844686,2.058031,3.654371,1.021611,4.135456,0.631521,1.818676,3.119797
1.774944,1.460134,2.573800,0.889235,0.731715,2.361046,2.913452,0.211916,4.225062,1.215313
0.312121,0.670211,22.516234,1.800090,0.939496,0.189458,0.117217,2.836596,0.231613,0.483578
19.168476,2.578356,2.108554,0.664835,3.379765,7.978968,1.978568,1.297783,65.344597,1.723902
0.615959,0.985700,11.298052,2.269396,2.745533,4.430627,2.927648,8.201334,0.900130,1.442204
15.311270,2.603499,3.336803,20.578007,2.019268,1.694680,2.357152,1.047687,2.316184,6.316470
1.799259,1.893686,640.564212,1.905224,3.722630,2.474093,2.933586,5.166038,16.274623,
dist is:
 0.000000
0.000000,0.000000,0.000000,0.000000,0.000000,0.000000,0.000000,0.000000,0.000000,0.000000
0.000000,0.000000,0.000000,0.000000,0.000000,0.000000,0.000000,0.000000,0.000000,0.000000
0.000000,0.000000,0.000000,0.000000,0.000000,0.000000,0.000000,0.000000,0.000000,0.000000
0.000000,0.000000,0.000000,0.000000,0.000000,0.000000,0.000000,0.000000,0.000000,0.000000
0.000000,0.000000,0.000000,0.000000,0.000000,0.000000,0.000000,0.000000,0.000000,0.000000
0.000000,0.000000,0.000000,0.000000,0.000000,0.000000,0.000000,0.000000,0.000000,0.000000
0.000000,0.000000,0.000000,0.000000,0.000000,0.000000,0.000000,0.000000,0.000000,0.000000
0.000000,0.000000,0.000000,0.000000,0.000000,0.000000,0.000000,0.000000,0.000000,0.000000
0.000000,0.000000,0.000000,0.000000,0.000000,0.000000,0.000000,0.000000,0.000000,0.000000
0.000000,0.000000,0.000000,0.000000,0.000000,0.000000,0.000000,0.000000,0.000000,
./bin/trsm_d_csr_x86_64_test --data-file=Matrix/r_100_100_482.mtx --typeA=D --diagA=U --layout=C --check
thread_num : 1
ict_sparse_d_trsm_plain called
trsm_plain, csr , diag, fill:0 , layout:1, diag:1, index2:3
ict_sparse_d_trsm_plain elasped time : 0.000007[sec]
mkl_sparse_d_trsm elasped time : 0.000028[sec]

correct!!!
inf-norm = 0.0000000000000000

ict_trsm result is:
 0.000000
0.000000,0.000000,0.000000,0.000000,0.000000,0.000000,0.000000,0.000000,0.000000,0.000000
0.000000,0.000000,0.000000,0.000000,0.000000,0.000000,0.000000,0.000000,0.000000,0.000000
0.000000,0.000000,0.000000,0.000000,0.000000,0.000000,0.000000,0.000000,0.000000,0.000000
0.000000,0.000000,0.000000,0.000000,0.000000,0.000000,0.000000,0.000000,0.000000,0.000000
0.000000,0.000000,0.000000,0.000000,0.000000,0.000000,0.000000,0.000000,0.000000,0.000000
0.000000,0.000000,0.000000,0.000000,0.000000,0.000000,0.000000,0.000000,0.000000,0.000000
0.000000,0.000000,0.000000,0.000000,0.000000,0.000000,0.000000,0.000000,0.000000,0.000000
0.000000,0.000000,0.000000,0.000000,0.000000,0.000000,0.000000,0.000000,0.000000,0.000000
0.000000,0.000000,0.000000,0.000000,0.000000,0.000000,0.000000,0.000000,0.000000,0.000000
0.000000,0.000000,0.000000,0.000000,0.000000,0.000000,0.000000,0.000000,0.000000,
mklt_trsm result is:
 0.000000
0.000000,0.000000,0.000000,0.000000,0.000000,0.000000,0.000000,0.000000,0.000000,0.000000
0.000000,0.000000,0.000000,0.000000,0.000000,0.000000,0.000000,0.000000,0.000000,0.000000
0.000000,0.000000,0.000000,0.000000,0.000000,0.000000,0.000000,0.000000,0.000000,0.000000
0.000000,0.000000,0.000000,0.000000,0.000000,0.000000,0.000000,0.000000,0.000000,0.000000
0.000000,0.000000,0.000000,0.000000,0.000000,0.000000,0.000000,0.000000,0.000000,0.000000
0.000000,0.000000,0.000000,0.000000,0.000000,0.000000,0.000000,0.000000,0.000000,0.000000
0.000000,0.000000,0.000000,0.000000,0.000000,0.000000,0.000000,0.000000,0.000000,0.000000
0.000000,0.000000,0.000000,0.000000,0.000000,0.000000,0.000000,0.000000,0.000000,0.000000
0.000000,0.000000,0.000000,0.000000,0.000000,0.000000,0.000000,0.000000,0.000000,0.000000
0.000000,0.000000,0.000000,0.000000,0.000000,0.000000,0.000000,0.000000,0.000000,
dist is:
 0.000000
0.000000,0.000000,0.000000,0.000000,0.000000,0.000000,0.000000,0.000000,0.000000,0.000000
0.000000,0.000000,0.000000,0.000000,0.000000,0.000000,0.000000,0.000000,0.000000,0.000000
0.000000,0.000000,0.000000,0.000000,0.000000,0.000000,0.000000,0.000000,0.000000,0.000000
0.000000,0.000000,0.000000,0.000000,0.000000,0.000000,0.000000,0.000000,0.000000,0.000000
0.000000,0.000000,0.000000,0.000000,0.000000,0.000000,0.000000,0.000000,0.000000,0.000000
0.000000,0.000000,0.000000,0.000000,0.000000,0.000000,0.000000,0.000000,0.000000,0.000000
0.000000,0.000000,0.000000,0.000000,0.000000,0.000000,0.000000,0.000000,0.000000,0.000000
0.000000,0.000000,0.000000,0.000000,0.000000,0.000000,0.000000,0.000000,0.000000,0.000000
0.000000,0.000000,0.000000,0.000000,0.000000,0.000000,0.000000,0.000000,0.000000,0.000000
0.000000,0.000000,0.000000,0.000000,0.000000,0.000000,0.000000,0.000000,0.000000,
./bin/trsm_d_csr_x86_64_test --data-file=Matrix/r_100_100_482.mtx --typeA=D --diagA=N --layout=C --check
thread_num : 1
ict_sparse_d_trsm_plain called
trsm_plain, csr , diag, fill:0 , layout:1, diag:0, index2:2
diagsm_d_csr_n_col_plain called
diagsm_d_csr_n_col_plain called
diagsm_d_csr_n_col_plain called
diagsm_d_csr_n_col_plain called
diagsm_d_csr_n_col_plain called
diagsm_d_csr_n_col_plain called
diagsm_d_csr_n_col_plain called
diagsm_d_csr_n_col_plain called
diagsm_d_csr_n_col_plain called
diagsm_d_csr_n_col_plain called
diagsm_d_csr_n_col_plain called
ict_sparse_d_trsm_plain elasped time : 0.000011[sec]
mkl_sparse_d_trsm elasped time : 0.000085[sec]

correct!!!
inf-norm = 0.0000000000000036

ict_trsm result is:
 5.843300
4.436827,1.698025,3.437241,3.918418,1.488948,0.787942,2.402782,0.629889,1.277572,1.014498
1.796918,2.054580,1.334075,4.587202,1.848218,1.279516,2.064300,0.370121,5.171656,0.036504
3.910811,1.419904,3.674792,1.852743,1.296487,0.736310,0.375211,2.303208,0.677978,1.317640
10.827744,1.491290,0.844686,2.058031,3.654371,1.021611,4.135456,0.631521,1.818676,3.119797
1.774944,1.460134,2.573800,0.889235,0.731715,2.361046,2.913452,0.211916,4.225062,1.215313
0.312121,0.670211,22.516234,1.800090,0.939496,0.189458,0.117217,2.836596,0.231613,0.483578
19.168476,2.578356,2.108554,0.664835,3.379765,7.978968,1.978568,1.297783,65.344597,1.723902
0.615959,0.985700,11.298052,2.269396,2.745533,4.430627,2.927648,8.201334,0.900130,1.442204
15.311270,2.603499,3.336803,20.578007,2.019268,1.694680,2.357152,1.047687,2.316184,6.316470
1.799259,1.893686,640.564212,1.905224,3.722630,2.474093,2.933586,5.166038,16.274623,
mklt_trsm result is:
 5.843300
4.436827,1.698025,3.437241,3.918418,1.488948,0.787942,2.402782,0.629889,1.277572,1.014498
1.796918,2.054580,1.334075,4.587202,1.848218,1.279516,2.064300,0.370121,5.171656,0.036504
3.910811,1.419904,3.674792,1.852743,1.296487,0.736310,0.375211,2.303208,0.677978,1.317640
10.827744,1.491290,0.844686,2.058031,3.654371,1.021611,4.135456,0.631521,1.818676,3.119797
1.774944,1.460134,2.573800,0.889235,0.731715,2.361046,2.913452,0.211916,4.225062,1.215313
0.312121,0.670211,22.516234,1.800090,0.939496,0.189458,0.117217,2.836596,0.231613,0.483578
19.168476,2.578356,2.108554,0.664835,3.379765,7.978968,1.978568,1.297783,65.344597,1.723902
0.615959,0.985700,11.298052,2.269396,2.745533,4.430627,2.927648,8.201334,0.900130,1.442204
15.311270,2.603499,3.336803,20.578007,2.019268,1.694680,2.357152,1.047687,2.316184,6.316470
1.799259,1.893686,640.564212,1.905224,3.722630,2.474093,2.933586,5.166038,16.274623,
dist is:
 0.000000
0.000000,0.000000,0.000000,0.000000,0.000000,0.000000,0.000000,-0.000000,0.000000,0.000000
0.000000,-0.000000,0.000000,0.000000,0.000000,0.000000,-0.000000,0.000000,0.000000,0.000000
-0.000000,0.000000,0.000000,-0.000000,0.000000,0.000000,0.000000,0.000000,0.000000,0.000000
0.000000,0.000000,0.000000,0.000000,-0.000000,0.000000,0.000000,0.000000,-0.000000,0.000000
0.000000,0.000000,0.000000,0.000000,0.000000,0.000000,0.000000,0.000000,0.000000,0.000000
0.000000,0.000000,0.000000,-0.000000,0.000000,0.000000,-0.000000,0.000000,0.000000,0.000000
0.000000,0.000000,0.000000,-0.000000,0.000000,0.000000,-0.000000,0.000000,0.000000,0.000000
0.000000,0.000000,0.000000,-0.000000,0.000000,0.000000,0.000000,-0.000000,0.000000,0.000000
0.000000,0.000000,0.000000,0.000000,0.000000,0.000000,0.000000,0.000000,0.000000,0.000000
-0.000000,0.000000,0.000000,0.000000,0.000000,-0.000000,0.000000,0.000000,0.000000,
thread_num : 1
ict_sparse_d_trsm_plain called
trsm_plain, csr , triangular, fill:0 , layout:0, diag:0, index4:0
ict_sparse_d_trsm_plain elasped time : 0.000024[sec]
mkl_sparse_d_trsm elasped time : 0.000132[sec]

correct!!!
inf-norm = 0.0000000000004476

ict_trsm result is:
 5.843300
4.436827,1.698025,3.437241,3.918418,1.488948,0.787942,2.402782,-0.100264,1.277572,1.014498
0.498688,2.054580,1.334075,2.690343,1.067184,0.125018,2.064300,0.370121,4.317534,0.036504
-5.976841,1.419904,3.674792,1.852743,1.296487,-3.675445,-0.030907,2.303208,-4.015860,0.817479
2.860670,-1.237531,0.781250,-1.975900,3.654371,1.021611,4.135456,0.631521,-2.911978,3.106251
0.314469,-4.169156,2.573800,0.889235,-1.263861,2.361046,1.194384,-0.647326,2.173494,1.476134
-11.462874,-0.161400,-11.783382,-2.136713,1.607423,1.506530,2.190985,-4.727976,0.892806,-0.491035
5.520690,3.052956,-3.225187,0.664835,8.680056,-12.038926,13.208029,-6.714572,-134.394840,-2.227183
-10.002648,5.904695,47.858809,1.694735,10.588011,-4.379747,2.186861,-12.478798,2.244213,2.706443
-5.007108,-2.757034,5.151850,56.658811,16.166800,10.837886,-3.923473,-13.498681,14.277949,-22.251677
6.097219,2.107895,13.030727,0.918981,-5.541237,-38.132117,2.050765,6.072572,5.025912,
mklt_trsm result is:
 5.843300
4.436827,1.698025,3.437241,3.918418,1.488948,0.787942,2.402782,-0.100264,1.277572,1.014498
0.498688,2.054580,1.334075,2.690343,1.067184,0.125018,2.064300,0.370121,4.317534,0.036504
-5.976841,1.419904,3.674792,1.852743,1.296487,-3.675445,-0.030907,2.303208,-4.015860,0.817479
2.860670,-1.237531,0.781250,-1.975900,3.654371,1.021611,4.135456,0.631521,-2.911978,3.106251
0.314469,-4.169156,2.573800,0.889235,-1.263861,2.361046,1.194384,-0.647326,2.173494,1.476134
-11.462874,-0.161400,-11.783382,-2.136713,1.607423,1.506530,2.190985,-4.727976,0.892806,-0.491035
5.520690,3.052956,-3.225187,0.664835,8.680056,-12.038926,13.208029,-6.714572,-134.394840,-2.227183
-10.002648,5.904695,47.858809,1.694735,10.588011,-4.379747,2.186861,-12.478798,2.244213,2.706443
-5.007108,-2.757034,5.151850,56.658811,16.166800,10.837886,-3.923473,-13.498681,14.277949,-22.251677
6.097219,2.107895,13.030727,0.918981,-5.541237,-38.132117,2.050765,6.072572,5.025912,
dist is:
 0.000000
0.000000,0.000000,0.000000,0.000000,0.000000,0.000000,0.000000,0.000000,0.000000,0.000000
0.000000,-0.000000,0.000000,0.000000,0.000000,0.000000,-0.000000,0.000000,0.000000,0.000000
0.000000,0.000000,0.000000,-0.000000,0.000000,0.000000,0.000000,0.000000,0.000000,-0.000000
0.000000,0.000000,0.000000,0.000000,-0.000000,0.000000,0.000000,0.000000,0.000000,0.000000
0.000000,0.000000,0.000000,0.000000,0.000000,0.000000,-0.000000,-0.000000,0.000000,0.000000
0.000000,0.000000,-0.000000,-0.000000,0.000000,-0.000000,0.000000,0.000000,0.000000,0.000000
0.000000,-0.000000,0.000000,-0.000000,0.000000,-0.000000,-0.000000,0.000000,-0.000000,0.000000
0.000000,-0.000000,0.000000,-0.000000,-0.000000,-0.000000,0.000000,0.000000,0.000000,-0.000000
0.000000,0.000000,-0.000000,-0.000000,0.000000,-0.000000,-0.000000,0.000000,-0.000000,0.000000
-0.000000,-0.000000,0.000000,0.000000,0.000000,0.000000,0.000000,-0.000000,-0.000000,
thread_num : 1
ict_sparse_d_trsm_plain called
trsm_plain, csr , triangular, fill:0 , layout:0, diag:1, index4:1
ict_sparse_d_trsm_plain elasped time : 0.000009[sec]
mkl_sparse_d_trsm elasped time : 0.000124[sec]

correct!!!
inf-norm = 0.0000000000000004

ict_trsm result is:
 1.680375
0.788766,1.566198,1.596880,1.823295,0.395103,0.670446,1.536459,0.007598,1.107940,0.954794
0.402531,0.729569,1.026802,1.695487,1.344388,0.537849,1.434594,0.283205,1.120795,0.032601
-0.461704,0.274463,1.608354,0.313358,0.801889,-0.292709,0.114527,1.997849,-1.673459,0.659375
1.439533,-0.576162,0.556173,0.830782,1.048574,0.987166,1.945550,0.585034,0.639399,0.892776
1.210921,-0.085037,1.783059,0.566629,0.058800,1.615449,1.131577,-0.486166,1.459147,1.151645
-2.173797,0.260601,0.049921,-0.530989,-0.009584,-0.848296,-0.323799,-1.154643,0.396748,-0.402447
1.013369,-0.184490,-0.330577,0.533331,0.040374,-0.635286,3.074673,-1.857800,-0.700336,0.088457
0.909450,0.552191,2.482013,-0.710872,0.392857,-0.215532,1.403483,-0.586642,1.217575,0.292229
-1.072474,-0.606341,1.876718,2.281222,0.187444,-1.037593,1.419235,-3.998415,2.251156,1.591919
-1.182929,1.349311,1.535693,0.662541,0.106856,-1.923137,1.329126,1.560423,1.421834,
mklt_trsm result is:
 1.680375
0.788766,1.566198,1.596880,1.823295,0.395103,0.670446,1.536459,0.007598,1.107940,0.954794
0.402531,0.729569,1.026802,1.695487,1.344388,0.537849,1.434594,0.283205,1.120795,0.032601
-0.461704,0.274463,1.608354,0.313358,0.801889,-0.292709,0.114527,1.997849,-1.673459,0.659375
1.439533,-0.576162,0.556173,0.830782,1.048574,0.987166,1.945550,0.585034,0.639399,0.892776
1.210921,-0.085037,1.783059,0.566629,0.058800,1.615449,1.131577,-0.486166,1.459147,1.151645
-2.173797,0.260601,0.049921,-0.530989,-0.009584,-0.848296,-0.323799,-1.154643,0.396748,-0.402447
1.013369,-0.184490,-0.330577,0.533331,0.040374,-0.635286,3.074673,-1.857800,-0.700336,0.088457
0.909450,0.552191,2.482013,-0.710872,0.392857,-0.215532,1.403483,-0.586642,1.217575,0.292229
-1.072474,-0.606341,1.876718,2.281222,0.187444,-1.037593,1.419235,-3.998415,2.251156,1.591919
-1.182929,1.349311,1.535693,0.662541,0.106856,-1.923137,1.329126,1.560423,1.421834,
dist is:
 0.000000
0.000000,0.000000,0.000000,0.000000,0.000000,0.000000,0.000000,0.000000,0.000000,0.000000
0.000000,0.000000,0.000000,0.000000,0.000000,0.000000,0.000000,0.000000,0.000000,0.000000
0.000000,0.000000,0.000000,0.000000,0.000000,0.000000,0.000000,0.000000,0.000000,0.000000
0.000000,0.000000,0.000000,0.000000,0.000000,0.000000,0.000000,0.000000,0.000000,0.000000
0.000000,0.000000,0.000000,0.000000,0.000000,0.000000,0.000000,0.000000,0.000000,0.000000
0.000000,0.000000,0.000000,0.000000,-0.000000,0.000000,0.000000,0.000000,0.000000,0.000000
0.000000,0.000000,0.000000,0.000000,0.000000,0.000000,0.000000,0.000000,0.000000,0.000000
0.000000,0.000000,0.000000,0.000000,0.000000,0.000000,0.000000,0.000000,0.000000,0.000000
0.000000,0.000000,0.000000,0.000000,0.000000,0.000000,-0.000000,0.000000,0.000000,0.000000
0.000000,0.000000,0.000000,0.000000,0.000000,-0.000000,0.000000,0.000000,0.000000,
thread_num : 1
ict_sparse_d_trsm_plain called
trsm_plain, csr , triangular, fill:1 , layout:0, diag:0, index4:2
ict_sparse_d_trsm_plain elasped time : 0.000020[sec]
mkl_sparse_d_trsm elasped time : 0.000124[sec]

correct!!!
inf-norm = 0.0000000000018190

ict_trsm result is:
 -775.496911
-9659.061788,12.220390,-5879.798790,7.699686,-4632.974945,-474.789467,1633.105026,27.080458,5.301451,358.088213
11936.542668,1.875178,365.359419,2807.502680,17.583266,5.963326,22.097453,0.370121,-50.852690,0.036504
409.718547,-19.910395,-9192.555777,-2.989459,169.504449,-102.087782,-134.605617,-37.798547,71.245823,-2.743788
-4029.711480,171.953733,-2.845540,3737.608666,-19.146099,695.780134,-23.598192,1.794456,-2779.501998,3305.155980
0.298044,-96.171579,-1127.252474,-41.085472,12.450954,-1373.503011,236.195381,4.038055,-75.046169,1.215313
-7.240566,0.126232,22.516234,-1148.029494,-632.274203,0.189458,1.039904,2.836596,0.231613,0.483578
23.768170,2.578356,-24.184709,7.977552,3.379765,134.953926,1.540087,-10.689361,65.344597,-15.067252
9826.015245,6.032716,11.298052,-0.114681,-4289.894377,-168.805563,2.927648,75.023711,-7.754853,1269.554143
15.311270,-11.423484,2957.533759,20.578007,-1.278392,41.769311,2.357152,1.047687,2.316184,6.316470
1.799259,1.893686,-2138.948385,1.905224,-3.659729,2.474093,-18.245266,5.166038,16.274623,
mklt_trsm result is:
 -775.496911
-9659.061788,12.220390,-5879.798790,7.699686,-4632.974945,-474.789467,1633.105026,27.080458,5.301451,358.088213
11936.542668,1.875178,365.359419,2807.502680,17.583266,5.963326,22.097453,0.370121,-50.852690,0.036504
409.718547,-19.910395,-9192.555777,-2.989459,169.504449,-102.087782,-134.605617,-37.798547,71.245823,-2.743788
-4029.711480,171.953733,-2.845540,3737.608666,-19.146099,695.780134,-23.598192,1.794456,-2779.501998,3305.155980
0.298044,-96.171579,-1127.252474,-41.085472,12.450954,-1373.503011,236.195381,4.038055,-75.046169,1.215313
-7.240566,0.126232,22.516234,-1148.029494,-632.274203,0.189458,1.039904,2.836596,0.231613,0.483578
23.768170,2.578356,-24.184709,7.977552,3.379765,134.953926,1.540087,-10.689361,65.344597,-15.067252
9826.015245,6.032716,11.298052,-0.114681,-4289.894377,-168.805563,2.927648,75.023711,-7.754853,1269.554143
15.311270,-11.423484,2957.533759,20.578007,-1.278392,41.769311,2.357152,1.047687,2.316184,6.316470
1.799259,1.893686,-2138.948385,1.905224,-3.659729,2.474093,-18.245266,5.166038,16.274623,
dist is:
 0.000000
-0.000000,0.000000,-0.000000,-0.000000,-0.000000,0.000000,0.000000,0.000000,0.000000,0.000000
0.000000,-0.000000,0.000000,0.000000,0.000000,0.000000,0.000000,0.000000,0.000000,0.000000
0.000000,0.000000,-0.000000,0.000000,0.000000,0.000000,-0.000000,0.000000,0.000000,0.000000
-0.000000,0.000000,0.000000,0.000000,-0.000000,0.000000,0.000000,0.000000,-0.000000,0.000000
0.000000,-0.000000,-0.000000,0.000000,0.000000,-0.000000,0.000000,0.000000,0.000000,0.000000
0.000000,0.000000,0.000000,-0.000000,-0.000000,0.000000,-0.000000,0.000000,0.000000,0.000000
0.000000,0.000000,0.000000,0.000000,0.000000,0.000000,0.000000,0.000000,0.000000,0.000000
0.000000,0.000000,0.000000,0.000000,-0.000000,0.000000,0.000000,0.000000,0.000000,0.000000
0.000000,0.000000,0.000000,0.000000,0.000000,0.000000,0.000000,0.000000,0.000000,0.000000
-0.000000,0.000000,-0.000000,0.000000,-0.000000,-0.000000,0.000000,0.000000,0.000000,
thread_num : 1
ict_sparse_d_trsm_plain called
trsm_plain, csr , triangular, fill:1 , layout:0, diag:1, index4:3
ict_sparse_d_trsm_plain elasped time : 0.000014[sec]
mkl_sparse_d_trsm elasped time : 0.000108[sec]

correct!!!
inf-norm = 0.0000000000000000

ict_trsm result is:
 1.317101
1.792521,1.427249,4.864346,-0.387729,0.382380,-0.178652,0.714207,0.642978,-1.120101,-1.887353
-0.457267,0.625358,-0.005897,-0.735534,1.718054,1.072312,1.417081,0.283205,0.439226,0.032601
0.625372,0.031568,0.578025,-0.043238,0.232327,0.023132,-1.935986,2.239432,-1.188256,-0.210515
1.816426,1.315750,-0.318432,0.829669,1.241571,-0.130890,0.172953,0.357268,1.304572,-3.035886
0.487556,-1.013594,1.533545,0.116340,-0.480762,-0.697280,2.686739,-1.535969,-0.370484,1.051991
-1.381946,0.198390,1.326454,2.355983,-0.619340,0.128343,-0.450598,0.915403,0.126192,0.476560
1.842784,1.804416,1.563417,0.922711,1.079521,0.376095,1.295126,-0.034894,1.335448,-1.000105
-0.162619,0.997648,1.863670,1.231716,0.825626,-1.297548,1.477069,1.263049,-0.054118,0.404710
0.331948,-0.375994,0.806471,1.658402,0.270274,0.272450,1.786745,0.700720,1.373340,1.912937
1.177280,1.314608,0.883115,0.879120,1.437682,0.796873,0.312518,1.368437,1.821944,
mklt_trsm result is:
 1.317101
1.792521,1.427249,4.864346,-0.387729,0.382380,-0.178652,0.714207,0.642978,-1.120101,-1.887353
-0.457267,0.625358,-0.005897,-0.735534,1.718054,1.072312,1.417081,0.283205,0.439226,0.032601
0.625372,0.031568,0.578025,-0.043238,0.232327,0.023132,-1.935986,2.239432,-1.188256,-0.210515
1.816426,1.315750,-0.318432,0.829669,1.241571,-0.130890,0.172953,0.357268,1.304572,-3.035886
0.487556,-1.013594,1.533545,0.116340,-0.480762,-0.697280,2.686739,-1.535969,-0.370484,1.051991
-1.381946,0.198390,1.326454,2.355983,-0.619340,0.128343,-0.450598,0.915403,0.126192,0.476560
1.842784,1.804416,1.563417,0.922711,1.079521,0.376095,1.295126,-0.034894,1.335448,-1.000105
-0.162619,0.997648,1.863670,1.231716,0.825626,-1.297548,1.477069,1.263049,-0.054118,0.404710
0.331948,-0.375994,0.806471,1.658402,0.270274,0.272450,1.786745,0.700720,1.373340,1.912937
1.177280,1.314608,0.883115,0.879120,1.437682,0.796873,0.312518,1.368437,1.821944,
dist is:
 0.000000
0.000000,0.000000,0.000000,0.000000,0.000000,0.000000,0.000000,0.000000,0.000000,0.000000
0.000000,0.000000,0.000000,0.000000,0.000000,0.000000,0.000000,0.000000,0.000000,0.000000
0.000000,0.000000,0.000000,0.000000,0.000000,0.000000,0.000000,0.000000,0.000000,0.000000
0.000000,0.000000,0.000000,0.000000,0.000000,0.000000,0.000000,0.000000,0.000000,0.000000
0.000000,0.000000,0.000000,0.000000,0.000000,0.000000,0.000000,0.000000,0.000000,0.000000
0.000000,0.000000,0.000000,0.000000,0.000000,0.000000,0.000000,0.000000,0.000000,0.000000
0.000000,0.000000,0.000000,0.000000,0.000000,0.000000,0.000000,0.000000,0.000000,0.000000
0.000000,0.000000,0.000000,0.000000,0.000000,0.000000,0.000000,0.000000,0.000000,0.000000
0.000000,0.000000,0.000000,0.000000,0.000000,0.000000,0.000000,0.000000,0.000000,0.000000
0.000000,0.000000,0.000000,0.000000,0.000000,0.000000,0.000000,0.000000,0.000000,
thread_num : 1
ict_sparse_d_trsm_plain called
trsm_plain, csr , triangular, fill:0 , layout:1, diag:0, index4:4
ict_sparse_d_trsm_plain elasped time : 0.000017[sec]
mkl_sparse_d_trsm elasped time : 0.000156[sec]

correct!!!
inf-norm = 0.0000000000004476

ict_trsm result is:
 5.843300
4.436827,1.698025,3.437241,3.918418,1.488948,0.787942,2.402782,-0.100264,1.277572,1.014498
0.498688,2.054580,1.334075,2.690343,1.067184,0.125018,2.064300,0.370121,4.317534,0.036504
-5.976841,1.419904,3.674792,1.852743,1.296487,-3.675445,-0.030907,2.303208,-4.015860,0.817479
2.860670,-1.237531,0.781250,-1.975900,3.654371,1.021611,4.135456,0.631521,-2.911978,3.106251
0.314469,-4.169156,2.573800,0.889235,-1.263861,2.361046,1.194384,-0.647326,2.173494,1.476134
-11.462874,-0.161400,-11.783382,-2.136713,1.607423,1.506530,2.190985,-4.727976,0.892806,-0.491035
5.520690,3.052956,-3.225187,0.664835,8.680056,-12.038926,13.208029,-6.714572,-134.394840,-2.227183
-10.002648,5.904695,47.858809,1.694735,10.588011,-4.379747,2.186861,-12.478798,2.244213,2.706443
-5.007108,-2.757034,5.151850,56.658811,16.166800,10.837886,-3.923473,-13.498681,14.277949,-22.251677
6.097219,2.107895,13.030727,0.918981,-5.541237,-38.132117,2.050765,6.072572,5.025912,
mklt_trsm result is:
 5.843300
4.436827,1.698025,3.437241,3.918418,1.488948,0.787942,2.402782,-0.100264,1.277572,1.014498
0.498688,2.054580,1.334075,2.690343,1.067184,0.125018,2.064300,0.370121,4.317534,0.036504
-5.976841,1.419904,3.674792,1.852743,1.296487,-3.675445,-0.030907,2.303208,-4.015860,0.817479
2.860670,-1.237531,0.781250,-1.975900,3.654371,1.021611,4.135456,0.631521,-2.911978,3.106251
0.314469,-4.169156,2.573800,0.889235,-1.263861,2.361046,1.194384,-0.647326,2.173494,1.476134
-11.462874,-0.161400,-11.783382,-2.136713,1.607423,1.506530,2.190985,-4.727976,0.892806,-0.491035
5.520690,3.052956,-3.225187,0.664835,8.680056,-12.038926,13.208029,-6.714572,-134.394840,-2.227183
-10.002648,5.904695,47.858809,1.694735,10.588011,-4.379747,2.186861,-12.478798,2.244213,2.706443
-5.007108,-2.757034,5.151850,56.658811,16.166800,10.837886,-3.923473,-13.498681,14.277949,-22.251677
6.097219,2.107895,13.030727,0.918981,-5.541237,-38.132117,2.050765,6.072572,5.025912,
dist is:
 0.000000
0.000000,0.000000,0.000000,0.000000,0.000000,0.000000,0.000000,0.000000,0.000000,0.000000
0.000000,-0.000000,0.000000,0.000000,0.000000,0.000000,-0.000000,0.000000,0.000000,0.000000
0.000000,0.000000,0.000000,-0.000000,0.000000,0.000000,0.000000,0.000000,0.000000,-0.000000
0.000000,0.000000,0.000000,0.000000,-0.000000,0.000000,0.000000,0.000000,0.000000,0.000000
0.000000,0.000000,0.000000,0.000000,0.000000,0.000000,-0.000000,-0.000000,0.000000,0.000000
0.000000,0.000000,-0.000000,-0.000000,0.000000,-0.000000,0.000000,0.000000,0.000000,0.000000
0.000000,-0.000000,0.000000,-0.000000,0.000000,-0.000000,-0.000000,0.000000,-0.000000,0.000000
0.000000,-0.000000,0.000000,-0.000000,-0.000000,-0.000000,0.000000,0.000000,0.000000,-0.000000
0.000000,0.000000,-0.000000,-0.000000,0.000000,-0.000000,-0.000000,0.000000,-0.000000,0.000000
-0.000000,-0.000000,0.000000,0.000000,0.000000,0.000000,0.000000,-0.000000,-0.000000,
thread_num : 1
ict_sparse_d_trsm_plain called
trsm_plain, csr , triangular, fill:0 , layout:1, diag:1, index4:5
ict_sparse_d_trsm_plain elasped time : 0.000012[sec]
mkl_sparse_d_trsm elasped time : 0.000109[sec]

correct!!!
inf-norm = 0.0000000000000004

ict_trsm result is:
 1.680375
0.788766,1.566198,1.596880,1.823295,0.395103,0.670446,1.536459,0.007598,1.107940,0.954794
0.402531,0.729569,1.026802,1.695487,1.344388,0.537849,1.434594,0.283205,1.120795,0.032601
-0.461704,0.274463,1.608354,0.313358,0.801889,-0.292709,0.114527,1.997849,-1.673459,0.659375
1.439533,-0.576162,0.556173,0.830782,1.048574,0.987166,1.945550,0.585034,0.639399,0.892776
1.210921,-0.085037,1.783059,0.566629,0.058800,1.615449,1.131577,-0.486166,1.459147,1.151645
-2.173797,0.260601,0.049921,-0.530989,-0.009584,-0.848296,-0.323799,-1.154643,0.396748,-0.402447
1.013369,-0.184490,-0.330577,0.533331,0.040374,-0.635286,3.074673,-1.857800,-0.700336,0.088457
0.909450,0.552191,2.482013,-0.710872,0.392857,-0.215532,1.403483,-0.586642,1.217575,0.292229
-1.072474,-0.606341,1.876718,2.281222,0.187444,-1.037593,1.419235,-3.998415,2.251156,1.591919
-1.182929,1.349311,1.535693,0.662541,0.106856,-1.923137,1.329126,1.560423,1.421834,
mklt_trsm result is:
 1.680375
0.788766,1.566198,1.596880,1.823295,0.395103,0.670446,1.536459,0.007598,1.107940,0.954794
0.402531,0.729569,1.026802,1.695487,1.344388,0.537849,1.434594,0.283205,1.120795,0.032601
-0.461704,0.274463,1.608354,0.313358,0.801889,-0.292709,0.114527,1.997849,-1.673459,0.659375
1.439533,-0.576162,0.556173,0.830782,1.048574,0.987166,1.945550,0.585034,0.639399,0.892776
1.210921,-0.085037,1.783059,0.566629,0.058800,1.615449,1.131577,-0.486166,1.459147,1.151645
-2.173797,0.260601,0.049921,-0.530989,-0.009584,-0.848296,-0.323799,-1.154643,0.396748,-0.402447
1.013369,-0.184490,-0.330577,0.533331,0.040374,-0.635286,3.074673,-1.857800,-0.700336,0.088457
0.909450,0.552191,2.482013,-0.710872,0.392857,-0.215532,1.403483,-0.586642,1.217575,0.292229
-1.072474,-0.606341,1.876718,2.281222,0.187444,-1.037593,1.419235,-3.998415,2.251156,1.591919
-1.182929,1.349311,1.535693,0.662541,0.106856,-1.923137,1.329126,1.560423,1.421834,
dist is:
 0.000000
0.000000,0.000000,0.000000,0.000000,0.000000,0.000000,0.000000,0.000000,0.000000,0.000000
0.000000,0.000000,0.000000,0.000000,0.000000,0.000000,0.000000,0.000000,0.000000,0.000000
0.000000,0.000000,0.000000,0.000000,0.000000,0.000000,0.000000,0.000000,0.000000,0.000000
0.000000,0.000000,0.000000,0.000000,0.000000,0.000000,0.000000,0.000000,0.000000,0.000000
0.000000,0.000000,0.000000,0.000000,0.000000,0.000000,0.000000,0.000000,0.000000,0.000000
0.000000,0.000000,0.000000,0.000000,-0.000000,0.000000,0.000000,0.000000,0.000000,0.000000
0.000000,0.000000,0.000000,0.000000,0.000000,0.000000,0.000000,0.000000,0.000000,0.000000
0.000000,0.000000,0.000000,0.000000,0.000000,0.000000,0.000000,0.000000,0.000000,0.000000
0.000000,0.000000,0.000000,0.000000,0.000000,0.000000,-0.000000,0.000000,0.000000,0.000000
0.000000,0.000000,0.000000,0.000000,0.000000,-0.000000,0.000000,0.000000,0.000000,
thread_num : 1
ict_sparse_d_trsm_plain called
trsm_plain, csr , triangular, fill:1 , layout:1, diag:0, index4:6
ict_sparse_d_trsm_plain elasped time : 0.000013[sec]
mkl_sparse_d_trsm elasped time : 0.000100[sec]

correct!!!
inf-norm = 0.0000000000018190

ict_trsm result is:
 -775.496911
-9659.061788,12.220390,-5879.798790,7.699686,-4632.974945,-474.789467,1633.105026,27.080458,5.301451,358.088213
11936.542668,1.875178,365.359419,2807.502680,17.583266,5.963326,22.097453,0.370121,-50.852690,0.036504
409.718547,-19.910395,-9192.555777,-2.989459,169.504449,-102.087782,-134.605617,-37.798547,71.245823,-2.743788
-4029.711480,171.953733,-2.845540,3737.608666,-19.146099,695.780134,-23.598192,1.794456,-2779.501998,3305.155980
0.298044,-96.171579,-1127.252474,-41.085472,12.450954,-1373.503011,236.195381,4.038055,-75.046169,1.215313
-7.240566,0.126232,22.516234,-1148.029494,-632.274203,0.189458,1.039904,2.836596,0.231613,0.483578
23.768170,2.578356,-24.184709,7.977552,3.379765,134.953926,1.540087,-10.689361,65.344597,-15.067252
9826.015245,6.032716,11.298052,-0.114681,-4289.894377,-168.805563,2.927648,75.023711,-7.754853,1269.554143
15.311270,-11.423484,2957.533759,20.578007,-1.278392,41.769311,2.357152,1.047687,2.316184,6.316470
1.799259,1.893686,-2138.948385,1.905224,-3.659729,2.474093,-18.245266,5.166038,16.274623,
mklt_trsm result is:
 -775.496911
-9659.061788,12.220390,-5879.798790,7.699686,-4632.974945,-474.789467,1633.105026,27.080458,5.301451,358.088213
11936.542668,1.875178,365.359419,2807.502680,17.583266,5.963326,22.097453,0.370121,-50.852690,0.036504
409.718547,-19.910395,-9192.555777,-2.989459,169.504449,-102.087782,-134.605617,-37.798547,71.245823,-2.743788
-4029.711480,171.953733,-2.845540,3737.608666,-19.146099,695.780134,-23.598192,1.794456,-2779.501998,3305.155980
0.298044,-96.171579,-1127.252474,-41.085472,12.450954,-1373.503011,236.195381,4.038055,-75.046169,1.215313
-7.240566,0.126232,22.516234,-1148.029494,-632.274203,0.189458,1.039904,2.836596,0.231613,0.483578
23.768170,2.578356,-24.184709,7.977552,3.379765,134.953926,1.540087,-10.689361,65.344597,-15.067252
9826.015245,6.032716,11.298052,-0.114681,-4289.894377,-168.805563,2.927648,75.023711,-7.754853,1269.554143
15.311270,-11.423484,2957.533759,20.578007,-1.278392,41.769311,2.357152,1.047687,2.316184,6.316470
1.799259,1.893686,-2138.948385,1.905224,-3.659729,2.474093,-18.245266,5.166038,16.274623,
dist is:
 0.000000
-0.000000,0.000000,-0.000000,-0.000000,-0.000000,0.000000,0.000000,0.000000,0.000000,0.000000
0.000000,-0.000000,0.000000,0.000000,0.000000,0.000000,0.000000,0.000000,0.000000,0.000000
0.000000,0.000000,0.000000,0.000000,0.000000,0.000000,-0.000000,0.000000,0.000000,0.000000
-0.000000,0.000000,0.000000,0.000000,-0.000000,0.000000,0.000000,0.000000,-0.000000,0.000000
0.000000,-0.000000,-0.000000,0.000000,0.000000,-0.000000,0.000000,0.000000,0.000000,0.000000
0.000000,0.000000,0.000000,-0.000000,-0.000000,0.000000,-0.000000,0.000000,0.000000,0.000000
0.000000,0.000000,0.000000,0.000000,0.000000,0.000000,0.000000,0.000000,0.000000,0.000000
0.000000,0.000000,0.000000,0.000000,-0.000000,0.000000,0.000000,0.000000,0.000000,0.000000
0.000000,0.000000,0.000000,0.000000,0.000000,0.000000,0.000000,0.000000,0.000000,0.000000
-0.000000,0.000000,-0.000000,0.000000,-0.000000,-0.000000,0.000000,0.000000,0.000000,
thread_num : 1
ict_sparse_d_trsm_plain called
trsm_plain, csr , triangular, fill:1 , layout:1, diag:1, index4:7
ict_sparse_d_trsm_plain elasped time : 0.000010[sec]
mkl_sparse_d_trsm elasped time : 0.000104[sec]

correct!!!
inf-norm = 0.0000000000000002

ict_trsm result is:
 1.317101
1.792521,1.427249,4.864346,-0.387729,0.382380,-0.178652,0.714207,0.642978,-1.120101,-1.887353
-0.457267,0.625358,-0.005897,-0.735534,1.718054,1.072312,1.417081,0.283205,0.439226,0.032601
0.625372,0.031568,0.578025,-0.043238,0.232327,0.023132,-1.935986,2.239432,-1.188256,-0.210515
1.816426,1.315750,-0.318432,0.829669,1.241571,-0.130890,0.172953,0.357268,1.304572,-3.035886
0.487556,-1.013594,1.533545,0.116340,-0.480762,-0.697280,2.686739,-1.535969,-0.370484,1.051991
-1.381946,0.198390,1.326454,2.355983,-0.619340,0.128343,-0.450598,0.915403,0.126192,0.476560
1.842784,1.804416,1.563417,0.922711,1.079521,0.376095,1.295126,-0.034894,1.335448,-1.000105
-0.162619,0.997648,1.863670,1.231716,0.825626,-1.297548,1.477069,1.263049,-0.054118,0.404710
0.331948,-0.375994,0.806471,1.658402,0.270274,0.272450,1.786745,0.700720,1.373340,1.912937
1.177280,1.314608,0.883115,0.879120,1.437682,0.796873,0.312518,1.368437,1.821944,
mklt_trsm result is:
 1.317101
1.792521,1.427249,4.864346,-0.387729,0.382380,-0.178652,0.714207,0.642978,-1.120101,-1.887353
-0.457267,0.625358,-0.005897,-0.735534,1.718054,1.072312,1.417081,0.283205,0.439226,0.032601
0.625372,0.031568,0.578025,-0.043238,0.232327,0.023132,-1.935986,2.239432,-1.188256,-0.210515
1.816426,1.315750,-0.318432,0.829669,1.241571,-0.130890,0.172953,0.357268,1.304572,-3.035886
0.487556,-1.013594,1.533545,0.116340,-0.480762,-0.697280,2.686739,-1.535969,-0.370484,1.051991
-1.381946,0.198390,1.326454,2.355983,-0.619340,0.128343,-0.450598,0.915403,0.126192,0.476560
1.842784,1.804416,1.563417,0.922711,1.079521,0.376095,1.295126,-0.034894,1.335448,-1.000105
-0.162619,0.997648,1.863670,1.231716,0.825626,-1.297548,1.477069,1.263049,-0.054118,0.404710
0.331948,-0.375994,0.806471,1.658402,0.270274,0.272450,1.786745,0.700720,1.373340,1.912937
1.177280,1.314608,0.883115,0.879120,1.437682,0.796873,0.312518,1.368437,1.821944,
dist is:
 0.000000
0.000000,0.000000,0.000000,0.000000,0.000000,0.000000,0.000000,0.000000,0.000000,0.000000
0.000000,0.000000,0.000000,0.000000,0.000000,0.000000,0.000000,0.000000,0.000000,0.000000
0.000000,0.000000,0.000000,0.000000,0.000000,0.000000,0.000000,0.000000,0.000000,0.000000
0.000000,0.000000,0.000000,0.000000,0.000000,0.000000,0.000000,0.000000,0.000000,0.000000
0.000000,0.000000,0.000000,0.000000,0.000000,0.000000,0.000000,0.000000,0.000000,0.000000
0.000000,0.000000,0.000000,0.000000,0.000000,0.000000,0.000000,0.000000,0.000000,0.000000
0.000000,0.000000,0.000000,0.000000,0.000000,0.000000,0.000000,0.000000,0.000000,0.000000
0.000000,0.000000,0.000000,0.000000,0.000000,0.000000,0.000000,0.000000,0.000000,0.000000
0.000000,0.000000,0.000000,0.000000,0.000000,0.000000,0.000000,0.000000,0.000000,0.000000
0.000000,0.000000,0.000000,0.000000,0.000000,0.000000,0.000000,0.000000,0.000000,
