./bin/trsm_d_csr_x86_64_test --data-file=Matrix/r_300_300_4396.mtx --typeA=D --diagA=U --layout=R --check
thread_num : 1
ict_sparse_d_trsm_plain called
trsm_plain, csr , diag, fill:0 , layout:0, diag:1, index2:1
ict_sparse_d_trsm_plain elasped time : 0.000008[sec]
mkl_sparse_d_trsm elasped time : 0.000024[sec]

Significant numeric error.
inf-norm = 0.9947650000000000

./bin/trsm_d_csr_x86_64_test --data-file=Matrix/r_300_300_4396.mtx --typeA=D --diagA=N --layout=R --check
thread_num : 1
ict_sparse_d_trsm_plain called
trsm_plain, csr , diag, fill:0 , layout:0, diag:0, index2:0
ict_sparse_d_trsm_plain elasped time : 0.000020[sec]
mkl_sparse_d_trsm elasped time : 0.000098[sec]

correct!!!
inf-norm = 0.0000000000000000

./bin/trsm_d_csr_x86_64_test --data-file=Matrix/r_300_300_4396.mtx --typeA=D --diagA=U --layout=C --check
thread_num : 1
ict_sparse_d_trsm_plain called
trsm_plain, csr , diag, fill:0 , layout:1, diag:1, index2:3
ict_sparse_d_trsm_plain elasped time : 0.000008[sec]
mkl_sparse_d_trsm elasped time : 0.000024[sec]

Significant numeric error.
inf-norm = 0.9947650000000000

./bin/trsm_d_csr_x86_64_test --data-file=Matrix/r_300_300_4396.mtx --typeA=D --diagA=N --layout=C --check
thread_num : 1
ict_sparse_d_trsm_plain called
trsm_plain, csr , diag, fill:0 , layout:1, diag:0, index2:2
diagsm_d_csr_n_col_plain called
diagsm_d_csr_n_col_plain called
diagsm_d_csr_n_col_plain called
diagsm_d_csr_n_col_plain called
diagsm_d_csr_n_col_plain called
diagsm_d_csr_n_col_plain called
diagsm_d_csr_n_col_plain called
diagsm_d_csr_n_col_plain called
diagsm_d_csr_n_col_plain called
diagsm_d_csr_n_col_plain called
diagsm_d_csr_n_col_plain called
ict_sparse_d_trsm_plain elasped time : 0.000020[sec]
mkl_sparse_d_trsm elasped time : 0.000080[sec]

correct!!!
inf-norm = 0.0000000000002274

thread_num : 1
ict_sparse_d_trsm_plain called
trsm_plain, csr , triangular, fill:0 , layout:0, diag:0, index4:0
ict_sparse_d_trsm_plain elasped time : 0.000029[sec]
mkl_sparse_d_trsm elasped time : 0.000139[sec]

Significant numeric error.
inf-norm = 0.0000000894069672

thread_num : 1
ict_sparse_d_trsm_plain called
trsm_plain, csr , triangular, fill:0 , layout:0, diag:1, index4:1
ict_sparse_d_trsm_plain elasped time : 0.000020[sec]
mkl_sparse_d_trsm elasped time : 0.000134[sec]

correct!!!
inf-norm = 0.0000000000000053

thread_num : 1
ict_sparse_d_trsm_plain called
trsm_plain, csr , triangular, fill:1 , layout:0, diag:0, index4:2
ict_sparse_d_trsm_plain elasped time : 0.000030[sec]
mkl_sparse_d_trsm elasped time : 0.000129[sec]

Significant numeric error.
inf-norm = 0.0000038146972656

thread_num : 1
ict_sparse_d_trsm_plain called
trsm_plain, csr , triangular, fill:1 , layout:0, diag:1, index4:3
ict_sparse_d_trsm_plain elasped time : 0.000022[sec]
mkl_sparse_d_trsm elasped time : 0.000149[sec]

correct!!!
inf-norm = 0.0000000000000053

thread_num : 1
ict_sparse_d_trsm_plain called
trsm_plain, csr , triangular, fill:0 , layout:1, diag:0, index4:4
ict_sparse_d_trsm_plain elasped time : 0.000030[sec]
mkl_sparse_d_trsm elasped time : 0.000118[sec]

Significant numeric error.
inf-norm = 0.0000000894069672

thread_num : 1
ict_sparse_d_trsm_plain called
trsm_plain, csr , triangular, fill:0 , layout:1, diag:1, index4:5
ict_sparse_d_trsm_plain elasped time : 0.000023[sec]
mkl_sparse_d_trsm elasped time : 0.000117[sec]

correct!!!
inf-norm = 0.0000000000000053

thread_num : 1
ict_sparse_d_trsm_plain called
trsm_plain, csr , triangular, fill:1 , layout:1, diag:0, index4:6
ict_sparse_d_trsm_plain elasped time : 0.000030[sec]
mkl_sparse_d_trsm elasped time : 0.000120[sec]

Significant numeric error.
inf-norm = 0.0000076293945312

thread_num : 1
ict_sparse_d_trsm_plain called
trsm_plain, csr , triangular, fill:1 , layout:1, diag:1, index4:7
ict_sparse_d_trsm_plain elasped time : 0.000020[sec]
mkl_sparse_d_trsm elasped time : 0.000118[sec]

correct!!!
inf-norm = 0.0000000000000053

