./bin/trsm_d_csr_x86_64_test --data-file=Matrix/r_25_25_31.mtx --typeA=D --diagA=U --layout=R --check
thread_num : 1
ict_sparse_d_trsm_plain called
trsm_plain, csr , diag, fill:0 , layout:0, diag:1, index2:1
ict_sparse_d_trsm_plain elasped time : 0.000012[sec]
mkl_sparse_d_trsm elasped time : 0.000041[sec]

Significant numeric error.
inf-norm = 50373775222878817193389003874839910566648924119518163990997184785902086485071825604408804870705289098862738898067877294201473623064331178738612293549598767787916357212194209792.0000000000000000

ict_trsm result is:
 0.000000
0.000000,0.000000,0.000000,0.000000,0.000000,0.000000,0.000000,0.000000,0.000000,0.000000
0.000000,0.000000,0.000000,0.000000,0.000000,0.000000,50373775222878817193389003874839910566648924119518163990997184785902086485071825604408804870705289098862738898067877294201473623064331178738612293549598767787916357212194209792.000000,0.000000,0.000000,0.000000
0.000000,0.000000,0.000000,0.000000,
mklt_trsm result is:
 0.000000
0.000000,0.000000,0.000000,0.000000,0.000000,0.000000,0.354687,0.000000,0.321714,0.000000
0.828083,0.000000,0.600818,0.000000,0.829196,0.000000,0.997120,0.000000,0.133425,0.000000
0.053562,0.000000,0.219669,0.000000,
dist is:
 0.000000
0.000000,0.000000,0.000000,0.000000,0.000000,0.000000,-0.354687,0.000000,-0.321714,0.000000
-0.828083,0.000000,-0.600818,0.000000,-0.829196,0.000000,50373775222878817193389003874839910566648924119518163990997184785902086485071825604408804870705289098862738898067877294201473623064331178738612293549598767787916357212194209792.000000,0.000000,-0.133425,0.000000
-0.053562,0.000000,-0.219669,0.000000,
./bin/trsm_d_csr_x86_64_test --data-file=Matrix/r_25_25_31.mtx --typeA=D --diagA=N --layout=R --check
thread_num : 1
ict_sparse_d_trsm_plain called
trsm_plain, csr , diag, fill:0 , layout:0, diag:0, index2:0
ict_sparse_d_trsm_plain elasped time : 0.000010[sec]
mkl_sparse_d_trsm elasped time : 0.000106[sec]

correct!!!
inf-norm = 0.0000000000000000

ict_trsm result is:
 2.928381
2.223836,4.868294,1.928406,3.034687,0.476489,5.024887,28.685620,0.714578,5.443834,2.235575
1.423241,1.304190,1.528281,2.024281,3.155735,1.995197,2.119838,0.727979,2.896583,0.125194
17.194306,0.923285,7.679744,0.432154,
mklt_trsm result is:
 2.928381
2.223836,4.868294,1.928406,3.034687,0.476489,5.024887,28.685620,0.714578,5.443834,2.235575
1.423241,1.304190,1.528281,2.024281,3.155735,1.995197,2.119838,0.727979,2.896583,0.125194
17.194306,0.923285,7.679744,0.432154,
dist is:
 0.000000
0.000000,0.000000,0.000000,0.000000,0.000000,0.000000,0.000000,0.000000,0.000000,0.000000
0.000000,0.000000,0.000000,0.000000,0.000000,0.000000,0.000000,0.000000,0.000000,0.000000
0.000000,0.000000,0.000000,0.000000,
./bin/trsm_d_csr_x86_64_test --data-file=Matrix/r_25_25_31.mtx --typeA=D --diagA=U --layout=C --check
thread_num : 1
ict_sparse_d_trsm_plain called
trsm_plain, csr , diag, fill:0 , layout:1, diag:1, index2:3
ict_sparse_d_trsm_plain elasped time : 0.000009[sec]
mkl_sparse_d_trsm elasped time : 0.000036[sec]

Significant numeric error.
inf-norm = 50373775222878817193389003874839910566648924119518163990997184785902086485071825604408804870705289098862738898067877294201473623064331178738612293549598767787916357212194209792.0000000000000000

ict_trsm result is:
 0.000000
0.000000,0.000000,0.000000,0.000000,0.000000,0.000000,0.000000,0.000000,0.000000,0.000000
0.000000,0.000000,0.000000,0.000000,0.000000,0.000000,50373775222878817193389003874839910566648924119518163990997184785902086485071825604408804870705289098862738898067877294201473623064331178738612293549598767787916357212194209792.000000,0.000000,0.000000,0.000000
0.000000,0.000000,0.000000,0.000000,
mklt_trsm result is:
 0.000000
0.000000,0.000000,0.000000,0.000000,0.000000,0.000000,0.354687,0.000000,0.321714,0.000000
0.828083,0.000000,0.600818,0.000000,0.829196,0.000000,0.997120,0.000000,0.133425,0.000000
0.053562,0.000000,0.219669,0.000000,
dist is:
 0.000000
0.000000,0.000000,0.000000,0.000000,0.000000,0.000000,-0.354687,0.000000,-0.321714,0.000000
-0.828083,0.000000,-0.600818,0.000000,-0.829196,0.000000,50373775222878817193389003874839910566648924119518163990997184785902086485071825604408804870705289098862738898067877294201473623064331178738612293549598767787916357212194209792.000000,0.000000,-0.133425,0.000000
-0.053562,0.000000,-0.219669,0.000000,
./bin/trsm_d_csr_x86_64_test --data-file=Matrix/r_25_25_31.mtx --typeA=D --diagA=N --layout=C --check
thread_num : 1
ict_sparse_d_trsm_plain called
trsm_plain, csr , diag, fill:0 , layout:1, diag:0, index2:2
diagsm_d_csr_n_col_plain called
diagsm_d_csr_n_col_plain called
diagsm_d_csr_n_col_plain called
diagsm_d_csr_n_col_plain called
diagsm_d_csr_n_col_plain called
diagsm_d_csr_n_col_plain called
diagsm_d_csr_n_col_plain called
diagsm_d_csr_n_col_plain called
diagsm_d_csr_n_col_plain called
diagsm_d_csr_n_col_plain called
diagsm_d_csr_n_col_plain called
ict_sparse_d_trsm_plain elasped time : 0.000014[sec]
mkl_sparse_d_trsm elasped time : 0.000103[sec]

correct!!!
inf-norm = 0.0000000000000009

ict_trsm result is:
 2.928381
2.223836,4.868294,1.928406,3.034687,0.476489,5.024887,28.685620,0.714578,5.443834,2.235575
1.423241,1.304190,1.528281,2.024281,3.155735,1.995197,2.119838,0.727979,2.896583,0.125194
17.194306,0.923285,7.679744,0.432154,
mklt_trsm result is:
 2.928381
2.223836,4.868294,1.928406,3.034687,0.476489,5.024887,28.685620,0.714578,5.443834,2.235575
1.423241,1.304190,1.528281,2.024281,3.155735,1.995197,2.119838,0.727979,2.896583,0.125194
17.194306,0.923285,7.679744,0.432154,
dist is:
 0.000000
0.000000,-0.000000,0.000000,-0.000000,0.000000,0.000000,0.000000,0.000000,0.000000,0.000000
0.000000,-0.000000,0.000000,0.000000,0.000000,0.000000,0.000000,0.000000,0.000000,0.000000
0.000000,0.000000,0.000000,0.000000,
thread_num : 1
ict_sparse_d_trsm_plain called
trsm_plain, csr , triangular, fill:0 , layout:0, diag:0, index4:0
ict_sparse_d_trsm_plain elasped time : 0.000009[sec]
mkl_sparse_d_trsm elasped time : 0.000150[sec]

correct!!!
inf-norm = 0.0000000000000018

ict_trsm result is:
 2.928381
2.223836,4.868294,1.928406,3.034687,0.476489,5.024887,28.685620,0.714578,5.443834,2.235575
1.423241,1.304190,1.528281,2.024281,3.155735,1.995197,2.119838,0.727979,2.896583,0.125194
17.194306,-2.013229,-5.083901,0.432154,
mklt_trsm result is:
 2.928381
2.223836,4.868294,1.928406,3.034687,0.476489,5.024887,28.685620,0.714578,5.443834,2.235575
1.423241,1.304190,1.528281,2.024281,3.155735,1.995197,2.119838,0.727979,2.896583,0.125194
17.194306,-2.013229,-5.083901,0.432154,
dist is:
 0.000000
0.000000,-0.000000,0.000000,-0.000000,0.000000,0.000000,0.000000,0.000000,0.000000,0.000000
0.000000,-0.000000,0.000000,0.000000,0.000000,0.000000,0.000000,0.000000,0.000000,0.000000
0.000000,-0.000000,0.000000,0.000000,
thread_num : 1
ict_sparse_d_trsm_plain called
trsm_plain, csr , triangular, fill:0 , layout:0, diag:1, index4:1
ict_sparse_d_trsm_plain elasped time : 0.000008[sec]
mkl_sparse_d_trsm elasped time : 0.000136[sec]

correct!!!
inf-norm = 0.0000000000000000

ict_trsm result is:
 1.680375
0.788766,1.566198,1.596880,1.823295,0.395103,0.670446,1.536459,0.555549,1.107940,0.954794
1.257742,0.729569,1.026802,1.904459,1.832390,1.271423,1.434594,0.283205,1.213938,0.032601
0.485774,-0.098358,0.002328,0.313358,
mklt_trsm result is:
 1.680375
0.788766,1.566198,1.596880,1.823295,0.395103,0.670446,1.536459,0.555549,1.107940,0.954794
1.257742,0.729569,1.026802,1.904459,1.832390,1.271423,1.434594,0.283205,1.213938,0.032601
0.485774,-0.098358,0.002328,0.313358,
dist is:
 0.000000
0.000000,0.000000,0.000000,0.000000,0.000000,0.000000,0.000000,0.000000,0.000000,0.000000
0.000000,0.000000,0.000000,0.000000,0.000000,0.000000,0.000000,0.000000,0.000000,0.000000
0.000000,0.000000,0.000000,0.000000,
thread_num : 1
ict_sparse_d_trsm_plain called
trsm_plain, csr , triangular, fill:1 , layout:0, diag:0, index4:2
ict_sparse_d_trsm_plain elasped time : 0.000008[sec]
mkl_sparse_d_trsm elasped time : 0.000128[sec]

correct!!!
inf-norm = 0.0000000000000009

ict_trsm result is:
 2.928381
2.223836,4.868294,1.928406,3.034687,-5.566009,5.024887,6.359316,0.714578,5.443834,-1.493270
1.423241,1.304190,1.528281,2.024281,3.155735,1.995197,2.075931,0.727979,2.896583,0.125194
17.194306,0.923285,7.679744,0.432154,
mklt_trsm result is:
 2.928381
2.223836,4.868294,1.928406,3.034687,-5.566009,5.024887,6.359316,0.714578,5.443834,-1.493270
1.423241,1.304190,1.528281,2.024281,3.155735,1.995197,2.075931,0.727979,2.896583,0.125194
17.194306,0.923285,7.679744,0.432154,
dist is:
 0.000000
0.000000,-0.000000,0.000000,-0.000000,0.000000,0.000000,0.000000,0.000000,0.000000,0.000000
0.000000,-0.000000,0.000000,0.000000,0.000000,0.000000,0.000000,0.000000,0.000000,0.000000
0.000000,0.000000,0.000000,0.000000,
thread_num : 1
ict_sparse_d_trsm_plain called
trsm_plain, csr , triangular, fill:1 , layout:0, diag:1, index4:3
ict_sparse_d_trsm_plain elasped time : 0.000012[sec]
mkl_sparse_d_trsm elasped time : 0.000127[sec]

correct!!!
inf-norm = 0.0000000000000000

ict_trsm result is:
 1.680375
0.788766,1.566198,1.596880,1.823295,-0.273412,0.670446,1.293079,0.555549,1.107940,0.621268
1.257742,0.729569,1.026802,1.904459,1.832390,1.271423,1.413048,0.283205,1.213938,0.032601
0.485774,0.274463,1.608354,0.313358,
mklt_trsm result is:
 1.680375
0.788766,1.566198,1.596880,1.823295,-0.273412,0.670446,1.293079,0.555549,1.107940,0.621268
1.257742,0.729569,1.026802,1.904459,1.832390,1.271423,1.413048,0.283205,1.213938,0.032601
0.485774,0.274463,1.608354,0.313358,
dist is:
 0.000000
0.000000,0.000000,0.000000,0.000000,0.000000,0.000000,0.000000,0.000000,0.000000,0.000000
0.000000,0.000000,0.000000,0.000000,0.000000,0.000000,0.000000,0.000000,0.000000,0.000000
0.000000,0.000000,0.000000,0.000000,
thread_num : 1
ict_sparse_d_trsm_plain called
trsm_plain, csr , triangular, fill:0 , layout:1, diag:0, index4:4
ict_sparse_d_trsm_plain elasped time : 0.000007[sec]
mkl_sparse_d_trsm elasped time : 0.000130[sec]

correct!!!
inf-norm = 0.0000000000000018

ict_trsm result is:
 2.928381
2.223836,4.868294,1.928406,3.034687,0.476489,5.024887,28.685620,0.714578,5.443834,2.235575
1.423241,1.304190,1.528281,2.024281,3.155735,1.995197,2.119838,0.727979,2.896583,0.125194
17.194306,-2.013229,-5.083901,0.432154,
mklt_trsm result is:
 2.928381
2.223836,4.868294,1.928406,3.034687,0.476489,5.024887,28.685620,0.714578,5.443834,2.235575
1.423241,1.304190,1.528281,2.024281,3.155735,1.995197,2.119838,0.727979,2.896583,0.125194
17.194306,-2.013229,-5.083901,0.432154,
dist is:
 0.000000
0.000000,-0.000000,0.000000,-0.000000,0.000000,0.000000,0.000000,0.000000,0.000000,0.000000
0.000000,-0.000000,0.000000,0.000000,0.000000,0.000000,0.000000,0.000000,0.000000,0.000000
0.000000,-0.000000,0.000000,0.000000,
thread_num : 1
ict_sparse_d_trsm_plain called
trsm_plain, csr , triangular, fill:0 , layout:1, diag:1, index4:5
ict_sparse_d_trsm_plain elasped time : 0.000006[sec]
mkl_sparse_d_trsm elasped time : 0.000126[sec]

correct!!!
inf-norm = 0.0000000000000000

ict_trsm result is:
 1.680375
0.788766,1.566198,1.596880,1.823295,0.395103,0.670446,1.536459,0.555549,1.107940,0.954794
1.257742,0.729569,1.026802,1.904459,1.832390,1.271423,1.434594,0.283205,1.213938,0.032601
0.485774,-0.098358,0.002328,0.313358,
mklt_trsm result is:
 1.680375
0.788766,1.566198,1.596880,1.823295,0.395103,0.670446,1.536459,0.555549,1.107940,0.954794
1.257742,0.729569,1.026802,1.904459,1.832390,1.271423,1.434594,0.283205,1.213938,0.032601
0.485774,-0.098358,0.002328,0.313358,
dist is:
 0.000000
0.000000,0.000000,0.000000,0.000000,0.000000,0.000000,0.000000,0.000000,0.000000,0.000000
0.000000,0.000000,0.000000,0.000000,0.000000,0.000000,0.000000,0.000000,0.000000,0.000000
0.000000,0.000000,0.000000,0.000000,
thread_num : 1
ict_sparse_d_trsm_plain called
trsm_plain, csr , triangular, fill:1 , layout:1, diag:0, index4:6
ict_sparse_d_trsm_plain elasped time : 0.000007[sec]
mkl_sparse_d_trsm elasped time : 0.000120[sec]

correct!!!
inf-norm = 0.0000000000000009

ict_trsm result is:
 2.928381
2.223836,4.868294,1.928406,3.034687,-5.566009,5.024887,6.359316,0.714578,5.443834,-1.493270
1.423241,1.304190,1.528281,2.024281,3.155735,1.995197,2.075931,0.727979,2.896583,0.125194
17.194306,0.923285,7.679744,0.432154,
mklt_trsm result is:
 2.928381
2.223836,4.868294,1.928406,3.034687,-5.566009,5.024887,6.359316,0.714578,5.443834,-1.493270
1.423241,1.304190,1.528281,2.024281,3.155735,1.995197,2.075931,0.727979,2.896583,0.125194
17.194306,0.923285,7.679744,0.432154,
dist is:
 0.000000
0.000000,-0.000000,0.000000,-0.000000,0.000000,0.000000,0.000000,0.000000,0.000000,0.000000
0.000000,-0.000000,0.000000,0.000000,0.000000,0.000000,0.000000,0.000000,0.000000,0.000000
0.000000,0.000000,0.000000,0.000000,
thread_num : 1
ict_sparse_d_trsm_plain called
trsm_plain, csr , triangular, fill:1 , layout:1, diag:1, index4:7
ict_sparse_d_trsm_plain elasped time : 0.000006[sec]
mkl_sparse_d_trsm elasped time : 0.000114[sec]

correct!!!
inf-norm = 0.0000000000000000

ict_trsm result is:
 1.680375
0.788766,1.566198,1.596880,1.823295,-0.273412,0.670446,1.293079,0.555549,1.107940,0.621268
1.257742,0.729569,1.026802,1.904459,1.832390,1.271423,1.413048,0.283205,1.213938,0.032601
0.485774,0.274463,1.608354,0.313358,
mklt_trsm result is:
 1.680375
0.788766,1.566198,1.596880,1.823295,-0.273412,0.670446,1.293079,0.555549,1.107940,0.621268
1.257742,0.729569,1.026802,1.904459,1.832390,1.271423,1.413048,0.283205,1.213938,0.032601
0.485774,0.274463,1.608354,0.313358,
dist is:
 0.000000
0.000000,0.000000,0.000000,0.000000,0.000000,0.000000,0.000000,0.000000,0.000000,0.000000
0.000000,0.000000,0.000000,0.000000,0.000000,0.000000,0.000000,0.000000,0.000000,0.000000
0.000000,0.000000,0.000000,0.000000,
