./bin/trsm_d_csc_x86_64_test --data-file=Matrix/r_300_300_4396.mtx --typeA=D --diagA=U --layout=R --check
thread_num : 1
ict_trsm columns is 300
ict_sparse_d_trsm_plain called
trsm_plain, csc ,diag, fill:0 , layout:0, diag:1, index2:1
ict_sparse_d_trsm_plain elasped time : 0.000358[sec]
mkl_trsm columns is 300
mkl_sparse_d_trsm elasped time : 0.000019[sec]

Significant numeric error.
inf-norm = 1.9999871421605289

./bin/trsm_d_csc_x86_64_test --data-file=Matrix/r_300_300_4396.mtx --typeA=D --diagA=N --layout=R --check
thread_num : 1
ict_trsm columns is 300
ict_sparse_d_trsm_plain called
trsm_plain, csc ,diag, fill:0 , layout:0, diag:0, index2:0
ict_sparse_d_trsm_plain elasped time : 0.000557[sec]
mkl_trsm columns is 300
mkl_sparse_d_trsm elasped time : 0.000491[sec]

correct!!!
inf-norm = 0.0000000000002274

./bin/trsm_d_csc_x86_64_test --data-file=Matrix/r_300_300_4396.mtx --typeA=D --diagA=U --layout=C --check
thread_num : 1
ict_trsm columns is 300
ict_sparse_d_trsm_plain called
trsm_plain, csc ,diag, fill:0 , layout:1, diag:1, index2:3
ict_sparse_d_trsm_plain elasped time : 0.000353[sec]
mkl_trsm columns is 300
mkl_sparse_d_trsm elasped time : 0.000019[sec]

Significant numeric error.
inf-norm = 1.9999871421605289

./bin/trsm_d_csc_x86_64_test --data-file=Matrix/r_300_300_4396.mtx --typeA=D --diagA=N --layout=C --check
thread_num : 1
ict_trsm columns is 300
ict_sparse_d_trsm_plain called
trsm_plain, csc ,diag, fill:0 , layout:1, diag:0, index2:2
ict_sparse_d_trsm_plain elasped time : 0.000558[sec]
mkl_trsm columns is 300
mkl_sparse_d_trsm elasped time : 0.000478[sec]

correct!!!
inf-norm = 0.0000000000002274

thread_num : 1
ict_trsm columns is 300
ict_sparse_d_trsm_plain called
trsm_plain, csc , triangular, fill:0 , layout:0, diag:0, index4:0
trsm_d_csc_n_lo_row_plain called
ict_sparse_d_trsm_plain elasped time : 0.001212[sec]
mkl_trsm columns is 300
mkl_sparse_d_trsm elasped time : 0.001052[sec]

Significant numeric error.
inf-norm = 0.0000005364418030

thread_num : 1
ict_trsm columns is 300
ict_sparse_d_trsm_plain called
trsm_plain, csc , triangular, fill:0 , layout:0, diag:1, index4:1
trsm_d_csc_u_lo_col_plain called
ict_sparse_d_trsm_plain elasped time : 0.001774[sec]
mkl_trsm columns is 300
mkl_sparse_d_trsm elasped time : 0.002029[sec]

correct!!!
inf-norm = 0.0000000000000213

thread_num : 1
ict_trsm columns is 300
ict_sparse_d_trsm_plain called
trsm_plain, csc , triangular, fill:1 , layout:0, diag:0, index4:2
trsm_d_csc_n_hi_row_plain called
ict_sparse_d_trsm_plain elasped time : 0.002195[sec]
mkl_trsm columns is 300
mkl_sparse_d_trsm elasped time : 0.002859[sec]

Significant numeric error.
inf-norm = 0.0000457763671875

thread_num : 1
ict_trsm columns is 300
ict_sparse_d_trsm_plain called
trsm_plain, csc , triangular, fill:1 , layout:0, diag:1, index4:3
trsm_d_csc_u_hi_row_plain called
ict_sparse_d_trsm_plain elasped time : 0.001455[sec]
mkl_trsm columns is 300
mkl_sparse_d_trsm elasped time : 0.002358[sec]

correct!!!
inf-norm = 0.0000000000000213

thread_num : 1
ict_trsm columns is 300
ict_sparse_d_trsm_plain called
trsm_plain, csc , triangular, fill:0 , layout:1, diag:0, index4:4
trsm_d_csc_n_lo_col_plain called
ict_sparse_d_trsm_plain elasped time : 0.003766[sec]
mkl_trsm columns is 300
mkl_sparse_d_trsm elasped time : 0.002867[sec]

Significant numeric error.
inf-norm = 0.0000004768371582

thread_num : 1
ict_trsm columns is 300
ict_sparse_d_trsm_plain called
trsm_plain, csc , triangular, fill:0 , layout:1, diag:1, index4:5
trsm_d_csc_u_lo_col_plain called
ict_sparse_d_trsm_plain elasped time : 0.003076[sec]
mkl_trsm columns is 300
mkl_sparse_d_trsm elasped time : 0.002680[sec]

correct!!!
inf-norm = 0.0000000000000213

thread_num : 1
ict_trsm columns is 300
ict_sparse_d_trsm_plain called
trsm_plain, csc , triangular, fill:1 , layout:1, diag:0, index4:6
trsm_d_csc_n_hi_col_plain called
ict_sparse_d_trsm_plain elasped time : 0.003115[sec]
mkl_trsm columns is 300
mkl_sparse_d_trsm elasped time : 0.002838[sec]

Significant numeric error.
inf-norm = 0.0000457763671875

thread_num : 1
ict_trsm columns is 300
ict_sparse_d_trsm_plain called
trsm_plain, csc , triangular, fill:1 , layout:1, diag:1, index4:7
trsm_d_csc_u_hi_col_plain called
ict_sparse_d_trsm_plain elasped time : 0.003023[sec]
mkl_trsm columns is 300
mkl_sparse_d_trsm elasped time : 0.002859[sec]

correct!!!
inf-norm = 0.0000000000000142

