./bin/trsm_d_csc_x86_64_test --data-file=Matrix/r_250_250_3045.mtx --typeA=D --diagA=U --layout=R --check
thread_num : 1
ict_trsm columns is 250
ict_sparse_d_trsm_plain called
trsm_plain, csc ,diag, fill:0 , layout:0, diag:1, index2:1
ict_sparse_d_trsm_plain elasped time : 0.000263[sec]
mkl_trsm columns is 250
mkl_sparse_d_trsm elasped time : 0.000020[sec]

Significant numeric error.
inf-norm = 1.9999871421605289

./bin/trsm_d_csc_x86_64_test --data-file=Matrix/r_250_250_3045.mtx --typeA=D --diagA=N --layout=R --check
thread_num : 1
ict_trsm columns is 250
ict_sparse_d_trsm_plain called
trsm_plain, csc ,diag, fill:0 , layout:0, diag:0, index2:0
ict_sparse_d_trsm_plain elasped time : 0.000392[sec]
mkl_trsm columns is 250
mkl_sparse_d_trsm elasped time : 0.000373[sec]

correct!!!
inf-norm = 0.0000000000002274

./bin/trsm_d_csc_x86_64_test --data-file=Matrix/r_250_250_3045.mtx --typeA=D --diagA=U --layout=C --check
thread_num : 1
ict_trsm columns is 250
ict_sparse_d_trsm_plain called
trsm_plain, csc ,diag, fill:0 , layout:1, diag:1, index2:3
ict_sparse_d_trsm_plain elasped time : 0.000283[sec]
mkl_trsm columns is 250
mkl_sparse_d_trsm elasped time : 0.000019[sec]

Significant numeric error.
inf-norm = 1.9999871421605289

./bin/trsm_d_csc_x86_64_test --data-file=Matrix/r_250_250_3045.mtx --typeA=D --diagA=N --layout=C --check
thread_num : 1
ict_trsm columns is 250
ict_sparse_d_trsm_plain called
trsm_plain, csc ,diag, fill:0 , layout:1, diag:0, index2:2
ict_sparse_d_trsm_plain elasped time : 0.000401[sec]
mkl_trsm columns is 250
mkl_sparse_d_trsm elasped time : 0.000377[sec]

correct!!!
inf-norm = 0.0000000000002274

thread_num : 1
ict_trsm columns is 250
ict_sparse_d_trsm_plain called
trsm_plain, csc , triangular, fill:0 , layout:0, diag:0, index4:0
trsm_d_csc_n_lo_row_plain called
ict_sparse_d_trsm_plain elasped time : 0.000753[sec]
mkl_trsm columns is 250
mkl_sparse_d_trsm elasped time : 0.000664[sec]

Significant numeric error.
inf-norm = 0.0273437500000000

thread_num : 1
ict_trsm columns is 250
ict_sparse_d_trsm_plain called
trsm_plain, csc , triangular, fill:0 , layout:0, diag:1, index4:1
trsm_d_csc_u_lo_col_plain called
ict_sparse_d_trsm_plain elasped time : 0.000581[sec]
mkl_trsm columns is 250
mkl_sparse_d_trsm elasped time : 0.000680[sec]

correct!!!
inf-norm = 0.0000000000000089

thread_num : 1
ict_trsm columns is 250
ict_sparse_d_trsm_plain called
trsm_plain, csc , triangular, fill:1 , layout:0, diag:0, index4:2
trsm_d_csc_n_hi_row_plain called
ict_sparse_d_trsm_plain elasped time : 0.000754[sec]
mkl_trsm columns is 250
mkl_sparse_d_trsm elasped time : 0.000920[sec]

Significant numeric error.
inf-norm = 0.0000267028808594

thread_num : 1
ict_trsm columns is 250
ict_sparse_d_trsm_plain called
trsm_plain, csc , triangular, fill:1 , layout:0, diag:1, index4:3
trsm_d_csc_u_hi_row_plain called
ict_sparse_d_trsm_plain elasped time : 0.000586[sec]
mkl_trsm columns is 250
mkl_sparse_d_trsm elasped time : 0.000885[sec]

correct!!!
inf-norm = 0.0000000000000107

thread_num : 1
ict_trsm columns is 250
ict_sparse_d_trsm_plain called
trsm_plain, csc , triangular, fill:0 , layout:1, diag:0, index4:4
trsm_d_csc_n_lo_col_plain called
ict_sparse_d_trsm_plain elasped time : 0.001509[sec]
mkl_trsm columns is 250
mkl_sparse_d_trsm elasped time : 0.001002[sec]

Significant numeric error.
inf-norm = 0.0234375000000000

thread_num : 1
ict_trsm columns is 250
ict_sparse_d_trsm_plain called
trsm_plain, csc , triangular, fill:0 , layout:1, diag:1, index4:5
trsm_d_csc_u_lo_col_plain called
ict_sparse_d_trsm_plain elasped time : 0.001461[sec]
mkl_trsm columns is 250
mkl_sparse_d_trsm elasped time : 0.000997[sec]

correct!!!
inf-norm = 0.0000000000000071

thread_num : 1
ict_trsm columns is 250
ict_sparse_d_trsm_plain called
trsm_plain, csc , triangular, fill:1 , layout:1, diag:0, index4:6
trsm_d_csc_n_hi_col_plain called
ict_sparse_d_trsm_plain elasped time : 0.001567[sec]
mkl_trsm columns is 250
mkl_sparse_d_trsm elasped time : 0.001245[sec]

Significant numeric error.
inf-norm = 0.0000305175781250

thread_num : 1
ict_trsm columns is 250
ict_sparse_d_trsm_plain called
trsm_plain, csc , triangular, fill:1 , layout:1, diag:1, index4:7
trsm_d_csc_u_hi_col_plain called
ict_sparse_d_trsm_plain elasped time : 0.001647[sec]
mkl_trsm columns is 250
mkl_sparse_d_trsm elasped time : 0.001250[sec]

correct!!!
inf-norm = 0.0000000000000124

