./bin/trsm_s_csc_x86_64_test --data-file=Matrix/r_250_250_3045.mtx --typeA=D --diagA=U --layout=R --check
thread_num : 1
the args are
./bin/trsm_s_csc_x86_64_test,--data-file=Matrix/r_250_250_3045.mtx,--typeA=D,--diagA=U,--layout=R,--check,
ict_sparse_s_trsm_plain elasped time : 0.000248[sec]
mkl_sparse_s_trsm elasped time : 0.000035[sec]

Significant numeric error.
inf-norm = 1.9999871253967285

./bin/trsm_s_csc_x86_64_test --data-file=Matrix/r_250_250_3045.mtx --typeA=D --diagA=N --layout=R --check
thread_num : 1
the args are
./bin/trsm_s_csc_x86_64_test,--data-file=Matrix/r_250_250_3045.mtx,--typeA=D,--diagA=N,--layout=R,--check,
ict_sparse_s_trsm_plain elasped time : 0.000252[sec]
mkl_sparse_s_trsm elasped time : 0.000352[sec]

correct!!!
inf-norm = 0.0000305175781250

./bin/trsm_s_csc_x86_64_test --data-file=Matrix/r_250_250_3045.mtx --typeA=D --diagA=U --layout=C --check
thread_num : 1
the args are
./bin/trsm_s_csc_x86_64_test,--data-file=Matrix/r_250_250_3045.mtx,--typeA=D,--diagA=U,--layout=C,--check,
ict_sparse_s_trsm_plain elasped time : 0.000185[sec]
mkl_sparse_s_trsm elasped time : 0.000030[sec]

Significant numeric error.
inf-norm = 1.9999871253967285

./bin/trsm_s_csc_x86_64_test --data-file=Matrix/r_250_250_3045.mtx --typeA=D --diagA=N --layout=C --check
thread_num : 1
the args are
./bin/trsm_s_csc_x86_64_test,--data-file=Matrix/r_250_250_3045.mtx,--typeA=D,--diagA=N,--layout=C,--check,
ict_sparse_s_trsm_plain elasped time : 0.000191[sec]
mkl_sparse_s_trsm elasped time : 0.000372[sec]

correct!!!
inf-norm = 0.0000305175781250

thread_num : 1
the args are
./bin/trsm_s_csc_x86_64_test,--data-file=Matrix/r_250_250_3045.mtx,--typeA=T,--fillA=L,--diagA=N,--layout=R,--transA=N,--check,
trsm_s_csc_n_lo_row_plain called
ict_sparse_s_trsm_plain elasped time : 0.000439[sec]
mkl_sparse_s_trsm elasped time : 0.000863[sec]

Significant numeric error.
inf-norm = 16777216.0000000000000000

thread_num : 1
the args are
./bin/trsm_s_csc_x86_64_test,--data-file=Matrix/r_250_250_3045.mtx,--typeA=T,--fillA=L,--diagA=U,--layout=R,--transA=N,--check,
trsm_s_csc_u_lo_row_plain called
ict_sparse_s_trsm_plain elasped time : 0.000371[sec]
mkl_sparse_s_trsm elasped time : 0.000772[sec]

correct!!!
inf-norm = 0.0000038146972656

thread_num : 1
the args are
./bin/trsm_s_csc_x86_64_test,--data-file=Matrix/r_250_250_3045.mtx,--typeA=T,--fillA=U,--diagA=N,--layout=R,--transA=N,--check,
trsm_s_csc_n_hi_row_plain called
ict_sparse_s_trsm_plain elasped time : 0.000411[sec]
mkl_sparse_s_trsm elasped time : 0.001266[sec]

Significant numeric error.
inf-norm = 10240.0000000000000000

thread_num : 1
the args are
./bin/trsm_s_csc_x86_64_test,--data-file=Matrix/r_250_250_3045.mtx,--typeA=T,--fillA=U,--diagA=U,--layout=R,--transA=N,--check,
trsm_s_csc_u_hi_row_plain called
ict_sparse_s_trsm_plain elasped time : 0.000356[sec]
mkl_sparse_s_trsm elasped time : 0.001338[sec]

correct!!!
inf-norm = 0.0000076293945312

thread_num : 1
the args are
./bin/trsm_s_csc_x86_64_test,--data-file=Matrix/r_250_250_3045.mtx,--typeA=T,--fillA=L,--diagA=N,--layout=C,--transA=N,--check,
trsm_s_csc_n_lo_col_plain called
ict_sparse_s_trsm_plain elasped time : 0.001402[sec]
mkl_sparse_s_trsm elasped time : 0.001057[sec]

Significant numeric error.
inf-norm = 16777216.0000000000000000

thread_num : 1
the args are
./bin/trsm_s_csc_x86_64_test,--data-file=Matrix/r_250_250_3045.mtx,--typeA=T,--fillA=L,--diagA=U,--layout=C,--transA=N,--check,
trsm_s_csc_u_lo_col_plain called
ict_sparse_s_trsm_plain elasped time : 0.001713[sec]
mkl_sparse_s_trsm elasped time : 0.001079[sec]

correct!!!
inf-norm = 0.0000033378601074

thread_num : 1
the args are
./bin/trsm_s_csc_x86_64_test,--data-file=Matrix/r_250_250_3045.mtx,--typeA=T,--fillA=U,--diagA=N,--layout=C,--transA=N,--check,
trsm_s_csc_n_hi_col_plain called
ict_sparse_s_trsm_plain elasped time : 0.002744[sec]
mkl_sparse_s_trsm elasped time : 0.001803[sec]

Significant numeric error.
inf-norm = 16384.0000000000000000

thread_num : 1
the args are
./bin/trsm_s_csc_x86_64_test,--data-file=Matrix/r_250_250_3045.mtx,--typeA=T,--fillA=U,--diagA=U,--layout=C,--transA=N,--check,
trsm_s_csc_u_hi_col_plain called
ict_sparse_s_trsm_plain elasped time : 0.002521[sec]
mkl_sparse_s_trsm elasped time : 0.001931[sec]

correct!!!
inf-norm = 0.0000057220458984

